info: Server started at http://localhost:3000/api/v1/ {"timestamp":"2022-01-10T07:49:41.375Z"}
info: Connected to the database. {"timestamp":"2022-01-10T07:49:50.714Z"}
info: Server started at http://localhost:3000/api/v1/ {"timestamp":"2022-01-10T07:57:10.084Z"}
info: Connected to the database. {"timestamp":"2022-01-10T07:57:18.674Z"}
error: uncaughtException: listen EADDRINUSE: address already in use :::3000
Error: listen EADDRINUSE: address already in use :::3000
    at Server.setupListenHandle [as _listen2] (node:net:1334:16)
    at listenInCluster (node:net:1382:12)
    at Server.listen (node:net:1469:7)
    at Function.listen (C:\EmpPayRoll\EmpPay\node_modules\express\lib\application.js:618:24)
    at Object.<anonymous> (C:\EmpPayRoll\EmpPay\src\/index.js:37:5)
    at Module._compile (node:internal/modules/cjs/loader:1101:14)
    at Module._compile (C:\EmpPayRoll\EmpPay\node_modules\pirates\lib\index.js:136:24)
    at Module._extensions..js (node:internal/modules/cjs/loader:1153:10)
    at Object.newLoader [as .js] (C:\EmpPayRoll\EmpPay\node_modules\pirates\lib\index.js:141:7)
    at Module.load (node:internal/modules/cjs/loader:981:32)
    at Function.Module._load (node:internal/modules/cjs/loader:822:12)
    at Function.executeUserEntryPoint [as runMain] (node:internal/modules/run_main:81:12)
    at Object.<anonymous> (C:\EmpPayRoll\EmpPay\node_modules\@babel\node\lib\_babel-node.js:176:21)
    at Module._compile (node:internal/modules/cjs/loader:1101:14)
    at Object.Module._extensions..js (node:internal/modules/cjs/loader:1153:10)
    at Module.load (node:internal/modules/cjs/loader:981:32) {"date":"Mon Jan 10 2022 13:29:35 GMT+0530 (India Standard Time)","error":{"address":"::","code":"EADDRINUSE","errno":-4091,"port":3000,"syscall":"listen"},"exception":true,"os":{"loadavg":[0,0,0],"uptime":1231177},"process":{"argv":["node","C:\\EmpPayRoll\\EmpPay\\src\\index.js"],"cwd":"C:\\EmpPayRoll\\EmpPay","execPath":"C:\\Program Files\\nodejs\\node.exe","gid":null,"memoryUsage":{"arrayBuffers":19043363,"external":25840688,"heapTotal":89694208,"heapUsed":70188928,"rss":124219392},"pid":40568,"uid":null,"version":"v16.13.1"},"stack":"Error: listen EADDRINUSE: address already in use :::3000\n    at Server.setupListenHandle [as _listen2] (node:net:1334:16)\n    at listenInCluster (node:net:1382:12)\n    at Server.listen (node:net:1469:7)\n    at Function.listen (C:\\EmpPayRoll\\EmpPay\\node_modules\\express\\lib\\application.js:618:24)\n    at Object.<anonymous> (C:\\EmpPayRoll\\EmpPay\\src\\/index.js:37:5)\n    at Module._compile (node:internal/modules/cjs/loader:1101:14)\n    at Module._compile (C:\\EmpPayRoll\\EmpPay\\node_modules\\pirates\\lib\\index.js:136:24)\n    at Module._extensions..js (node:internal/modules/cjs/loader:1153:10)\n    at Object.newLoader [as .js] (C:\\EmpPayRoll\\EmpPay\\node_modules\\pirates\\lib\\index.js:141:7)\n    at Module.load (node:internal/modules/cjs/loader:981:32)\n    at Function.Module._load (node:internal/modules/cjs/loader:822:12)\n    at Function.executeUserEntryPoint [as runMain] (node:internal/modules/run_main:81:12)\n    at Object.<anonymous> (C:\\EmpPayRoll\\EmpPay\\node_modules\\@babel\\node\\lib\\_babel-node.js:176:21)\n    at Module._compile (node:internal/modules/cjs/loader:1101:14)\n    at Object.Module._extensions..js (node:internal/modules/cjs/loader:1153:10)\n    at Module.load (node:internal/modules/cjs/loader:981:32)","timestamp":"2022-01-10T07:59:35.514Z","trace":[{"column":16,"file":"node:net","function":"Server.setupListenHandle [as _listen2]","line":1334,"method":"setupListenHandle [as _listen2]","native":false},{"column":12,"file":"node:net","function":"listenInCluster","line":1382,"method":null,"native":false},{"column":7,"file":"node:net","function":"Server.listen","line":1469,"method":"listen","native":false},{"column":24,"file":"C:\\EmpPayRoll\\EmpPay\\node_modules\\express\\lib\\application.js","function":"Function.listen","line":618,"method":"listen","native":false},{"column":5,"file":"C:\\EmpPayRoll\\EmpPay\\src\\/index.js","function":null,"line":37,"method":null,"native":false},{"column":14,"file":"node:internal/modules/cjs/loader","function":"Module._compile","line":1101,"method":"_compile","native":false},{"column":24,"file":"C:\\EmpPayRoll\\EmpPay\\node_modules\\pirates\\lib\\index.js","function":"Module._compile","line":136,"method":"_compile","native":false},{"column":10,"file":"node:internal/modules/cjs/loader","function":"Module._extensions..js","line":1153,"method":".js","native":false},{"column":7,"file":"C:\\EmpPayRoll\\EmpPay\\node_modules\\pirates\\lib\\index.js","function":"Object.newLoader [as .js]","line":141,"method":"js]","native":false},{"column":32,"file":"node:internal/modules/cjs/loader","function":"Module.load","line":981,"method":"load","native":false},{"column":12,"file":"node:internal/modules/cjs/loader","function":"Module._load","line":822,"method":"_load","native":false},{"column":12,"file":"node:internal/modules/run_main","function":"Function.executeUserEntryPoint [as runMain]","line":81,"method":"executeUserEntryPoint [as runMain]","native":false},{"column":21,"file":"C:\\EmpPayRoll\\EmpPay\\node_modules\\@babel\\node\\lib\\_babel-node.js","function":null,"line":176,"method":null,"native":false},{"column":14,"file":"node:internal/modules/cjs/loader","function":"Module._compile","line":1101,"method":"_compile","native":false},{"column":10,"file":"node:internal/modules/cjs/loader","function":"Module._extensions..js","line":1153,"method":".js","native":false},{"column":32,"file":"node:internal/modules/cjs/loader","function":"Module.load","line":981,"method":"load","native":false}]}
info: Server started at http://localhost:5577/api/v1/ {"timestamp":"2022-01-10T08:00:45.931Z"}
info: Connected to the database. {"timestamp":"2022-01-10T08:00:54.738Z"}
info: Server started at http://localhost:5577/api/v1/ {"timestamp":"2022-01-10T08:02:55.914Z"}
info: Connected to the database. {"timestamp":"2022-01-10T08:03:04.247Z"}
error: uncaughtException: listen EADDRINUSE: address already in use :::5577
Error: listen EADDRINUSE: address already in use :::5577
    at Server.setupListenHandle [as _listen2] (node:net:1334:16)
    at listenInCluster (node:net:1382:12)
    at Server.listen (node:net:1469:7)
    at Function.listen (C:\EmpPayRoll\EmpPay\node_modules\express\lib\application.js:618:24)
    at Object.<anonymous> (C:\EmpPayRoll\EmpPay\src\/index.js:37:5)
    at Module._compile (node:internal/modules/cjs/loader:1101:14)
    at Module._compile (C:\EmpPayRoll\EmpPay\node_modules\pirates\lib\index.js:136:24)
    at Module._extensions..js (node:internal/modules/cjs/loader:1153:10)
    at Object.newLoader [as .js] (C:\EmpPayRoll\EmpPay\node_modules\pirates\lib\index.js:141:7)
    at Module.load (node:internal/modules/cjs/loader:981:32)
    at Function.Module._load (node:internal/modules/cjs/loader:822:12)
    at Function.executeUserEntryPoint [as runMain] (node:internal/modules/run_main:81:12)
    at Object.<anonymous> (C:\EmpPayRoll\EmpPay\node_modules\@babel\node\lib\_babel-node.js:176:21)
    at Module._compile (node:internal/modules/cjs/loader:1101:14)
    at Object.Module._extensions..js (node:internal/modules/cjs/loader:1153:10)
    at Module.load (node:internal/modules/cjs/loader:981:32) {"date":"Mon Jan 10 2022 13:33:47 GMT+0530 (India Standard Time)","error":{"address":"::","code":"EADDRINUSE","errno":-4091,"port":5577,"syscall":"listen"},"exception":true,"os":{"loadavg":[0,0,0],"uptime":1231429},"process":{"argv":["node","C:\\EmpPayRoll\\EmpPay\\src\\index.js"],"cwd":"C:\\EmpPayRoll\\EmpPay","execPath":"C:\\Program Files\\nodejs\\node.exe","gid":null,"memoryUsage":{"arrayBuffers":19043363,"external":25840688,"heapTotal":89432064,"heapUsed":69859288,"rss":124030976},"pid":27208,"uid":null,"version":"v16.13.1"},"stack":"Error: listen EADDRINUSE: address already in use :::5577\n    at Server.setupListenHandle [as _listen2] (node:net:1334:16)\n    at listenInCluster (node:net:1382:12)\n    at Server.listen (node:net:1469:7)\n    at Function.listen (C:\\EmpPayRoll\\EmpPay\\node_modules\\express\\lib\\application.js:618:24)\n    at Object.<anonymous> (C:\\EmpPayRoll\\EmpPay\\src\\/index.js:37:5)\n    at Module._compile (node:internal/modules/cjs/loader:1101:14)\n    at Module._compile (C:\\EmpPayRoll\\EmpPay\\node_modules\\pirates\\lib\\index.js:136:24)\n    at Module._extensions..js (node:internal/modules/cjs/loader:1153:10)\n    at Object.newLoader [as .js] (C:\\EmpPayRoll\\EmpPay\\node_modules\\pirates\\lib\\index.js:141:7)\n    at Module.load (node:internal/modules/cjs/loader:981:32)\n    at Function.Module._load (node:internal/modules/cjs/loader:822:12)\n    at Function.executeUserEntryPoint [as runMain] (node:internal/modules/run_main:81:12)\n    at Object.<anonymous> (C:\\EmpPayRoll\\EmpPay\\node_modules\\@babel\\node\\lib\\_babel-node.js:176:21)\n    at Module._compile (node:internal/modules/cjs/loader:1101:14)\n    at Object.Module._extensions..js (node:internal/modules/cjs/loader:1153:10)\n    at Module.load (node:internal/modules/cjs/loader:981:32)","timestamp":"2022-01-10T08:03:48.026Z","trace":[{"column":16,"file":"node:net","function":"Server.setupListenHandle [as _listen2]","line":1334,"method":"setupListenHandle [as _listen2]","native":false},{"column":12,"file":"node:net","function":"listenInCluster","line":1382,"method":null,"native":false},{"column":7,"file":"node:net","function":"Server.listen","line":1469,"method":"listen","native":false},{"column":24,"file":"C:\\EmpPayRoll\\EmpPay\\node_modules\\express\\lib\\application.js","function":"Function.listen","line":618,"method":"listen","native":false},{"column":5,"file":"C:\\EmpPayRoll\\EmpPay\\src\\/index.js","function":null,"line":37,"method":null,"native":false},{"column":14,"file":"node:internal/modules/cjs/loader","function":"Module._compile","line":1101,"method":"_compile","native":false},{"column":24,"file":"C:\\EmpPayRoll\\EmpPay\\node_modules\\pirates\\lib\\index.js","function":"Module._compile","line":136,"method":"_compile","native":false},{"column":10,"file":"node:internal/modules/cjs/loader","function":"Module._extensions..js","line":1153,"method":".js","native":false},{"column":7,"file":"C:\\EmpPayRoll\\EmpPay\\node_modules\\pirates\\lib\\index.js","function":"Object.newLoader [as .js]","line":141,"method":"js]","native":false},{"column":32,"file":"node:internal/modules/cjs/loader","function":"Module.load","line":981,"method":"load","native":false},{"column":12,"file":"node:internal/modules/cjs/loader","function":"Module._load","line":822,"method":"_load","native":false},{"column":12,"file":"node:internal/modules/run_main","function":"Function.executeUserEntryPoint [as runMain]","line":81,"method":"executeUserEntryPoint [as runMain]","native":false},{"column":21,"file":"C:\\EmpPayRoll\\EmpPay\\node_modules\\@babel\\node\\lib\\_babel-node.js","function":null,"line":176,"method":null,"native":false},{"column":14,"file":"node:internal/modules/cjs/loader","function":"Module._compile","line":1101,"method":"_compile","native":false},{"column":10,"file":"node:internal/modules/cjs/loader","function":"Module._extensions..js","line":1153,"method":".js","native":false},{"column":32,"file":"node:internal/modules/cjs/loader","function":"Module.load","line":981,"method":"load","native":false}]}
info: Server started at http://localhost:5566/api/v1/ {"timestamp":"2022-01-10T08:04:42.256Z"}
info: Server started at http://localhost:5566/api/v1/ {"timestamp":"2022-01-10T08:04:59.667Z"}
info: Connected to the database. {"timestamp":"2022-01-10T08:05:07.914Z"}
error: uncaughtException: listen EADDRINUSE: address already in use :::5566
Error: listen EADDRINUSE: address already in use :::5566
    at Server.setupListenHandle [as _listen2] (node:net:1334:16)
    at listenInCluster (node:net:1382:12)
    at Server.listen (node:net:1469:7)
    at Function.listen (C:\EmpPayRoll\EmpPay\node_modules\express\lib\application.js:618:24)
    at Object.<anonymous> (C:\EmpPayRoll\EmpPay\src\/index.js:37:5)
    at Module._compile (node:internal/modules/cjs/loader:1101:14)
    at Module._compile (C:\EmpPayRoll\EmpPay\node_modules\pirates\lib\index.js:136:24)
    at Module._extensions..js (node:internal/modules/cjs/loader:1153:10)
    at Object.newLoader [as .js] (C:\EmpPayRoll\EmpPay\node_modules\pirates\lib\index.js:141:7)
    at Module.load (node:internal/modules/cjs/loader:981:32)
    at Function.Module._load (node:internal/modules/cjs/loader:822:12)
    at Function.executeUserEntryPoint [as runMain] (node:internal/modules/run_main:81:12)
    at Object.<anonymous> (C:\EmpPayRoll\EmpPay\node_modules\@babel\node\lib\_babel-node.js:176:21)
    at Module._compile (node:internal/modules/cjs/loader:1101:14)
    at Object.Module._extensions..js (node:internal/modules/cjs/loader:1153:10)
    at Module.load (node:internal/modules/cjs/loader:981:32) {"date":"Mon Jan 10 2022 13:36:11 GMT+0530 (India Standard Time)","error":{"address":"::","code":"EADDRINUSE","errno":-4091,"port":5566,"syscall":"listen"},"exception":true,"os":{"loadavg":[0,0,0],"uptime":1231573},"process":{"argv":["node","C:\\EmpPayRoll\\EmpPay\\src\\index.js"],"cwd":"C:\\EmpPayRoll\\EmpPay","execPath":"C:\\Program Files\\nodejs\\node.exe","gid":null,"memoryUsage":{"arrayBuffers":19043363,"external":25840688,"heapTotal":90411008,"heapUsed":70341184,"rss":124002304},"pid":39312,"uid":null,"version":"v16.13.1"},"stack":"Error: listen EADDRINUSE: address already in use :::5566\n    at Server.setupListenHandle [as _listen2] (node:net:1334:16)\n    at listenInCluster (node:net:1382:12)\n    at Server.listen (node:net:1469:7)\n    at Function.listen (C:\\EmpPayRoll\\EmpPay\\node_modules\\express\\lib\\application.js:618:24)\n    at Object.<anonymous> (C:\\EmpPayRoll\\EmpPay\\src\\/index.js:37:5)\n    at Module._compile (node:internal/modules/cjs/loader:1101:14)\n    at Module._compile (C:\\EmpPayRoll\\EmpPay\\node_modules\\pirates\\lib\\index.js:136:24)\n    at Module._extensions..js (node:internal/modules/cjs/loader:1153:10)\n    at Object.newLoader [as .js] (C:\\EmpPayRoll\\EmpPay\\node_modules\\pirates\\lib\\index.js:141:7)\n    at Module.load (node:internal/modules/cjs/loader:981:32)\n    at Function.Module._load (node:internal/modules/cjs/loader:822:12)\n    at Function.executeUserEntryPoint [as runMain] (node:internal/modules/run_main:81:12)\n    at Object.<anonymous> (C:\\EmpPayRoll\\EmpPay\\node_modules\\@babel\\node\\lib\\_babel-node.js:176:21)\n    at Module._compile (node:internal/modules/cjs/loader:1101:14)\n    at Object.Module._extensions..js (node:internal/modules/cjs/loader:1153:10)\n    at Module.load (node:internal/modules/cjs/loader:981:32)","timestamp":"2022-01-10T08:06:11.862Z","trace":[{"column":16,"file":"node:net","function":"Server.setupListenHandle [as _listen2]","line":1334,"method":"setupListenHandle [as _listen2]","native":false},{"column":12,"file":"node:net","function":"listenInCluster","line":1382,"method":null,"native":false},{"column":7,"file":"node:net","function":"Server.listen","line":1469,"method":"listen","native":false},{"column":24,"file":"C:\\EmpPayRoll\\EmpPay\\node_modules\\express\\lib\\application.js","function":"Function.listen","line":618,"method":"listen","native":false},{"column":5,"file":"C:\\EmpPayRoll\\EmpPay\\src\\/index.js","function":null,"line":37,"method":null,"native":false},{"column":14,"file":"node:internal/modules/cjs/loader","function":"Module._compile","line":1101,"method":"_compile","native":false},{"column":24,"file":"C:\\EmpPayRoll\\EmpPay\\node_modules\\pirates\\lib\\index.js","function":"Module._compile","line":136,"method":"_compile","native":false},{"column":10,"file":"node:internal/modules/cjs/loader","function":"Module._extensions..js","line":1153,"method":".js","native":false},{"column":7,"file":"C:\\EmpPayRoll\\EmpPay\\node_modules\\pirates\\lib\\index.js","function":"Object.newLoader [as .js]","line":141,"method":"js]","native":false},{"column":32,"file":"node:internal/modules/cjs/loader","function":"Module.load","line":981,"method":"load","native":false},{"column":12,"file":"node:internal/modules/cjs/loader","function":"Module._load","line":822,"method":"_load","native":false},{"column":12,"file":"node:internal/modules/run_main","function":"Function.executeUserEntryPoint [as runMain]","line":81,"method":"executeUserEntryPoint [as runMain]","native":false},{"column":21,"file":"C:\\EmpPayRoll\\EmpPay\\node_modules\\@babel\\node\\lib\\_babel-node.js","function":null,"line":176,"method":null,"native":false},{"column":14,"file":"node:internal/modules/cjs/loader","function":"Module._compile","line":1101,"method":"_compile","native":false},{"column":10,"file":"node:internal/modules/cjs/loader","function":"Module._extensions..js","line":1153,"method":".js","native":false},{"column":32,"file":"node:internal/modules/cjs/loader","function":"Module.load","line":981,"method":"load","native":false}]}
info: Server started at http://localhost:5599/api/v1/ {"timestamp":"2022-01-10T08:06:43.799Z"}
info: Connected to the database. {"timestamp":"2022-01-10T08:06:52.301Z"}
info: Server started at http://localhost:5599/api/v1/ {"timestamp":"2022-01-10T08:07:59.723Z"}
info: Connected to the database. {"timestamp":"2022-01-10T08:08:08.215Z"}
info: Server started at http://localhost:5599/api/v1/ {"timestamp":"2022-01-10T08:13:04.422Z"}
info: Connected to the database. {"timestamp":"2022-01-10T08:13:13.574Z"}
info: Server started at http://localhost:5599/api/v1/ {"timestamp":"2022-01-10T08:18:40.705Z"}
info: Connected to the database. {"timestamp":"2022-01-10T08:18:49.145Z"}
info: Server started at http://localhost:5599/api/v1/ {"timestamp":"2022-01-10T08:19:46.397Z"}
info: Server started at http://localhost:5599/api/v1/ {"timestamp":"2022-01-10T08:31:19.147Z"}
info: Connected to the database. {"timestamp":"2022-01-10T08:31:28.634Z"}
info: Server started at http://localhost:5599/api/v1/ {"timestamp":"2022-01-10T08:33:40.778Z"}
info: Connected to the database. {"timestamp":"2022-01-10T08:33:49.461Z"}
info: Server started at http://localhost:5599/api/v1/ {"timestamp":"2022-01-10T08:34:26.972Z"}
info: Connected to the database. {"timestamp":"2022-01-10T08:34:35.062Z"}
error: uncaughtException: listen EADDRINUSE: address already in use :::5599
Error: listen EADDRINUSE: address already in use :::5599
    at Server.setupListenHandle [as _listen2] (node:net:1334:16)
    at listenInCluster (node:net:1382:12)
    at Server.listen (node:net:1469:7)
    at Function.listen (C:\EmpPayRoll\EmpPay\node_modules\express\lib\application.js:618:24)
    at Object.<anonymous> (C:\EmpPayRoll\EmpPay\src\/index.js:37:5)
    at Module._compile (node:internal/modules/cjs/loader:1101:14)
    at Module._compile (C:\EmpPayRoll\EmpPay\node_modules\pirates\lib\index.js:136:24)
    at Module._extensions..js (node:internal/modules/cjs/loader:1153:10)
    at Object.newLoader [as .js] (C:\EmpPayRoll\EmpPay\node_modules\pirates\lib\index.js:141:7)
    at Module.load (node:internal/modules/cjs/loader:981:32)
    at Function.Module._load (node:internal/modules/cjs/loader:822:12)
    at Function.executeUserEntryPoint [as runMain] (node:internal/modules/run_main:81:12)
    at Object.<anonymous> (C:\EmpPayRoll\EmpPay\node_modules\@babel\node\lib\_babel-node.js:176:21)
    at Module._compile (node:internal/modules/cjs/loader:1101:14)
    at Object.Module._extensions..js (node:internal/modules/cjs/loader:1153:10)
    at Module.load (node:internal/modules/cjs/loader:981:32) {"date":"Mon Jan 10 2022 14:05:18 GMT+0530 (India Standard Time)","error":{"address":"::","code":"EADDRINUSE","errno":-4091,"port":5599,"syscall":"listen"},"exception":true,"os":{"loadavg":[0,0,0],"uptime":1233320},"process":{"argv":["node","C:\\EmpPayRoll\\EmpPay\\src\\index.js"],"cwd":"C:\\EmpPayRoll\\EmpPay","execPath":"C:\\Program Files\\nodejs\\node.exe","gid":null,"memoryUsage":{"arrayBuffers":18365180,"external":25834082,"heapTotal":91668480,"heapUsed":62180128,"rss":125882368},"pid":26348,"uid":null,"version":"v16.13.1"},"stack":"Error: listen EADDRINUSE: address already in use :::5599\n    at Server.setupListenHandle [as _listen2] (node:net:1334:16)\n    at listenInCluster (node:net:1382:12)\n    at Server.listen (node:net:1469:7)\n    at Function.listen (C:\\EmpPayRoll\\EmpPay\\node_modules\\express\\lib\\application.js:618:24)\n    at Object.<anonymous> (C:\\EmpPayRoll\\EmpPay\\src\\/index.js:37:5)\n    at Module._compile (node:internal/modules/cjs/loader:1101:14)\n    at Module._compile (C:\\EmpPayRoll\\EmpPay\\node_modules\\pirates\\lib\\index.js:136:24)\n    at Module._extensions..js (node:internal/modules/cjs/loader:1153:10)\n    at Object.newLoader [as .js] (C:\\EmpPayRoll\\EmpPay\\node_modules\\pirates\\lib\\index.js:141:7)\n    at Module.load (node:internal/modules/cjs/loader:981:32)\n    at Function.Module._load (node:internal/modules/cjs/loader:822:12)\n    at Function.executeUserEntryPoint [as runMain] (node:internal/modules/run_main:81:12)\n    at Object.<anonymous> (C:\\EmpPayRoll\\EmpPay\\node_modules\\@babel\\node\\lib\\_babel-node.js:176:21)\n    at Module._compile (node:internal/modules/cjs/loader:1101:14)\n    at Object.Module._extensions..js (node:internal/modules/cjs/loader:1153:10)\n    at Module.load (node:internal/modules/cjs/loader:981:32)","timestamp":"2022-01-10T08:35:18.853Z","trace":[{"column":16,"file":"node:net","function":"Server.setupListenHandle [as _listen2]","line":1334,"method":"setupListenHandle [as _listen2]","native":false},{"column":12,"file":"node:net","function":"listenInCluster","line":1382,"method":null,"native":false},{"column":7,"file":"node:net","function":"Server.listen","line":1469,"method":"listen","native":false},{"column":24,"file":"C:\\EmpPayRoll\\EmpPay\\node_modules\\express\\lib\\application.js","function":"Function.listen","line":618,"method":"listen","native":false},{"column":5,"file":"C:\\EmpPayRoll\\EmpPay\\src\\/index.js","function":null,"line":37,"method":null,"native":false},{"column":14,"file":"node:internal/modules/cjs/loader","function":"Module._compile","line":1101,"method":"_compile","native":false},{"column":24,"file":"C:\\EmpPayRoll\\EmpPay\\node_modules\\pirates\\lib\\index.js","function":"Module._compile","line":136,"method":"_compile","native":false},{"column":10,"file":"node:internal/modules/cjs/loader","function":"Module._extensions..js","line":1153,"method":".js","native":false},{"column":7,"file":"C:\\EmpPayRoll\\EmpPay\\node_modules\\pirates\\lib\\index.js","function":"Object.newLoader [as .js]","line":141,"method":"js]","native":false},{"column":32,"file":"node:internal/modules/cjs/loader","function":"Module.load","line":981,"method":"load","native":false},{"column":12,"file":"node:internal/modules/cjs/loader","function":"Module._load","line":822,"method":"_load","native":false},{"column":12,"file":"node:internal/modules/run_main","function":"Function.executeUserEntryPoint [as runMain]","line":81,"method":"executeUserEntryPoint [as runMain]","native":false},{"column":21,"file":"C:\\EmpPayRoll\\EmpPay\\node_modules\\@babel\\node\\lib\\_babel-node.js","function":null,"line":176,"method":null,"native":false},{"column":14,"file":"node:internal/modules/cjs/loader","function":"Module._compile","line":1101,"method":"_compile","native":false},{"column":10,"file":"node:internal/modules/cjs/loader","function":"Module._extensions..js","line":1153,"method":".js","native":false},{"column":32,"file":"node:internal/modules/cjs/loader","function":"Module.load","line":981,"method":"load","native":false}]}
info: Server started at http://localhost:5599/api/v1/ {"timestamp":"2022-01-10T08:43:59.060Z"}
info: Connected to the database. {"timestamp":"2022-01-10T08:44:07.531Z"}
info: Server started at http://localhost:5599/api/v1/ {"timestamp":"2022-01-10T08:45:41.593Z"}
info: Connected to the database. {"timestamp":"2022-01-10T08:45:49.972Z"}
info: Server started at http://localhost:5599/api/v1/ {"timestamp":"2022-01-10T08:50:14.048Z"}
info: Connected to the database. {"timestamp":"2022-01-10T08:50:22.824Z"}
info: Server started at http://localhost:5599/api/v1/ {"timestamp":"2022-01-10T08:54:14.733Z"}
info: Connected to the database. {"timestamp":"2022-01-10T08:54:23.295Z"}
info: Server started at http://localhost:5599/api/v1/ {"timestamp":"2022-01-10T09:16:45.969Z"}
info: Connected to the database. {"timestamp":"2022-01-10T09:16:54.716Z"}
info: Server started at http://localhost:5599/api/v1/ {"timestamp":"2022-01-10T09:27:42.179Z"}
info: Connected to the database. {"timestamp":"2022-01-10T09:27:50.523Z"}
info: Server started at http://localhost:5599/api/v1/ {"timestamp":"2022-01-10T09:31:12.491Z"}
info: Connected to the database. {"timestamp":"2022-01-10T09:31:21.030Z"}
info: Server started at http://localhost:5599/api/v1/ {"timestamp":"2022-01-10T09:36:31.522Z"}
info: Connected to the database. {"timestamp":"2022-01-10T09:36:40.093Z"}
info: Server started at http://localhost:5599/api/v1/ {"timestamp":"2022-01-10T09:37:10.026Z"}
info: Connected to the database. {"timestamp":"2022-01-10T09:37:18.193Z"}
info: Server started at http://localhost:5599/api/v1/ {"timestamp":"2022-01-10T09:38:22.803Z"}
info: Server started at http://localhost:5599/api/v1/ {"timestamp":"2022-01-10T09:38:32.786Z"}
info: Server started at http://localhost:5599/api/v1/ {"timestamp":"2022-01-10T09:38:40.416Z"}
info: Server started at http://localhost:5599/api/v1/ {"timestamp":"2022-01-10T09:38:47.410Z"}
info: Connected to the database. {"timestamp":"2022-01-10T09:38:55.424Z"}
info: Server started at http://localhost:5599/api/v1/ {"timestamp":"2022-01-10T09:40:30.719Z"}
info: Connected to the database. {"timestamp":"2022-01-10T09:40:39.077Z"}
info: Server started at http://localhost:5599/api/v1/ {"timestamp":"2022-01-10T09:40:49.753Z"}
info: Server started at http://localhost:5599/api/v1/ {"timestamp":"2022-01-10T09:41:19.835Z"}
info: Server started at http://localhost:5599/api/v1/ {"timestamp":"2022-01-10T09:41:34.368Z"}
info: Connected to the database. {"timestamp":"2022-01-10T09:41:42.273Z"}
info: Server started at http://localhost:5599/api/v1/ {"timestamp":"2022-01-10T09:43:57.365Z"}
info: Server started at http://localhost:5599/api/v1/ {"timestamp":"2022-01-10T09:44:13.398Z"}
info: Server started at http://localhost:5599/api/v1/ {"timestamp":"2022-01-10T09:44:18.319Z"}
info: Connected to the database. {"timestamp":"2022-01-10T09:44:21.316Z"}
info: Server started at http://localhost:5599/api/v1/ {"timestamp":"2022-01-10T09:44:41.089Z"}
info: Server started at http://localhost:5599/api/v1/ {"timestamp":"2022-01-10T09:45:02.475Z"}
info: Connected to the database. {"timestamp":"2022-01-10T09:45:10.405Z"}
info: Server started at http://localhost:5599/api/v1/ {"timestamp":"2022-01-10T09:45:38.886Z"}
info: Server started at http://localhost:5599/api/v1/ {"timestamp":"2022-01-10T09:46:03.536Z"}
info: Server started at http://localhost:5599/api/v1/ {"timestamp":"2022-01-10T09:46:09.071Z"}
info: Server started at http://localhost:5599/api/v1/ {"timestamp":"2022-01-10T09:46:14.320Z"}
info: Connected to the database. {"timestamp":"2022-01-10T09:46:22.234Z"}
info: Server started at http://localhost:5599/api/v1/ {"timestamp":"2022-01-10T09:46:38.546Z"}
info: Connected to the database. {"timestamp":"2022-01-10T09:46:46.763Z"}
info: Server started at http://localhost:5599/api/v1/ {"timestamp":"2022-01-10T10:10:02.976Z"}
info: Connected to the database. {"timestamp":"2022-01-10T10:10:11.385Z"}
info: Server started at http://localhost:5599/api/v1/ {"timestamp":"2022-01-10T10:34:35.050Z"}
info: Connected to the database. {"timestamp":"2022-01-10T10:34:43.899Z"}
info: Server started at http://localhost:5599/api/v1/ {"timestamp":"2022-01-10T10:38:44.880Z"}
info: Server started at http://localhost:5599/api/v1/ {"timestamp":"2022-01-10T10:38:54.052Z"}
info: Connected to the database. {"timestamp":"2022-01-10T10:39:02.796Z"}
info: Server started at http://localhost:5599/api/v1/ {"timestamp":"2022-01-10T10:54:33.846Z"}
info: Connected to the database. {"timestamp":"2022-01-10T10:54:42.476Z"}
info: Server started at http://localhost:5599/api/v1/ {"timestamp":"2022-01-10T11:00:17.894Z"}
info: Connected to the database. {"timestamp":"2022-01-10T11:00:26.199Z"}
info: Server started at http://localhost:5599/api/v1/ {"timestamp":"2022-01-10T11:10:27.760Z"}
info: Connected to the database. {"timestamp":"2022-01-10T11:10:35.964Z"}
info: Server started at http://localhost:5599/api/v1/ {"timestamp":"2022-01-10T11:26:39.289Z"}
info: Connected to the database. {"timestamp":"2022-01-10T11:26:47.832Z"}
info: Server started at http://localhost:5599/api/v1/ {"timestamp":"2022-01-10T11:26:54.225Z"}
info: Connected to the database. {"timestamp":"2022-01-10T11:27:02.626Z"}
info: Server started at http://localhost:5599/api/v1/ {"timestamp":"2022-01-10T11:40:45.909Z"}
info: Server started at http://localhost:5599/api/v1/ {"timestamp":"2022-01-10T11:40:59.011Z"}
info: Connected to the database. {"timestamp":"2022-01-10T11:41:07.272Z"}
info: Server started at http://localhost:5599/api/v1/ {"timestamp":"2022-01-10T11:44:15.062Z"}
info: Connected to the database. {"timestamp":"2022-01-10T11:44:23.387Z"}
info: Server started at http://localhost:5599/api/v1/ {"timestamp":"2022-01-10T11:46:29.509Z"}
info: Server started at http://localhost:5599/api/v1/ {"timestamp":"2022-01-10T11:46:42.549Z"}
info: Connected to the database. {"timestamp":"2022-01-10T11:46:50.455Z"}
info: Server started at http://localhost:5599/api/v1/ {"timestamp":"2022-01-10T11:47:22.573Z"}
info: Server started at http://localhost:5599/api/v1/ {"timestamp":"2022-01-10T11:47:29.908Z"}
info: Server started at http://localhost:5599/api/v1/ {"timestamp":"2022-01-10T11:47:50.143Z"}
info: Connected to the database. {"timestamp":"2022-01-10T11:47:58.602Z"}
info: Server started at http://localhost:5599/api/v1/ {"timestamp":"2022-01-10T11:49:59.692Z"}
info: Connected to the database. {"timestamp":"2022-01-10T11:50:08.017Z"}
info: Server started at http://localhost:5599/api/v1/ {"timestamp":"2022-01-10T11:50:26.130Z"}
info: Server started at http://localhost:5599/api/v1/ {"timestamp":"2022-01-10T11:50:52.316Z"}
info: Connected to the database. {"timestamp":"2022-01-10T11:51:00.337Z"}
info: Server started at http://localhost:5599/api/v1/ {"timestamp":"2022-01-10T11:56:47.969Z"}
info: Connected to the database. {"timestamp":"2022-01-10T11:56:56.339Z"}
error: uncaughtException: next is not defined
ReferenceError: next is not defined
    at _callee2$ (C:\EmpPayRoll\EmpPay\src\controllers\/user.controller.js:61:5)
    at tryCatch (C:\EmpPayRoll\EmpPay\node_modules\regenerator-runtime\runtime.js:63:40)
    at Generator.invoke [as _invoke] (C:\EmpPayRoll\EmpPay\node_modules\regenerator-runtime\runtime.js:294:22)
    at Generator.throw (C:\EmpPayRoll\EmpPay\node_modules\regenerator-runtime\runtime.js:119:21)
    at asyncGeneratorStep (C:\EmpPayRoll\EmpPay\node_modules\@babel\runtime\helpers\asyncToGenerator.js:3:24)
    at _throw (C:\EmpPayRoll\EmpPay\node_modules\@babel\runtime\helpers\asyncToGenerator.js:29:9) {"date":"Mon Jan 10 2022 17:27:09 GMT+0530 (India Standard Time)","error":{},"exception":true,"os":{"loadavg":[0,0,0],"uptime":1245430},"process":{"argv":["node","C:\\EmpPayRoll\\EmpPay\\src\\index.js"],"cwd":"C:\\EmpPayRoll\\EmpPay","execPath":"C:\\Program Files\\nodejs\\node.exe","gid":null,"memoryUsage":{"arrayBuffers":18333169,"external":19869107,"heapTotal":47570944,"heapUsed":42280552,"rss":82587648},"pid":41752,"uid":null,"version":"v16.13.1"},"stack":"ReferenceError: next is not defined\n    at _callee2$ (C:\\EmpPayRoll\\EmpPay\\src\\controllers\\/user.controller.js:61:5)\n    at tryCatch (C:\\EmpPayRoll\\EmpPay\\node_modules\\regenerator-runtime\\runtime.js:63:40)\n    at Generator.invoke [as _invoke] (C:\\EmpPayRoll\\EmpPay\\node_modules\\regenerator-runtime\\runtime.js:294:22)\n    at Generator.throw (C:\\EmpPayRoll\\EmpPay\\node_modules\\regenerator-runtime\\runtime.js:119:21)\n    at asyncGeneratorStep (C:\\EmpPayRoll\\EmpPay\\node_modules\\@babel\\runtime\\helpers\\asyncToGenerator.js:3:24)\n    at _throw (C:\\EmpPayRoll\\EmpPay\\node_modules\\@babel\\runtime\\helpers\\asyncToGenerator.js:29:9)","timestamp":"2022-01-10T11:57:09.352Z","trace":[{"column":5,"file":"C:\\EmpPayRoll\\EmpPay\\src\\controllers\\/user.controller.js","function":"_callee2$","line":61,"method":null,"native":false},{"column":40,"file":"C:\\EmpPayRoll\\EmpPay\\node_modules\\regenerator-runtime\\runtime.js","function":"tryCatch","line":63,"method":null,"native":false},{"column":22,"file":"C:\\EmpPayRoll\\EmpPay\\node_modules\\regenerator-runtime\\runtime.js","function":"Generator.invoke [as _invoke]","line":294,"method":"invoke [as _invoke]","native":false},{"column":21,"file":"C:\\EmpPayRoll\\EmpPay\\node_modules\\regenerator-runtime\\runtime.js","function":"Generator.throw","line":119,"method":"throw","native":false},{"column":24,"file":"C:\\EmpPayRoll\\EmpPay\\node_modules\\@babel\\runtime\\helpers\\asyncToGenerator.js","function":"asyncGeneratorStep","line":3,"method":null,"native":false},{"column":9,"file":"C:\\EmpPayRoll\\EmpPay\\node_modules\\@babel\\runtime\\helpers\\asyncToGenerator.js","function":"_throw","line":29,"method":null,"native":false}]}
info: Server started at http://localhost:5599/api/v1/ {"timestamp":"2022-01-10T12:01:48.689Z"}
info: Connected to the database. {"timestamp":"2022-01-10T12:01:57.583Z"}
error: uncaughtException: next is not defined
ReferenceError: next is not defined
    at _callee2$ (C:\EmpPayRoll\EmpPay\src\controllers\/user.controller.js:61:5)
    at tryCatch (C:\EmpPayRoll\EmpPay\node_modules\regenerator-runtime\runtime.js:63:40)
    at Generator.invoke [as _invoke] (C:\EmpPayRoll\EmpPay\node_modules\regenerator-runtime\runtime.js:294:22)
    at Generator.throw (C:\EmpPayRoll\EmpPay\node_modules\regenerator-runtime\runtime.js:119:21)
    at asyncGeneratorStep (C:\EmpPayRoll\EmpPay\node_modules\@babel\runtime\helpers\asyncToGenerator.js:3:24)
    at _throw (C:\EmpPayRoll\EmpPay\node_modules\@babel\runtime\helpers\asyncToGenerator.js:29:9) {"date":"Mon Jan 10 2022 17:32:06 GMT+0530 (India Standard Time)","error":{},"exception":true,"os":{"loadavg":[0,0,0],"uptime":1245728},"process":{"argv":["node","C:\\EmpPayRoll\\EmpPay\\src\\index.js"],"cwd":"C:\\EmpPayRoll\\EmpPay","execPath":"C:\\Program Files\\nodejs\\node.exe","gid":null,"memoryUsage":{"arrayBuffers":18327669,"external":19863607,"heapTotal":47570944,"heapUsed":41928216,"rss":82677760},"pid":32696,"uid":null,"version":"v16.13.1"},"stack":"ReferenceError: next is not defined\n    at _callee2$ (C:\\EmpPayRoll\\EmpPay\\src\\controllers\\/user.controller.js:61:5)\n    at tryCatch (C:\\EmpPayRoll\\EmpPay\\node_modules\\regenerator-runtime\\runtime.js:63:40)\n    at Generator.invoke [as _invoke] (C:\\EmpPayRoll\\EmpPay\\node_modules\\regenerator-runtime\\runtime.js:294:22)\n    at Generator.throw (C:\\EmpPayRoll\\EmpPay\\node_modules\\regenerator-runtime\\runtime.js:119:21)\n    at asyncGeneratorStep (C:\\EmpPayRoll\\EmpPay\\node_modules\\@babel\\runtime\\helpers\\asyncToGenerator.js:3:24)\n    at _throw (C:\\EmpPayRoll\\EmpPay\\node_modules\\@babel\\runtime\\helpers\\asyncToGenerator.js:29:9)","timestamp":"2022-01-10T12:02:07.020Z","trace":[{"column":5,"file":"C:\\EmpPayRoll\\EmpPay\\src\\controllers\\/user.controller.js","function":"_callee2$","line":61,"method":null,"native":false},{"column":40,"file":"C:\\EmpPayRoll\\EmpPay\\node_modules\\regenerator-runtime\\runtime.js","function":"tryCatch","line":63,"method":null,"native":false},{"column":22,"file":"C:\\EmpPayRoll\\EmpPay\\node_modules\\regenerator-runtime\\runtime.js","function":"Generator.invoke [as _invoke]","line":294,"method":"invoke [as _invoke]","native":false},{"column":21,"file":"C:\\EmpPayRoll\\EmpPay\\node_modules\\regenerator-runtime\\runtime.js","function":"Generator.throw","line":119,"method":"throw","native":false},{"column":24,"file":"C:\\EmpPayRoll\\EmpPay\\node_modules\\@babel\\runtime\\helpers\\asyncToGenerator.js","function":"asyncGeneratorStep","line":3,"method":null,"native":false},{"column":9,"file":"C:\\EmpPayRoll\\EmpPay\\node_modules\\@babel\\runtime\\helpers\\asyncToGenerator.js","function":"_throw","line":29,"method":null,"native":false}]}
info: Server started at http://localhost:5599/api/v1/ {"timestamp":"2022-01-10T12:03:09.742Z"}
info: Connected to the database. {"timestamp":"2022-01-10T12:03:18.206Z"}
error: 
    status - 500 
    message - ReferenceError: email is not defined
    at _callee2$ (C:\EmpPayRoll\EmpPay\src\services\/user.service.js:28:42)
    at tryCatch (C:\EmpPayRoll\EmpPay\node_modules\regenerator-runtime\runtime.js:63:40)
    at Generator.invoke [as _invoke] (C:\EmpPayRoll\EmpPay\node_modules\regenerator-runtime\runtime.js:294:22)
    at Generator.next (C:\EmpPayRoll\EmpPay\node_modules\regenerator-runtime\runtime.js:119:21)
    at asyncGeneratorStep (C:\EmpPayRoll\EmpPay\node_modules\@babel\runtime\helpers\asyncToGenerator.js:3:24)
    at _next (C:\EmpPayRoll\EmpPay\node_modules\@babel\runtime\helpers\asyncToGenerator.js:25:9) 
    url - /api/v1/users/login 
    method - POST 
    IP - ::ffff:127.0.0.1
   {"timestamp":"2022-01-10T12:03:20.578Z"}
info: Server started at http://localhost:5599/api/v1/ {"timestamp":"2022-01-10T12:04:09.495Z"}
info: Connected to the database. {"timestamp":"2022-01-10T12:04:17.875Z"}
error: 
    status - 500 
    message - ReferenceError: email is not defined
    at _callee2$ (C:\EmpPayRoll\EmpPay\src\services\/user.service.js:28:42)
    at tryCatch (C:\EmpPayRoll\EmpPay\node_modules\regenerator-runtime\runtime.js:63:40)
    at Generator.invoke [as _invoke] (C:\EmpPayRoll\EmpPay\node_modules\regenerator-runtime\runtime.js:294:22)
    at Generator.next (C:\EmpPayRoll\EmpPay\node_modules\regenerator-runtime\runtime.js:119:21)
    at asyncGeneratorStep (C:\EmpPayRoll\EmpPay\node_modules\@babel\runtime\helpers\asyncToGenerator.js:3:24)
    at _next (C:\EmpPayRoll\EmpPay\node_modules\@babel\runtime\helpers\asyncToGenerator.js:25:9) 
    url - /api/v1/users/login 
    method - POST 
    IP - ::ffff:127.0.0.1
   {"timestamp":"2022-01-10T12:04:22.465Z"}
info: Server started at http://localhost:5599/api/v1/ {"timestamp":"2022-01-10T12:18:07.006Z"}
info: Connected to the database. {"timestamp":"2022-01-10T12:18:15.665Z"}
info: Server started at http://localhost:5599/api/v1/ {"timestamp":"2022-01-10T12:18:50.682Z"}
info: Connected to the database. {"timestamp":"2022-01-10T12:18:58.798Z"}
error: 
    status - 500 
    message - ReferenceError: jwt is not defined
    at _callee2$ (C:\EmpPayRoll\EmpPay\src\services\/user.service.js:29:13)
    at tryCatch (C:\EmpPayRoll\EmpPay\node_modules\regenerator-runtime\runtime.js:63:40)
    at Generator.invoke [as _invoke] (C:\EmpPayRoll\EmpPay\node_modules\regenerator-runtime\runtime.js:294:22)
    at Generator.next (C:\EmpPayRoll\EmpPay\node_modules\regenerator-runtime\runtime.js:119:21)
    at asyncGeneratorStep (C:\EmpPayRoll\EmpPay\node_modules\@babel\runtime\helpers\asyncToGenerator.js:3:24)
    at _next (C:\EmpPayRoll\EmpPay\node_modules\@babel\runtime\helpers\asyncToGenerator.js:25:9) 
    url - /api/v1/users/login 
    method - POST 
    IP - ::ffff:127.0.0.1
   {"timestamp":"2022-01-10T12:19:04.913Z"}
info: Server started at http://localhost:5599/api/v1/ {"timestamp":"2022-01-10T12:20:08.978Z"}
info: Connected to the database. {"timestamp":"2022-01-10T12:20:17.295Z"}
error: 
    status - 500 
    message - TypeError: jwt.sing is not a function
    at _callee2$ (C:\EmpPayRoll\EmpPay\src\services\/user.service.js:31:25)
    at tryCatch (C:\EmpPayRoll\EmpPay\node_modules\regenerator-runtime\runtime.js:63:40)
    at Generator.invoke [as _invoke] (C:\EmpPayRoll\EmpPay\node_modules\regenerator-runtime\runtime.js:294:22)
    at Generator.next (C:\EmpPayRoll\EmpPay\node_modules\regenerator-runtime\runtime.js:119:21)
    at asyncGeneratorStep (C:\EmpPayRoll\EmpPay\node_modules\@babel\runtime\helpers\asyncToGenerator.js:3:24)
    at _next (C:\EmpPayRoll\EmpPay\node_modules\@babel\runtime\helpers\asyncToGenerator.js:25:9) 
    url - /api/v1/users/login 
    method - POST 
    IP - ::ffff:127.0.0.1
   {"timestamp":"2022-01-10T12:20:25.436Z"}
info: Server started at http://localhost:5599/api/v1/ {"timestamp":"2022-01-10T12:22:31.595Z"}
info: Connected to the database. {"timestamp":"2022-01-10T12:22:34.717Z"}
error: 
    status - 500 
    message - TypeError: jwt.sing is not a function
    at _callee2$ (C:\EmpPayRoll\EmpPay\src\services\/user.service.js:31:25)
    at tryCatch (C:\EmpPayRoll\EmpPay\node_modules\regenerator-runtime\runtime.js:63:40)
    at Generator.invoke [as _invoke] (C:\EmpPayRoll\EmpPay\node_modules\regenerator-runtime\runtime.js:294:22)
    at Generator.next (C:\EmpPayRoll\EmpPay\node_modules\regenerator-runtime\runtime.js:119:21)
    at asyncGeneratorStep (C:\EmpPayRoll\EmpPay\node_modules\@babel\runtime\helpers\asyncToGenerator.js:3:24)
    at _next (C:\EmpPayRoll\EmpPay\node_modules\@babel\runtime\helpers\asyncToGenerator.js:25:9) 
    url - /api/v1/users/login 
    method - POST 
    IP - ::ffff:127.0.0.1
   {"timestamp":"2022-01-10T12:22:36.711Z"}
info: Server started at http://localhost:5599/api/v1/ {"timestamp":"2022-01-10T12:23:09.847Z"}
info: Connected to the database. {"timestamp":"2022-01-10T12:23:17.986Z"}
info: Server started at http://localhost:5599/api/v1/ {"timestamp":"2022-01-10T12:27:37.528Z"}
info: Connected to the database. {"timestamp":"2022-01-10T12:27:45.778Z"}
info: Server started at http://localhost:5599/api/v1/ {"timestamp":"2022-01-10T12:29:24.037Z"}
info: Connected to the database. {"timestamp":"2022-01-10T12:29:32.763Z"}
info: Server started at http://localhost:5599/api/v1/ {"timestamp":"2022-01-10T12:52:58.274Z"}
info: Server started at http://localhost:5599/api/v1/ {"timestamp":"2022-01-10T16:38:15.702Z"}
info: Connected to the database. {"timestamp":"2022-01-10T16:38:24.670Z"}
info: Server started at http://localhost:5599/api/v1/ {"timestamp":"2022-01-10T16:47:43.993Z"}
info: Connected to the database. {"timestamp":"2022-01-10T16:47:52.424Z"}
error: uncaughtException: listen EADDRINUSE: address already in use :::5599
Error: listen EADDRINUSE: address already in use :::5599
    at Server.setupListenHandle [as _listen2] (node:net:1334:16)
    at listenInCluster (node:net:1382:12)
    at Server.listen (node:net:1469:7)
    at Function.listen (C:\EmpPayRoll\EmpPay\node_modules\express\lib\application.js:618:24)
    at Object.<anonymous> (C:\EmpPayRoll\EmpPay\src\/index.js:37:5)
    at Module._compile (node:internal/modules/cjs/loader:1101:14)
    at Module._compile (C:\EmpPayRoll\EmpPay\node_modules\pirates\lib\index.js:136:24)
    at Module._extensions..js (node:internal/modules/cjs/loader:1153:10)
    at Object.newLoader [as .js] (C:\EmpPayRoll\EmpPay\node_modules\pirates\lib\index.js:141:7)
    at Module.load (node:internal/modules/cjs/loader:981:32)
    at Function.Module._load (node:internal/modules/cjs/loader:822:12)
    at Function.executeUserEntryPoint [as runMain] (node:internal/modules/run_main:81:12)
    at Object.<anonymous> (C:\EmpPayRoll\EmpPay\node_modules\@babel\node\lib\_babel-node.js:176:21)
    at Module._compile (node:internal/modules/cjs/loader:1101:14)
    at Object.Module._extensions..js (node:internal/modules/cjs/loader:1153:10)
    at Module.load (node:internal/modules/cjs/loader:981:32) {"date":"Mon Jan 10 2022 22:23:55 GMT+0530 (India Standard Time)","error":{"address":"::","code":"EADDRINUSE","errno":-4091,"port":5599,"syscall":"listen"},"exception":true,"os":{"loadavg":[0,0,0],"uptime":1263237},"process":{"argv":["node","C:\\EmpPayRoll\\EmpPay\\src\\index.js"],"cwd":"C:\\EmpPayRoll\\EmpPay","execPath":"C:\\Program Files\\nodejs\\node.exe","gid":null,"memoryUsage":{"arrayBuffers":18788592,"external":26221949,"heapTotal":93970432,"heapUsed":54438456,"rss":126676992},"pid":31100,"uid":null,"version":"v16.13.1"},"stack":"Error: listen EADDRINUSE: address already in use :::5599\n    at Server.setupListenHandle [as _listen2] (node:net:1334:16)\n    at listenInCluster (node:net:1382:12)\n    at Server.listen (node:net:1469:7)\n    at Function.listen (C:\\EmpPayRoll\\EmpPay\\node_modules\\express\\lib\\application.js:618:24)\n    at Object.<anonymous> (C:\\EmpPayRoll\\EmpPay\\src\\/index.js:37:5)\n    at Module._compile (node:internal/modules/cjs/loader:1101:14)\n    at Module._compile (C:\\EmpPayRoll\\EmpPay\\node_modules\\pirates\\lib\\index.js:136:24)\n    at Module._extensions..js (node:internal/modules/cjs/loader:1153:10)\n    at Object.newLoader [as .js] (C:\\EmpPayRoll\\EmpPay\\node_modules\\pirates\\lib\\index.js:141:7)\n    at Module.load (node:internal/modules/cjs/loader:981:32)\n    at Function.Module._load (node:internal/modules/cjs/loader:822:12)\n    at Function.executeUserEntryPoint [as runMain] (node:internal/modules/run_main:81:12)\n    at Object.<anonymous> (C:\\EmpPayRoll\\EmpPay\\node_modules\\@babel\\node\\lib\\_babel-node.js:176:21)\n    at Module._compile (node:internal/modules/cjs/loader:1101:14)\n    at Object.Module._extensions..js (node:internal/modules/cjs/loader:1153:10)\n    at Module.load (node:internal/modules/cjs/loader:981:32)","timestamp":"2022-01-10T16:53:56.015Z","trace":[{"column":16,"file":"node:net","function":"Server.setupListenHandle [as _listen2]","line":1334,"method":"setupListenHandle [as _listen2]","native":false},{"column":12,"file":"node:net","function":"listenInCluster","line":1382,"method":null,"native":false},{"column":7,"file":"node:net","function":"Server.listen","line":1469,"method":"listen","native":false},{"column":24,"file":"C:\\EmpPayRoll\\EmpPay\\node_modules\\express\\lib\\application.js","function":"Function.listen","line":618,"method":"listen","native":false},{"column":5,"file":"C:\\EmpPayRoll\\EmpPay\\src\\/index.js","function":null,"line":37,"method":null,"native":false},{"column":14,"file":"node:internal/modules/cjs/loader","function":"Module._compile","line":1101,"method":"_compile","native":false},{"column":24,"file":"C:\\EmpPayRoll\\EmpPay\\node_modules\\pirates\\lib\\index.js","function":"Module._compile","line":136,"method":"_compile","native":false},{"column":10,"file":"node:internal/modules/cjs/loader","function":"Module._extensions..js","line":1153,"method":".js","native":false},{"column":7,"file":"C:\\EmpPayRoll\\EmpPay\\node_modules\\pirates\\lib\\index.js","function":"Object.newLoader [as .js]","line":141,"method":"js]","native":false},{"column":32,"file":"node:internal/modules/cjs/loader","function":"Module.load","line":981,"method":"load","native":false},{"column":12,"file":"node:internal/modules/cjs/loader","function":"Module._load","line":822,"method":"_load","native":false},{"column":12,"file":"node:internal/modules/run_main","function":"Function.executeUserEntryPoint [as runMain]","line":81,"method":"executeUserEntryPoint [as runMain]","native":false},{"column":21,"file":"C:\\EmpPayRoll\\EmpPay\\node_modules\\@babel\\node\\lib\\_babel-node.js","function":null,"line":176,"method":null,"native":false},{"column":14,"file":"node:internal/modules/cjs/loader","function":"Module._compile","line":1101,"method":"_compile","native":false},{"column":10,"file":"node:internal/modules/cjs/loader","function":"Module._extensions..js","line":1153,"method":".js","native":false},{"column":32,"file":"node:internal/modules/cjs/loader","function":"Module.load","line":981,"method":"load","native":false}]}
error: uncaughtException: listen EADDRINUSE: address already in use :::5599
Error: listen EADDRINUSE: address already in use :::5599
    at Server.setupListenHandle [as _listen2] (node:net:1334:16)
    at listenInCluster (node:net:1382:12)
    at Server.listen (node:net:1469:7)
    at Function.listen (C:\EmpPayRoll\EmpPay\node_modules\express\lib\application.js:618:24)
    at Object.<anonymous> (C:\EmpPayRoll\EmpPay\src\/index.js:37:5)
    at Module._compile (node:internal/modules/cjs/loader:1101:14)
    at Module._compile (C:\EmpPayRoll\EmpPay\node_modules\pirates\lib\index.js:136:24)
    at Module._extensions..js (node:internal/modules/cjs/loader:1153:10)
    at Object.newLoader [as .js] (C:\EmpPayRoll\EmpPay\node_modules\pirates\lib\index.js:141:7)
    at Module.load (node:internal/modules/cjs/loader:981:32)
    at Function.Module._load (node:internal/modules/cjs/loader:822:12)
    at Function.executeUserEntryPoint [as runMain] (node:internal/modules/run_main:81:12)
    at Object.<anonymous> (C:\EmpPayRoll\EmpPay\node_modules\@babel\node\lib\_babel-node.js:176:21)
    at Module._compile (node:internal/modules/cjs/loader:1101:14)
    at Object.Module._extensions..js (node:internal/modules/cjs/loader:1153:10)
    at Module.load (node:internal/modules/cjs/loader:981:32) {"date":"Mon Jan 10 2022 22:25:00 GMT+0530 (India Standard Time)","error":{"address":"::","code":"EADDRINUSE","errno":-4091,"port":5599,"syscall":"listen"},"exception":true,"os":{"loadavg":[0,0,0],"uptime":1263302},"process":{"argv":["node","C:\\EmpPayRoll\\EmpPay\\src\\index.js"],"cwd":"C:\\EmpPayRoll\\EmpPay","execPath":"C:\\Program Files\\nodejs\\node.exe","gid":null,"memoryUsage":{"arrayBuffers":18832548,"external":26230141,"heapTotal":93708288,"heapUsed":54712808,"rss":126402560},"pid":27380,"uid":null,"version":"v16.13.1"},"stack":"Error: listen EADDRINUSE: address already in use :::5599\n    at Server.setupListenHandle [as _listen2] (node:net:1334:16)\n    at listenInCluster (node:net:1382:12)\n    at Server.listen (node:net:1469:7)\n    at Function.listen (C:\\EmpPayRoll\\EmpPay\\node_modules\\express\\lib\\application.js:618:24)\n    at Object.<anonymous> (C:\\EmpPayRoll\\EmpPay\\src\\/index.js:37:5)\n    at Module._compile (node:internal/modules/cjs/loader:1101:14)\n    at Module._compile (C:\\EmpPayRoll\\EmpPay\\node_modules\\pirates\\lib\\index.js:136:24)\n    at Module._extensions..js (node:internal/modules/cjs/loader:1153:10)\n    at Object.newLoader [as .js] (C:\\EmpPayRoll\\EmpPay\\node_modules\\pirates\\lib\\index.js:141:7)\n    at Module.load (node:internal/modules/cjs/loader:981:32)\n    at Function.Module._load (node:internal/modules/cjs/loader:822:12)\n    at Function.executeUserEntryPoint [as runMain] (node:internal/modules/run_main:81:12)\n    at Object.<anonymous> (C:\\EmpPayRoll\\EmpPay\\node_modules\\@babel\\node\\lib\\_babel-node.js:176:21)\n    at Module._compile (node:internal/modules/cjs/loader:1101:14)\n    at Object.Module._extensions..js (node:internal/modules/cjs/loader:1153:10)\n    at Module.load (node:internal/modules/cjs/loader:981:32)","timestamp":"2022-01-10T16:55:00.734Z","trace":[{"column":16,"file":"node:net","function":"Server.setupListenHandle [as _listen2]","line":1334,"method":"setupListenHandle [as _listen2]","native":false},{"column":12,"file":"node:net","function":"listenInCluster","line":1382,"method":null,"native":false},{"column":7,"file":"node:net","function":"Server.listen","line":1469,"method":"listen","native":false},{"column":24,"file":"C:\\EmpPayRoll\\EmpPay\\node_modules\\express\\lib\\application.js","function":"Function.listen","line":618,"method":"listen","native":false},{"column":5,"file":"C:\\EmpPayRoll\\EmpPay\\src\\/index.js","function":null,"line":37,"method":null,"native":false},{"column":14,"file":"node:internal/modules/cjs/loader","function":"Module._compile","line":1101,"method":"_compile","native":false},{"column":24,"file":"C:\\EmpPayRoll\\EmpPay\\node_modules\\pirates\\lib\\index.js","function":"Module._compile","line":136,"method":"_compile","native":false},{"column":10,"file":"node:internal/modules/cjs/loader","function":"Module._extensions..js","line":1153,"method":".js","native":false},{"column":7,"file":"C:\\EmpPayRoll\\EmpPay\\node_modules\\pirates\\lib\\index.js","function":"Object.newLoader [as .js]","line":141,"method":"js]","native":false},{"column":32,"file":"node:internal/modules/cjs/loader","function":"Module.load","line":981,"method":"load","native":false},{"column":12,"file":"node:internal/modules/cjs/loader","function":"Module._load","line":822,"method":"_load","native":false},{"column":12,"file":"node:internal/modules/run_main","function":"Function.executeUserEntryPoint [as runMain]","line":81,"method":"executeUserEntryPoint [as runMain]","native":false},{"column":21,"file":"C:\\EmpPayRoll\\EmpPay\\node_modules\\@babel\\node\\lib\\_babel-node.js","function":null,"line":176,"method":null,"native":false},{"column":14,"file":"node:internal/modules/cjs/loader","function":"Module._compile","line":1101,"method":"_compile","native":false},{"column":10,"file":"node:internal/modules/cjs/loader","function":"Module._extensions..js","line":1153,"method":".js","native":false},{"column":32,"file":"node:internal/modules/cjs/loader","function":"Module.load","line":981,"method":"load","native":false}]}
info: Server started at http://localhost:5566/api/v1/ {"timestamp":"2022-01-10T16:55:50.661Z"}
info: Connected to the database. {"timestamp":"2022-01-10T16:55:58.907Z"}
info: Server started at http://localhost:5566/api/v1/ {"timestamp":"2022-01-10T18:25:19.765Z"}
error: Could not connect to the database. querySrv ECONNREFUSED _mongodb._tcp.demo.aoloa.mongodb.net {"code":"ECONNREFUSED","hostname":"_mongodb._tcp.demo.aoloa.mongodb.net","stack":"Error: querySrv ECONNREFUSED _mongodb._tcp.demo.aoloa.mongodb.net\n    at QueryReqWrap.onresolve [as oncomplete] (node:dns:213:19)","syscall":"querySrv","timestamp":"2022-01-10T18:25:19.785Z"}
info: Server started at http://localhost:5566/api/v1/ {"timestamp":"2022-01-11T04:04:34.137Z"}
info: Connected to the database. {"timestamp":"2022-01-11T04:04:42.683Z"}
info: Server started at http://localhost:5566/api/v1/ {"timestamp":"2022-01-11T05:08:15.699Z"}
info: Connected to the database. {"timestamp":"2022-01-11T05:08:24.237Z"}
info: Server started at http://localhost:5566/api/v1/ {"timestamp":"2022-01-11T05:10:34.343Z"}
info: Server started at http://localhost:5566/api/v1/ {"timestamp":"2022-01-11T05:10:47.078Z"}
info: Server started at http://localhost:5566/api/v1/ {"timestamp":"2022-01-11T05:11:10.019Z"}
info: Server started at http://localhost:5566/api/v1/ {"timestamp":"2022-01-11T05:11:21.788Z"}
info: Server started at http://localhost:5566/api/v1/ {"timestamp":"2022-01-11T05:11:26.959Z"}
info: Connected to the database. {"timestamp":"2022-01-11T05:11:35.086Z"}
info: Server started at http://localhost:5566/api/v1/ {"timestamp":"2022-01-11T05:12:04.167Z"}
info: Connected to the database. {"timestamp":"2022-01-11T05:12:12.253Z"}
info: Server started at http://localhost:5566/api/v1/ {"timestamp":"2022-01-11T05:12:22.633Z"}
info: Connected to the database. {"timestamp":"2022-01-11T05:12:30.519Z"}
info: Server started at http://localhost:5566/api/v1/ {"timestamp":"2022-01-11T05:19:44.371Z"}
info: Connected to the database. {"timestamp":"2022-01-11T05:19:52.864Z"}
info: Server started at http://localhost:5566/api/v1/ {"timestamp":"2022-01-11T05:20:53.975Z"}
info: Server started at http://localhost:5566/api/v1/ {"timestamp":"2022-01-11T05:21:02.821Z"}
info: Connected to the database. {"timestamp":"2022-01-11T05:21:11.295Z"}
info: Server started at http://localhost:5566/api/v1/ {"timestamp":"2022-01-11T05:21:21.476Z"}
info: Server started at http://localhost:5566/api/v1/ {"timestamp":"2022-01-11T05:21:36.432Z"}
info: Connected to the database. {"timestamp":"2022-01-11T05:21:44.434Z"}
info: Server started at http://localhost:5566/api/v1/ {"timestamp":"2022-01-11T05:23:19.727Z"}
info: Connected to the database. {"timestamp":"2022-01-11T05:23:28.341Z"}
info: Server started at http://localhost:5566/api/v1/ {"timestamp":"2022-01-11T05:23:39.442Z"}
info: Connected to the database. {"timestamp":"2022-01-11T05:23:47.494Z"}
info: Server started at http://localhost:5566/api/v1/ {"timestamp":"2022-01-11T05:25:30.245Z"}
info: Connected to the database. {"timestamp":"2022-01-11T05:25:38.684Z"}
error: 
      status - 400
      message - Authorization token is required 
      url - /api/v1/users/register 
      method - GET 
      IP - ::ffff:127.0.0.1
     {"timestamp":"2022-01-11T05:30:53.686Z"}
