error: uncaughtException: listen EADDRINUSE: address already in use :::3000
Error: listen EADDRINUSE: address already in use :::3000
    at Server.setupListenHandle [as _listen2] (node:net:1334:16)
    at listenInCluster (node:net:1382:12)
    at Server.listen (node:net:1469:7)
    at Function.listen (C:\EmpPayRoll\EmpPay\node_modules\express\lib\application.js:618:24)
    at Object.<anonymous> (C:\EmpPayRoll\EmpPay\src\/index.js:37:5)
    at Module._compile (node:internal/modules/cjs/loader:1101:14)
    at Module._compile (C:\EmpPayRoll\EmpPay\node_modules\pirates\lib\index.js:136:24)
    at Module._extensions..js (node:internal/modules/cjs/loader:1153:10)
    at Object.newLoader [as .js] (C:\EmpPayRoll\EmpPay\node_modules\pirates\lib\index.js:141:7)
    at Module.load (node:internal/modules/cjs/loader:981:32)
    at Function.Module._load (node:internal/modules/cjs/loader:822:12)
    at Function.executeUserEntryPoint [as runMain] (node:internal/modules/run_main:81:12)
    at Object.<anonymous> (C:\EmpPayRoll\EmpPay\node_modules\@babel\node\lib\_babel-node.js:176:21)
    at Module._compile (node:internal/modules/cjs/loader:1101:14)
    at Object.Module._extensions..js (node:internal/modules/cjs/loader:1153:10)
    at Module.load (node:internal/modules/cjs/loader:981:32) {"date":"Mon Jan 10 2022 13:29:35 GMT+0530 (India Standard Time)","error":{"address":"::","code":"EADDRINUSE","errno":-4091,"port":3000,"syscall":"listen"},"exception":true,"os":{"loadavg":[0,0,0],"uptime":1231177},"process":{"argv":["node","C:\\EmpPayRoll\\EmpPay\\src\\index.js"],"cwd":"C:\\EmpPayRoll\\EmpPay","execPath":"C:\\Program Files\\nodejs\\node.exe","gid":null,"memoryUsage":{"arrayBuffers":19043363,"external":25840688,"heapTotal":89694208,"heapUsed":70188928,"rss":124219392},"pid":40568,"uid":null,"version":"v16.13.1"},"stack":"Error: listen EADDRINUSE: address already in use :::3000\n    at Server.setupListenHandle [as _listen2] (node:net:1334:16)\n    at listenInCluster (node:net:1382:12)\n    at Server.listen (node:net:1469:7)\n    at Function.listen (C:\\EmpPayRoll\\EmpPay\\node_modules\\express\\lib\\application.js:618:24)\n    at Object.<anonymous> (C:\\EmpPayRoll\\EmpPay\\src\\/index.js:37:5)\n    at Module._compile (node:internal/modules/cjs/loader:1101:14)\n    at Module._compile (C:\\EmpPayRoll\\EmpPay\\node_modules\\pirates\\lib\\index.js:136:24)\n    at Module._extensions..js (node:internal/modules/cjs/loader:1153:10)\n    at Object.newLoader [as .js] (C:\\EmpPayRoll\\EmpPay\\node_modules\\pirates\\lib\\index.js:141:7)\n    at Module.load (node:internal/modules/cjs/loader:981:32)\n    at Function.Module._load (node:internal/modules/cjs/loader:822:12)\n    at Function.executeUserEntryPoint [as runMain] (node:internal/modules/run_main:81:12)\n    at Object.<anonymous> (C:\\EmpPayRoll\\EmpPay\\node_modules\\@babel\\node\\lib\\_babel-node.js:176:21)\n    at Module._compile (node:internal/modules/cjs/loader:1101:14)\n    at Object.Module._extensions..js (node:internal/modules/cjs/loader:1153:10)\n    at Module.load (node:internal/modules/cjs/loader:981:32)","timestamp":"2022-01-10T07:59:35.514Z","trace":[{"column":16,"file":"node:net","function":"Server.setupListenHandle [as _listen2]","line":1334,"method":"setupListenHandle [as _listen2]","native":false},{"column":12,"file":"node:net","function":"listenInCluster","line":1382,"method":null,"native":false},{"column":7,"file":"node:net","function":"Server.listen","line":1469,"method":"listen","native":false},{"column":24,"file":"C:\\EmpPayRoll\\EmpPay\\node_modules\\express\\lib\\application.js","function":"Function.listen","line":618,"method":"listen","native":false},{"column":5,"file":"C:\\EmpPayRoll\\EmpPay\\src\\/index.js","function":null,"line":37,"method":null,"native":false},{"column":14,"file":"node:internal/modules/cjs/loader","function":"Module._compile","line":1101,"method":"_compile","native":false},{"column":24,"file":"C:\\EmpPayRoll\\EmpPay\\node_modules\\pirates\\lib\\index.js","function":"Module._compile","line":136,"method":"_compile","native":false},{"column":10,"file":"node:internal/modules/cjs/loader","function":"Module._extensions..js","line":1153,"method":".js","native":false},{"column":7,"file":"C:\\EmpPayRoll\\EmpPay\\node_modules\\pirates\\lib\\index.js","function":"Object.newLoader [as .js]","line":141,"method":"js]","native":false},{"column":32,"file":"node:internal/modules/cjs/loader","function":"Module.load","line":981,"method":"load","native":false},{"column":12,"file":"node:internal/modules/cjs/loader","function":"Module._load","line":822,"method":"_load","native":false},{"column":12,"file":"node:internal/modules/run_main","function":"Function.executeUserEntryPoint [as runMain]","line":81,"method":"executeUserEntryPoint [as runMain]","native":false},{"column":21,"file":"C:\\EmpPayRoll\\EmpPay\\node_modules\\@babel\\node\\lib\\_babel-node.js","function":null,"line":176,"method":null,"native":false},{"column":14,"file":"node:internal/modules/cjs/loader","function":"Module._compile","line":1101,"method":"_compile","native":false},{"column":10,"file":"node:internal/modules/cjs/loader","function":"Module._extensions..js","line":1153,"method":".js","native":false},{"column":32,"file":"node:internal/modules/cjs/loader","function":"Module.load","line":981,"method":"load","native":false}]}
error: uncaughtException: listen EADDRINUSE: address already in use :::5577
Error: listen EADDRINUSE: address already in use :::5577
    at Server.setupListenHandle [as _listen2] (node:net:1334:16)
    at listenInCluster (node:net:1382:12)
    at Server.listen (node:net:1469:7)
    at Function.listen (C:\EmpPayRoll\EmpPay\node_modules\express\lib\application.js:618:24)
    at Object.<anonymous> (C:\EmpPayRoll\EmpPay\src\/index.js:37:5)
    at Module._compile (node:internal/modules/cjs/loader:1101:14)
    at Module._compile (C:\EmpPayRoll\EmpPay\node_modules\pirates\lib\index.js:136:24)
    at Module._extensions..js (node:internal/modules/cjs/loader:1153:10)
    at Object.newLoader [as .js] (C:\EmpPayRoll\EmpPay\node_modules\pirates\lib\index.js:141:7)
    at Module.load (node:internal/modules/cjs/loader:981:32)
    at Function.Module._load (node:internal/modules/cjs/loader:822:12)
    at Function.executeUserEntryPoint [as runMain] (node:internal/modules/run_main:81:12)
    at Object.<anonymous> (C:\EmpPayRoll\EmpPay\node_modules\@babel\node\lib\_babel-node.js:176:21)
    at Module._compile (node:internal/modules/cjs/loader:1101:14)
    at Object.Module._extensions..js (node:internal/modules/cjs/loader:1153:10)
    at Module.load (node:internal/modules/cjs/loader:981:32) {"date":"Mon Jan 10 2022 13:33:47 GMT+0530 (India Standard Time)","error":{"address":"::","code":"EADDRINUSE","errno":-4091,"port":5577,"syscall":"listen"},"exception":true,"os":{"loadavg":[0,0,0],"uptime":1231429},"process":{"argv":["node","C:\\EmpPayRoll\\EmpPay\\src\\index.js"],"cwd":"C:\\EmpPayRoll\\EmpPay","execPath":"C:\\Program Files\\nodejs\\node.exe","gid":null,"memoryUsage":{"arrayBuffers":19043363,"external":25840688,"heapTotal":89432064,"heapUsed":69859288,"rss":124030976},"pid":27208,"uid":null,"version":"v16.13.1"},"stack":"Error: listen EADDRINUSE: address already in use :::5577\n    at Server.setupListenHandle [as _listen2] (node:net:1334:16)\n    at listenInCluster (node:net:1382:12)\n    at Server.listen (node:net:1469:7)\n    at Function.listen (C:\\EmpPayRoll\\EmpPay\\node_modules\\express\\lib\\application.js:618:24)\n    at Object.<anonymous> (C:\\EmpPayRoll\\EmpPay\\src\\/index.js:37:5)\n    at Module._compile (node:internal/modules/cjs/loader:1101:14)\n    at Module._compile (C:\\EmpPayRoll\\EmpPay\\node_modules\\pirates\\lib\\index.js:136:24)\n    at Module._extensions..js (node:internal/modules/cjs/loader:1153:10)\n    at Object.newLoader [as .js] (C:\\EmpPayRoll\\EmpPay\\node_modules\\pirates\\lib\\index.js:141:7)\n    at Module.load (node:internal/modules/cjs/loader:981:32)\n    at Function.Module._load (node:internal/modules/cjs/loader:822:12)\n    at Function.executeUserEntryPoint [as runMain] (node:internal/modules/run_main:81:12)\n    at Object.<anonymous> (C:\\EmpPayRoll\\EmpPay\\node_modules\\@babel\\node\\lib\\_babel-node.js:176:21)\n    at Module._compile (node:internal/modules/cjs/loader:1101:14)\n    at Object.Module._extensions..js (node:internal/modules/cjs/loader:1153:10)\n    at Module.load (node:internal/modules/cjs/loader:981:32)","timestamp":"2022-01-10T08:03:48.026Z","trace":[{"column":16,"file":"node:net","function":"Server.setupListenHandle [as _listen2]","line":1334,"method":"setupListenHandle [as _listen2]","native":false},{"column":12,"file":"node:net","function":"listenInCluster","line":1382,"method":null,"native":false},{"column":7,"file":"node:net","function":"Server.listen","line":1469,"method":"listen","native":false},{"column":24,"file":"C:\\EmpPayRoll\\EmpPay\\node_modules\\express\\lib\\application.js","function":"Function.listen","line":618,"method":"listen","native":false},{"column":5,"file":"C:\\EmpPayRoll\\EmpPay\\src\\/index.js","function":null,"line":37,"method":null,"native":false},{"column":14,"file":"node:internal/modules/cjs/loader","function":"Module._compile","line":1101,"method":"_compile","native":false},{"column":24,"file":"C:\\EmpPayRoll\\EmpPay\\node_modules\\pirates\\lib\\index.js","function":"Module._compile","line":136,"method":"_compile","native":false},{"column":10,"file":"node:internal/modules/cjs/loader","function":"Module._extensions..js","line":1153,"method":".js","native":false},{"column":7,"file":"C:\\EmpPayRoll\\EmpPay\\node_modules\\pirates\\lib\\index.js","function":"Object.newLoader [as .js]","line":141,"method":"js]","native":false},{"column":32,"file":"node:internal/modules/cjs/loader","function":"Module.load","line":981,"method":"load","native":false},{"column":12,"file":"node:internal/modules/cjs/loader","function":"Module._load","line":822,"method":"_load","native":false},{"column":12,"file":"node:internal/modules/run_main","function":"Function.executeUserEntryPoint [as runMain]","line":81,"method":"executeUserEntryPoint [as runMain]","native":false},{"column":21,"file":"C:\\EmpPayRoll\\EmpPay\\node_modules\\@babel\\node\\lib\\_babel-node.js","function":null,"line":176,"method":null,"native":false},{"column":14,"file":"node:internal/modules/cjs/loader","function":"Module._compile","line":1101,"method":"_compile","native":false},{"column":10,"file":"node:internal/modules/cjs/loader","function":"Module._extensions..js","line":1153,"method":".js","native":false},{"column":32,"file":"node:internal/modules/cjs/loader","function":"Module.load","line":981,"method":"load","native":false}]}
error: uncaughtException: listen EADDRINUSE: address already in use :::5566
Error: listen EADDRINUSE: address already in use :::5566
    at Server.setupListenHandle [as _listen2] (node:net:1334:16)
    at listenInCluster (node:net:1382:12)
    at Server.listen (node:net:1469:7)
    at Function.listen (C:\EmpPayRoll\EmpPay\node_modules\express\lib\application.js:618:24)
    at Object.<anonymous> (C:\EmpPayRoll\EmpPay\src\/index.js:37:5)
    at Module._compile (node:internal/modules/cjs/loader:1101:14)
    at Module._compile (C:\EmpPayRoll\EmpPay\node_modules\pirates\lib\index.js:136:24)
    at Module._extensions..js (node:internal/modules/cjs/loader:1153:10)
    at Object.newLoader [as .js] (C:\EmpPayRoll\EmpPay\node_modules\pirates\lib\index.js:141:7)
    at Module.load (node:internal/modules/cjs/loader:981:32)
    at Function.Module._load (node:internal/modules/cjs/loader:822:12)
    at Function.executeUserEntryPoint [as runMain] (node:internal/modules/run_main:81:12)
    at Object.<anonymous> (C:\EmpPayRoll\EmpPay\node_modules\@babel\node\lib\_babel-node.js:176:21)
    at Module._compile (node:internal/modules/cjs/loader:1101:14)
    at Object.Module._extensions..js (node:internal/modules/cjs/loader:1153:10)
    at Module.load (node:internal/modules/cjs/loader:981:32) {"date":"Mon Jan 10 2022 13:36:11 GMT+0530 (India Standard Time)","error":{"address":"::","code":"EADDRINUSE","errno":-4091,"port":5566,"syscall":"listen"},"exception":true,"os":{"loadavg":[0,0,0],"uptime":1231573},"process":{"argv":["node","C:\\EmpPayRoll\\EmpPay\\src\\index.js"],"cwd":"C:\\EmpPayRoll\\EmpPay","execPath":"C:\\Program Files\\nodejs\\node.exe","gid":null,"memoryUsage":{"arrayBuffers":19043363,"external":25840688,"heapTotal":90411008,"heapUsed":70341184,"rss":124002304},"pid":39312,"uid":null,"version":"v16.13.1"},"stack":"Error: listen EADDRINUSE: address already in use :::5566\n    at Server.setupListenHandle [as _listen2] (node:net:1334:16)\n    at listenInCluster (node:net:1382:12)\n    at Server.listen (node:net:1469:7)\n    at Function.listen (C:\\EmpPayRoll\\EmpPay\\node_modules\\express\\lib\\application.js:618:24)\n    at Object.<anonymous> (C:\\EmpPayRoll\\EmpPay\\src\\/index.js:37:5)\n    at Module._compile (node:internal/modules/cjs/loader:1101:14)\n    at Module._compile (C:\\EmpPayRoll\\EmpPay\\node_modules\\pirates\\lib\\index.js:136:24)\n    at Module._extensions..js (node:internal/modules/cjs/loader:1153:10)\n    at Object.newLoader [as .js] (C:\\EmpPayRoll\\EmpPay\\node_modules\\pirates\\lib\\index.js:141:7)\n    at Module.load (node:internal/modules/cjs/loader:981:32)\n    at Function.Module._load (node:internal/modules/cjs/loader:822:12)\n    at Function.executeUserEntryPoint [as runMain] (node:internal/modules/run_main:81:12)\n    at Object.<anonymous> (C:\\EmpPayRoll\\EmpPay\\node_modules\\@babel\\node\\lib\\_babel-node.js:176:21)\n    at Module._compile (node:internal/modules/cjs/loader:1101:14)\n    at Object.Module._extensions..js (node:internal/modules/cjs/loader:1153:10)\n    at Module.load (node:internal/modules/cjs/loader:981:32)","timestamp":"2022-01-10T08:06:11.862Z","trace":[{"column":16,"file":"node:net","function":"Server.setupListenHandle [as _listen2]","line":1334,"method":"setupListenHandle [as _listen2]","native":false},{"column":12,"file":"node:net","function":"listenInCluster","line":1382,"method":null,"native":false},{"column":7,"file":"node:net","function":"Server.listen","line":1469,"method":"listen","native":false},{"column":24,"file":"C:\\EmpPayRoll\\EmpPay\\node_modules\\express\\lib\\application.js","function":"Function.listen","line":618,"method":"listen","native":false},{"column":5,"file":"C:\\EmpPayRoll\\EmpPay\\src\\/index.js","function":null,"line":37,"method":null,"native":false},{"column":14,"file":"node:internal/modules/cjs/loader","function":"Module._compile","line":1101,"method":"_compile","native":false},{"column":24,"file":"C:\\EmpPayRoll\\EmpPay\\node_modules\\pirates\\lib\\index.js","function":"Module._compile","line":136,"method":"_compile","native":false},{"column":10,"file":"node:internal/modules/cjs/loader","function":"Module._extensions..js","line":1153,"method":".js","native":false},{"column":7,"file":"C:\\EmpPayRoll\\EmpPay\\node_modules\\pirates\\lib\\index.js","function":"Object.newLoader [as .js]","line":141,"method":"js]","native":false},{"column":32,"file":"node:internal/modules/cjs/loader","function":"Module.load","line":981,"method":"load","native":false},{"column":12,"file":"node:internal/modules/cjs/loader","function":"Module._load","line":822,"method":"_load","native":false},{"column":12,"file":"node:internal/modules/run_main","function":"Function.executeUserEntryPoint [as runMain]","line":81,"method":"executeUserEntryPoint [as runMain]","native":false},{"column":21,"file":"C:\\EmpPayRoll\\EmpPay\\node_modules\\@babel\\node\\lib\\_babel-node.js","function":null,"line":176,"method":null,"native":false},{"column":14,"file":"node:internal/modules/cjs/loader","function":"Module._compile","line":1101,"method":"_compile","native":false},{"column":10,"file":"node:internal/modules/cjs/loader","function":"Module._extensions..js","line":1153,"method":".js","native":false},{"column":32,"file":"node:internal/modules/cjs/loader","function":"Module.load","line":981,"method":"load","native":false}]}
error: uncaughtException: listen EADDRINUSE: address already in use :::5599
Error: listen EADDRINUSE: address already in use :::5599
    at Server.setupListenHandle [as _listen2] (node:net:1334:16)
    at listenInCluster (node:net:1382:12)
    at Server.listen (node:net:1469:7)
    at Function.listen (C:\EmpPayRoll\EmpPay\node_modules\express\lib\application.js:618:24)
    at Object.<anonymous> (C:\EmpPayRoll\EmpPay\src\/index.js:37:5)
    at Module._compile (node:internal/modules/cjs/loader:1101:14)
    at Module._compile (C:\EmpPayRoll\EmpPay\node_modules\pirates\lib\index.js:136:24)
    at Module._extensions..js (node:internal/modules/cjs/loader:1153:10)
    at Object.newLoader [as .js] (C:\EmpPayRoll\EmpPay\node_modules\pirates\lib\index.js:141:7)
    at Module.load (node:internal/modules/cjs/loader:981:32)
    at Function.Module._load (node:internal/modules/cjs/loader:822:12)
    at Function.executeUserEntryPoint [as runMain] (node:internal/modules/run_main:81:12)
    at Object.<anonymous> (C:\EmpPayRoll\EmpPay\node_modules\@babel\node\lib\_babel-node.js:176:21)
    at Module._compile (node:internal/modules/cjs/loader:1101:14)
    at Object.Module._extensions..js (node:internal/modules/cjs/loader:1153:10)
    at Module.load (node:internal/modules/cjs/loader:981:32) {"date":"Mon Jan 10 2022 14:05:18 GMT+0530 (India Standard Time)","error":{"address":"::","code":"EADDRINUSE","errno":-4091,"port":5599,"syscall":"listen"},"exception":true,"os":{"loadavg":[0,0,0],"uptime":1233320},"process":{"argv":["node","C:\\EmpPayRoll\\EmpPay\\src\\index.js"],"cwd":"C:\\EmpPayRoll\\EmpPay","execPath":"C:\\Program Files\\nodejs\\node.exe","gid":null,"memoryUsage":{"arrayBuffers":18365180,"external":25834082,"heapTotal":91668480,"heapUsed":62180128,"rss":125882368},"pid":26348,"uid":null,"version":"v16.13.1"},"stack":"Error: listen EADDRINUSE: address already in use :::5599\n    at Server.setupListenHandle [as _listen2] (node:net:1334:16)\n    at listenInCluster (node:net:1382:12)\n    at Server.listen (node:net:1469:7)\n    at Function.listen (C:\\EmpPayRoll\\EmpPay\\node_modules\\express\\lib\\application.js:618:24)\n    at Object.<anonymous> (C:\\EmpPayRoll\\EmpPay\\src\\/index.js:37:5)\n    at Module._compile (node:internal/modules/cjs/loader:1101:14)\n    at Module._compile (C:\\EmpPayRoll\\EmpPay\\node_modules\\pirates\\lib\\index.js:136:24)\n    at Module._extensions..js (node:internal/modules/cjs/loader:1153:10)\n    at Object.newLoader [as .js] (C:\\EmpPayRoll\\EmpPay\\node_modules\\pirates\\lib\\index.js:141:7)\n    at Module.load (node:internal/modules/cjs/loader:981:32)\n    at Function.Module._load (node:internal/modules/cjs/loader:822:12)\n    at Function.executeUserEntryPoint [as runMain] (node:internal/modules/run_main:81:12)\n    at Object.<anonymous> (C:\\EmpPayRoll\\EmpPay\\node_modules\\@babel\\node\\lib\\_babel-node.js:176:21)\n    at Module._compile (node:internal/modules/cjs/loader:1101:14)\n    at Object.Module._extensions..js (node:internal/modules/cjs/loader:1153:10)\n    at Module.load (node:internal/modules/cjs/loader:981:32)","timestamp":"2022-01-10T08:35:18.853Z","trace":[{"column":16,"file":"node:net","function":"Server.setupListenHandle [as _listen2]","line":1334,"method":"setupListenHandle [as _listen2]","native":false},{"column":12,"file":"node:net","function":"listenInCluster","line":1382,"method":null,"native":false},{"column":7,"file":"node:net","function":"Server.listen","line":1469,"method":"listen","native":false},{"column":24,"file":"C:\\EmpPayRoll\\EmpPay\\node_modules\\express\\lib\\application.js","function":"Function.listen","line":618,"method":"listen","native":false},{"column":5,"file":"C:\\EmpPayRoll\\EmpPay\\src\\/index.js","function":null,"line":37,"method":null,"native":false},{"column":14,"file":"node:internal/modules/cjs/loader","function":"Module._compile","line":1101,"method":"_compile","native":false},{"column":24,"file":"C:\\EmpPayRoll\\EmpPay\\node_modules\\pirates\\lib\\index.js","function":"Module._compile","line":136,"method":"_compile","native":false},{"column":10,"file":"node:internal/modules/cjs/loader","function":"Module._extensions..js","line":1153,"method":".js","native":false},{"column":7,"file":"C:\\EmpPayRoll\\EmpPay\\node_modules\\pirates\\lib\\index.js","function":"Object.newLoader [as .js]","line":141,"method":"js]","native":false},{"column":32,"file":"node:internal/modules/cjs/loader","function":"Module.load","line":981,"method":"load","native":false},{"column":12,"file":"node:internal/modules/cjs/loader","function":"Module._load","line":822,"method":"_load","native":false},{"column":12,"file":"node:internal/modules/run_main","function":"Function.executeUserEntryPoint [as runMain]","line":81,"method":"executeUserEntryPoint [as runMain]","native":false},{"column":21,"file":"C:\\EmpPayRoll\\EmpPay\\node_modules\\@babel\\node\\lib\\_babel-node.js","function":null,"line":176,"method":null,"native":false},{"column":14,"file":"node:internal/modules/cjs/loader","function":"Module._compile","line":1101,"method":"_compile","native":false},{"column":10,"file":"node:internal/modules/cjs/loader","function":"Module._extensions..js","line":1153,"method":".js","native":false},{"column":32,"file":"node:internal/modules/cjs/loader","function":"Module.load","line":981,"method":"load","native":false}]}
error: uncaughtException: next is not defined
ReferenceError: next is not defined
    at _callee2$ (C:\EmpPayRoll\EmpPay\src\controllers\/user.controller.js:61:5)
    at tryCatch (C:\EmpPayRoll\EmpPay\node_modules\regenerator-runtime\runtime.js:63:40)
    at Generator.invoke [as _invoke] (C:\EmpPayRoll\EmpPay\node_modules\regenerator-runtime\runtime.js:294:22)
    at Generator.throw (C:\EmpPayRoll\EmpPay\node_modules\regenerator-runtime\runtime.js:119:21)
    at asyncGeneratorStep (C:\EmpPayRoll\EmpPay\node_modules\@babel\runtime\helpers\asyncToGenerator.js:3:24)
    at _throw (C:\EmpPayRoll\EmpPay\node_modules\@babel\runtime\helpers\asyncToGenerator.js:29:9) {"date":"Mon Jan 10 2022 17:27:09 GMT+0530 (India Standard Time)","error":{},"exception":true,"os":{"loadavg":[0,0,0],"uptime":1245430},"process":{"argv":["node","C:\\EmpPayRoll\\EmpPay\\src\\index.js"],"cwd":"C:\\EmpPayRoll\\EmpPay","execPath":"C:\\Program Files\\nodejs\\node.exe","gid":null,"memoryUsage":{"arrayBuffers":18333169,"external":19869107,"heapTotal":47570944,"heapUsed":42280552,"rss":82587648},"pid":41752,"uid":null,"version":"v16.13.1"},"stack":"ReferenceError: next is not defined\n    at _callee2$ (C:\\EmpPayRoll\\EmpPay\\src\\controllers\\/user.controller.js:61:5)\n    at tryCatch (C:\\EmpPayRoll\\EmpPay\\node_modules\\regenerator-runtime\\runtime.js:63:40)\n    at Generator.invoke [as _invoke] (C:\\EmpPayRoll\\EmpPay\\node_modules\\regenerator-runtime\\runtime.js:294:22)\n    at Generator.throw (C:\\EmpPayRoll\\EmpPay\\node_modules\\regenerator-runtime\\runtime.js:119:21)\n    at asyncGeneratorStep (C:\\EmpPayRoll\\EmpPay\\node_modules\\@babel\\runtime\\helpers\\asyncToGenerator.js:3:24)\n    at _throw (C:\\EmpPayRoll\\EmpPay\\node_modules\\@babel\\runtime\\helpers\\asyncToGenerator.js:29:9)","timestamp":"2022-01-10T11:57:09.352Z","trace":[{"column":5,"file":"C:\\EmpPayRoll\\EmpPay\\src\\controllers\\/user.controller.js","function":"_callee2$","line":61,"method":null,"native":false},{"column":40,"file":"C:\\EmpPayRoll\\EmpPay\\node_modules\\regenerator-runtime\\runtime.js","function":"tryCatch","line":63,"method":null,"native":false},{"column":22,"file":"C:\\EmpPayRoll\\EmpPay\\node_modules\\regenerator-runtime\\runtime.js","function":"Generator.invoke [as _invoke]","line":294,"method":"invoke [as _invoke]","native":false},{"column":21,"file":"C:\\EmpPayRoll\\EmpPay\\node_modules\\regenerator-runtime\\runtime.js","function":"Generator.throw","line":119,"method":"throw","native":false},{"column":24,"file":"C:\\EmpPayRoll\\EmpPay\\node_modules\\@babel\\runtime\\helpers\\asyncToGenerator.js","function":"asyncGeneratorStep","line":3,"method":null,"native":false},{"column":9,"file":"C:\\EmpPayRoll\\EmpPay\\node_modules\\@babel\\runtime\\helpers\\asyncToGenerator.js","function":"_throw","line":29,"method":null,"native":false}]}
error: uncaughtException: next is not defined
ReferenceError: next is not defined
    at _callee2$ (C:\EmpPayRoll\EmpPay\src\controllers\/user.controller.js:61:5)
    at tryCatch (C:\EmpPayRoll\EmpPay\node_modules\regenerator-runtime\runtime.js:63:40)
    at Generator.invoke [as _invoke] (C:\EmpPayRoll\EmpPay\node_modules\regenerator-runtime\runtime.js:294:22)
    at Generator.throw (C:\EmpPayRoll\EmpPay\node_modules\regenerator-runtime\runtime.js:119:21)
    at asyncGeneratorStep (C:\EmpPayRoll\EmpPay\node_modules\@babel\runtime\helpers\asyncToGenerator.js:3:24)
    at _throw (C:\EmpPayRoll\EmpPay\node_modules\@babel\runtime\helpers\asyncToGenerator.js:29:9) {"date":"Mon Jan 10 2022 17:32:06 GMT+0530 (India Standard Time)","error":{},"exception":true,"os":{"loadavg":[0,0,0],"uptime":1245728},"process":{"argv":["node","C:\\EmpPayRoll\\EmpPay\\src\\index.js"],"cwd":"C:\\EmpPayRoll\\EmpPay","execPath":"C:\\Program Files\\nodejs\\node.exe","gid":null,"memoryUsage":{"arrayBuffers":18327669,"external":19863607,"heapTotal":47570944,"heapUsed":41928216,"rss":82677760},"pid":32696,"uid":null,"version":"v16.13.1"},"stack":"ReferenceError: next is not defined\n    at _callee2$ (C:\\EmpPayRoll\\EmpPay\\src\\controllers\\/user.controller.js:61:5)\n    at tryCatch (C:\\EmpPayRoll\\EmpPay\\node_modules\\regenerator-runtime\\runtime.js:63:40)\n    at Generator.invoke [as _invoke] (C:\\EmpPayRoll\\EmpPay\\node_modules\\regenerator-runtime\\runtime.js:294:22)\n    at Generator.throw (C:\\EmpPayRoll\\EmpPay\\node_modules\\regenerator-runtime\\runtime.js:119:21)\n    at asyncGeneratorStep (C:\\EmpPayRoll\\EmpPay\\node_modules\\@babel\\runtime\\helpers\\asyncToGenerator.js:3:24)\n    at _throw (C:\\EmpPayRoll\\EmpPay\\node_modules\\@babel\\runtime\\helpers\\asyncToGenerator.js:29:9)","timestamp":"2022-01-10T12:02:07.020Z","trace":[{"column":5,"file":"C:\\EmpPayRoll\\EmpPay\\src\\controllers\\/user.controller.js","function":"_callee2$","line":61,"method":null,"native":false},{"column":40,"file":"C:\\EmpPayRoll\\EmpPay\\node_modules\\regenerator-runtime\\runtime.js","function":"tryCatch","line":63,"method":null,"native":false},{"column":22,"file":"C:\\EmpPayRoll\\EmpPay\\node_modules\\regenerator-runtime\\runtime.js","function":"Generator.invoke [as _invoke]","line":294,"method":"invoke [as _invoke]","native":false},{"column":21,"file":"C:\\EmpPayRoll\\EmpPay\\node_modules\\regenerator-runtime\\runtime.js","function":"Generator.throw","line":119,"method":"throw","native":false},{"column":24,"file":"C:\\EmpPayRoll\\EmpPay\\node_modules\\@babel\\runtime\\helpers\\asyncToGenerator.js","function":"asyncGeneratorStep","line":3,"method":null,"native":false},{"column":9,"file":"C:\\EmpPayRoll\\EmpPay\\node_modules\\@babel\\runtime\\helpers\\asyncToGenerator.js","function":"_throw","line":29,"method":null,"native":false}]}
error: 
    status - 500 
    message - ReferenceError: email is not defined
    at _callee2$ (C:\EmpPayRoll\EmpPay\src\services\/user.service.js:28:42)
    at tryCatch (C:\EmpPayRoll\EmpPay\node_modules\regenerator-runtime\runtime.js:63:40)
    at Generator.invoke [as _invoke] (C:\EmpPayRoll\EmpPay\node_modules\regenerator-runtime\runtime.js:294:22)
    at Generator.next (C:\EmpPayRoll\EmpPay\node_modules\regenerator-runtime\runtime.js:119:21)
    at asyncGeneratorStep (C:\EmpPayRoll\EmpPay\node_modules\@babel\runtime\helpers\asyncToGenerator.js:3:24)
    at _next (C:\EmpPayRoll\EmpPay\node_modules\@babel\runtime\helpers\asyncToGenerator.js:25:9) 
    url - /api/v1/users/login 
    method - POST 
    IP - ::ffff:127.0.0.1
   {"timestamp":"2022-01-10T12:03:20.578Z"}
error: 
    status - 500 
    message - ReferenceError: email is not defined
    at _callee2$ (C:\EmpPayRoll\EmpPay\src\services\/user.service.js:28:42)
    at tryCatch (C:\EmpPayRoll\EmpPay\node_modules\regenerator-runtime\runtime.js:63:40)
    at Generator.invoke [as _invoke] (C:\EmpPayRoll\EmpPay\node_modules\regenerator-runtime\runtime.js:294:22)
    at Generator.next (C:\EmpPayRoll\EmpPay\node_modules\regenerator-runtime\runtime.js:119:21)
    at asyncGeneratorStep (C:\EmpPayRoll\EmpPay\node_modules\@babel\runtime\helpers\asyncToGenerator.js:3:24)
    at _next (C:\EmpPayRoll\EmpPay\node_modules\@babel\runtime\helpers\asyncToGenerator.js:25:9) 
    url - /api/v1/users/login 
    method - POST 
    IP - ::ffff:127.0.0.1
   {"timestamp":"2022-01-10T12:04:22.465Z"}
error: 
    status - 500 
    message - ReferenceError: jwt is not defined
    at _callee2$ (C:\EmpPayRoll\EmpPay\src\services\/user.service.js:29:13)
    at tryCatch (C:\EmpPayRoll\EmpPay\node_modules\regenerator-runtime\runtime.js:63:40)
    at Generator.invoke [as _invoke] (C:\EmpPayRoll\EmpPay\node_modules\regenerator-runtime\runtime.js:294:22)
    at Generator.next (C:\EmpPayRoll\EmpPay\node_modules\regenerator-runtime\runtime.js:119:21)
    at asyncGeneratorStep (C:\EmpPayRoll\EmpPay\node_modules\@babel\runtime\helpers\asyncToGenerator.js:3:24)
    at _next (C:\EmpPayRoll\EmpPay\node_modules\@babel\runtime\helpers\asyncToGenerator.js:25:9) 
    url - /api/v1/users/login 
    method - POST 
    IP - ::ffff:127.0.0.1
   {"timestamp":"2022-01-10T12:19:04.913Z"}
error: 
    status - 500 
    message - TypeError: jwt.sing is not a function
    at _callee2$ (C:\EmpPayRoll\EmpPay\src\services\/user.service.js:31:25)
    at tryCatch (C:\EmpPayRoll\EmpPay\node_modules\regenerator-runtime\runtime.js:63:40)
    at Generator.invoke [as _invoke] (C:\EmpPayRoll\EmpPay\node_modules\regenerator-runtime\runtime.js:294:22)
    at Generator.next (C:\EmpPayRoll\EmpPay\node_modules\regenerator-runtime\runtime.js:119:21)
    at asyncGeneratorStep (C:\EmpPayRoll\EmpPay\node_modules\@babel\runtime\helpers\asyncToGenerator.js:3:24)
    at _next (C:\EmpPayRoll\EmpPay\node_modules\@babel\runtime\helpers\asyncToGenerator.js:25:9) 
    url - /api/v1/users/login 
    method - POST 
    IP - ::ffff:127.0.0.1
   {"timestamp":"2022-01-10T12:20:25.436Z"}
error: 
    status - 500 
    message - TypeError: jwt.sing is not a function
    at _callee2$ (C:\EmpPayRoll\EmpPay\src\services\/user.service.js:31:25)
    at tryCatch (C:\EmpPayRoll\EmpPay\node_modules\regenerator-runtime\runtime.js:63:40)
    at Generator.invoke [as _invoke] (C:\EmpPayRoll\EmpPay\node_modules\regenerator-runtime\runtime.js:294:22)
    at Generator.next (C:\EmpPayRoll\EmpPay\node_modules\regenerator-runtime\runtime.js:119:21)
    at asyncGeneratorStep (C:\EmpPayRoll\EmpPay\node_modules\@babel\runtime\helpers\asyncToGenerator.js:3:24)
    at _next (C:\EmpPayRoll\EmpPay\node_modules\@babel\runtime\helpers\asyncToGenerator.js:25:9) 
    url - /api/v1/users/login 
    method - POST 
    IP - ::ffff:127.0.0.1
   {"timestamp":"2022-01-10T12:22:36.711Z"}
error: uncaughtException: listen EADDRINUSE: address already in use :::5599
Error: listen EADDRINUSE: address already in use :::5599
    at Server.setupListenHandle [as _listen2] (node:net:1334:16)
    at listenInCluster (node:net:1382:12)
    at Server.listen (node:net:1469:7)
    at Function.listen (C:\EmpPayRoll\EmpPay\node_modules\express\lib\application.js:618:24)
    at Object.<anonymous> (C:\EmpPayRoll\EmpPay\src\/index.js:37:5)
    at Module._compile (node:internal/modules/cjs/loader:1101:14)
    at Module._compile (C:\EmpPayRoll\EmpPay\node_modules\pirates\lib\index.js:136:24)
    at Module._extensions..js (node:internal/modules/cjs/loader:1153:10)
    at Object.newLoader [as .js] (C:\EmpPayRoll\EmpPay\node_modules\pirates\lib\index.js:141:7)
    at Module.load (node:internal/modules/cjs/loader:981:32)
    at Function.Module._load (node:internal/modules/cjs/loader:822:12)
    at Function.executeUserEntryPoint [as runMain] (node:internal/modules/run_main:81:12)
    at Object.<anonymous> (C:\EmpPayRoll\EmpPay\node_modules\@babel\node\lib\_babel-node.js:176:21)
    at Module._compile (node:internal/modules/cjs/loader:1101:14)
    at Object.Module._extensions..js (node:internal/modules/cjs/loader:1153:10)
    at Module.load (node:internal/modules/cjs/loader:981:32) {"date":"Mon Jan 10 2022 22:23:55 GMT+0530 (India Standard Time)","error":{"address":"::","code":"EADDRINUSE","errno":-4091,"port":5599,"syscall":"listen"},"exception":true,"os":{"loadavg":[0,0,0],"uptime":1263237},"process":{"argv":["node","C:\\EmpPayRoll\\EmpPay\\src\\index.js"],"cwd":"C:\\EmpPayRoll\\EmpPay","execPath":"C:\\Program Files\\nodejs\\node.exe","gid":null,"memoryUsage":{"arrayBuffers":18788592,"external":26221949,"heapTotal":93970432,"heapUsed":54438456,"rss":126676992},"pid":31100,"uid":null,"version":"v16.13.1"},"stack":"Error: listen EADDRINUSE: address already in use :::5599\n    at Server.setupListenHandle [as _listen2] (node:net:1334:16)\n    at listenInCluster (node:net:1382:12)\n    at Server.listen (node:net:1469:7)\n    at Function.listen (C:\\EmpPayRoll\\EmpPay\\node_modules\\express\\lib\\application.js:618:24)\n    at Object.<anonymous> (C:\\EmpPayRoll\\EmpPay\\src\\/index.js:37:5)\n    at Module._compile (node:internal/modules/cjs/loader:1101:14)\n    at Module._compile (C:\\EmpPayRoll\\EmpPay\\node_modules\\pirates\\lib\\index.js:136:24)\n    at Module._extensions..js (node:internal/modules/cjs/loader:1153:10)\n    at Object.newLoader [as .js] (C:\\EmpPayRoll\\EmpPay\\node_modules\\pirates\\lib\\index.js:141:7)\n    at Module.load (node:internal/modules/cjs/loader:981:32)\n    at Function.Module._load (node:internal/modules/cjs/loader:822:12)\n    at Function.executeUserEntryPoint [as runMain] (node:internal/modules/run_main:81:12)\n    at Object.<anonymous> (C:\\EmpPayRoll\\EmpPay\\node_modules\\@babel\\node\\lib\\_babel-node.js:176:21)\n    at Module._compile (node:internal/modules/cjs/loader:1101:14)\n    at Object.Module._extensions..js (node:internal/modules/cjs/loader:1153:10)\n    at Module.load (node:internal/modules/cjs/loader:981:32)","timestamp":"2022-01-10T16:53:56.015Z","trace":[{"column":16,"file":"node:net","function":"Server.setupListenHandle [as _listen2]","line":1334,"method":"setupListenHandle [as _listen2]","native":false},{"column":12,"file":"node:net","function":"listenInCluster","line":1382,"method":null,"native":false},{"column":7,"file":"node:net","function":"Server.listen","line":1469,"method":"listen","native":false},{"column":24,"file":"C:\\EmpPayRoll\\EmpPay\\node_modules\\express\\lib\\application.js","function":"Function.listen","line":618,"method":"listen","native":false},{"column":5,"file":"C:\\EmpPayRoll\\EmpPay\\src\\/index.js","function":null,"line":37,"method":null,"native":false},{"column":14,"file":"node:internal/modules/cjs/loader","function":"Module._compile","line":1101,"method":"_compile","native":false},{"column":24,"file":"C:\\EmpPayRoll\\EmpPay\\node_modules\\pirates\\lib\\index.js","function":"Module._compile","line":136,"method":"_compile","native":false},{"column":10,"file":"node:internal/modules/cjs/loader","function":"Module._extensions..js","line":1153,"method":".js","native":false},{"column":7,"file":"C:\\EmpPayRoll\\EmpPay\\node_modules\\pirates\\lib\\index.js","function":"Object.newLoader [as .js]","line":141,"method":"js]","native":false},{"column":32,"file":"node:internal/modules/cjs/loader","function":"Module.load","line":981,"method":"load","native":false},{"column":12,"file":"node:internal/modules/cjs/loader","function":"Module._load","line":822,"method":"_load","native":false},{"column":12,"file":"node:internal/modules/run_main","function":"Function.executeUserEntryPoint [as runMain]","line":81,"method":"executeUserEntryPoint [as runMain]","native":false},{"column":21,"file":"C:\\EmpPayRoll\\EmpPay\\node_modules\\@babel\\node\\lib\\_babel-node.js","function":null,"line":176,"method":null,"native":false},{"column":14,"file":"node:internal/modules/cjs/loader","function":"Module._compile","line":1101,"method":"_compile","native":false},{"column":10,"file":"node:internal/modules/cjs/loader","function":"Module._extensions..js","line":1153,"method":".js","native":false},{"column":32,"file":"node:internal/modules/cjs/loader","function":"Module.load","line":981,"method":"load","native":false}]}
error: uncaughtException: listen EADDRINUSE: address already in use :::5599
Error: listen EADDRINUSE: address already in use :::5599
    at Server.setupListenHandle [as _listen2] (node:net:1334:16)
    at listenInCluster (node:net:1382:12)
    at Server.listen (node:net:1469:7)
    at Function.listen (C:\EmpPayRoll\EmpPay\node_modules\express\lib\application.js:618:24)
    at Object.<anonymous> (C:\EmpPayRoll\EmpPay\src\/index.js:37:5)
    at Module._compile (node:internal/modules/cjs/loader:1101:14)
    at Module._compile (C:\EmpPayRoll\EmpPay\node_modules\pirates\lib\index.js:136:24)
    at Module._extensions..js (node:internal/modules/cjs/loader:1153:10)
    at Object.newLoader [as .js] (C:\EmpPayRoll\EmpPay\node_modules\pirates\lib\index.js:141:7)
    at Module.load (node:internal/modules/cjs/loader:981:32)
    at Function.Module._load (node:internal/modules/cjs/loader:822:12)
    at Function.executeUserEntryPoint [as runMain] (node:internal/modules/run_main:81:12)
    at Object.<anonymous> (C:\EmpPayRoll\EmpPay\node_modules\@babel\node\lib\_babel-node.js:176:21)
    at Module._compile (node:internal/modules/cjs/loader:1101:14)
    at Object.Module._extensions..js (node:internal/modules/cjs/loader:1153:10)
    at Module.load (node:internal/modules/cjs/loader:981:32) {"date":"Mon Jan 10 2022 22:25:00 GMT+0530 (India Standard Time)","error":{"address":"::","code":"EADDRINUSE","errno":-4091,"port":5599,"syscall":"listen"},"exception":true,"os":{"loadavg":[0,0,0],"uptime":1263302},"process":{"argv":["node","C:\\EmpPayRoll\\EmpPay\\src\\index.js"],"cwd":"C:\\EmpPayRoll\\EmpPay","execPath":"C:\\Program Files\\nodejs\\node.exe","gid":null,"memoryUsage":{"arrayBuffers":18832548,"external":26230141,"heapTotal":93708288,"heapUsed":54712808,"rss":126402560},"pid":27380,"uid":null,"version":"v16.13.1"},"stack":"Error: listen EADDRINUSE: address already in use :::5599\n    at Server.setupListenHandle [as _listen2] (node:net:1334:16)\n    at listenInCluster (node:net:1382:12)\n    at Server.listen (node:net:1469:7)\n    at Function.listen (C:\\EmpPayRoll\\EmpPay\\node_modules\\express\\lib\\application.js:618:24)\n    at Object.<anonymous> (C:\\EmpPayRoll\\EmpPay\\src\\/index.js:37:5)\n    at Module._compile (node:internal/modules/cjs/loader:1101:14)\n    at Module._compile (C:\\EmpPayRoll\\EmpPay\\node_modules\\pirates\\lib\\index.js:136:24)\n    at Module._extensions..js (node:internal/modules/cjs/loader:1153:10)\n    at Object.newLoader [as .js] (C:\\EmpPayRoll\\EmpPay\\node_modules\\pirates\\lib\\index.js:141:7)\n    at Module.load (node:internal/modules/cjs/loader:981:32)\n    at Function.Module._load (node:internal/modules/cjs/loader:822:12)\n    at Function.executeUserEntryPoint [as runMain] (node:internal/modules/run_main:81:12)\n    at Object.<anonymous> (C:\\EmpPayRoll\\EmpPay\\node_modules\\@babel\\node\\lib\\_babel-node.js:176:21)\n    at Module._compile (node:internal/modules/cjs/loader:1101:14)\n    at Object.Module._extensions..js (node:internal/modules/cjs/loader:1153:10)\n    at Module.load (node:internal/modules/cjs/loader:981:32)","timestamp":"2022-01-10T16:55:00.734Z","trace":[{"column":16,"file":"node:net","function":"Server.setupListenHandle [as _listen2]","line":1334,"method":"setupListenHandle [as _listen2]","native":false},{"column":12,"file":"node:net","function":"listenInCluster","line":1382,"method":null,"native":false},{"column":7,"file":"node:net","function":"Server.listen","line":1469,"method":"listen","native":false},{"column":24,"file":"C:\\EmpPayRoll\\EmpPay\\node_modules\\express\\lib\\application.js","function":"Function.listen","line":618,"method":"listen","native":false},{"column":5,"file":"C:\\EmpPayRoll\\EmpPay\\src\\/index.js","function":null,"line":37,"method":null,"native":false},{"column":14,"file":"node:internal/modules/cjs/loader","function":"Module._compile","line":1101,"method":"_compile","native":false},{"column":24,"file":"C:\\EmpPayRoll\\EmpPay\\node_modules\\pirates\\lib\\index.js","function":"Module._compile","line":136,"method":"_compile","native":false},{"column":10,"file":"node:internal/modules/cjs/loader","function":"Module._extensions..js","line":1153,"method":".js","native":false},{"column":7,"file":"C:\\EmpPayRoll\\EmpPay\\node_modules\\pirates\\lib\\index.js","function":"Object.newLoader [as .js]","line":141,"method":"js]","native":false},{"column":32,"file":"node:internal/modules/cjs/loader","function":"Module.load","line":981,"method":"load","native":false},{"column":12,"file":"node:internal/modules/cjs/loader","function":"Module._load","line":822,"method":"_load","native":false},{"column":12,"file":"node:internal/modules/run_main","function":"Function.executeUserEntryPoint [as runMain]","line":81,"method":"executeUserEntryPoint [as runMain]","native":false},{"column":21,"file":"C:\\EmpPayRoll\\EmpPay\\node_modules\\@babel\\node\\lib\\_babel-node.js","function":null,"line":176,"method":null,"native":false},{"column":14,"file":"node:internal/modules/cjs/loader","function":"Module._compile","line":1101,"method":"_compile","native":false},{"column":10,"file":"node:internal/modules/cjs/loader","function":"Module._extensions..js","line":1153,"method":".js","native":false},{"column":32,"file":"node:internal/modules/cjs/loader","function":"Module.load","line":981,"method":"load","native":false}]}
error: Could not connect to the database. querySrv ECONNREFUSED _mongodb._tcp.demo.aoloa.mongodb.net {"code":"ECONNREFUSED","hostname":"_mongodb._tcp.demo.aoloa.mongodb.net","stack":"Error: querySrv ECONNREFUSED _mongodb._tcp.demo.aoloa.mongodb.net\n    at QueryReqWrap.onresolve [as oncomplete] (node:dns:213:19)","syscall":"querySrv","timestamp":"2022-01-10T18:25:19.785Z"}
error: 
      status - 400
      message - Authorization token is required 
      url - /api/v1/users/register 
      method - GET 
      IP - ::ffff:127.0.0.1
     {"timestamp":"2022-01-11T05:30:53.686Z"}
