error: uncaughtException: listen EADDRINUSE: address already in use :::3000
Error: listen EADDRINUSE: address already in use :::3000
    at Server.setupListenHandle [as _listen2] (node:net:1334:16)
    at listenInCluster (node:net:1382:12)
    at Server.listen (node:net:1469:7)
    at Function.listen (C:\EmpPayRoll\EmpPay\node_modules\express\lib\application.js:618:24)
    at Object.<anonymous> (C:\EmpPayRoll\EmpPay\src\/index.js:37:5)
    at Module._compile (node:internal/modules/cjs/loader:1101:14)
    at Module._compile (C:\EmpPayRoll\EmpPay\node_modules\pirates\lib\index.js:136:24)
    at Module._extensions..js (node:internal/modules/cjs/loader:1153:10)
    at Object.newLoader [as .js] (C:\EmpPayRoll\EmpPay\node_modules\pirates\lib\index.js:141:7)
    at Module.load (node:internal/modules/cjs/loader:981:32)
    at Function.Module._load (node:internal/modules/cjs/loader:822:12)
    at Function.executeUserEntryPoint [as runMain] (node:internal/modules/run_main:81:12)
    at Object.<anonymous> (C:\EmpPayRoll\EmpPay\node_modules\@babel\node\lib\_babel-node.js:176:21)
    at Module._compile (node:internal/modules/cjs/loader:1101:14)
    at Object.Module._extensions..js (node:internal/modules/cjs/loader:1153:10)
    at Module.load (node:internal/modules/cjs/loader:981:32) {"date":"Mon Jan 10 2022 13:29:35 GMT+0530 (India Standard Time)","error":{"address":"::","code":"EADDRINUSE","errno":-4091,"port":3000,"syscall":"listen"},"exception":true,"os":{"loadavg":[0,0,0],"uptime":1231177},"process":{"argv":["node","C:\\EmpPayRoll\\EmpPay\\src\\index.js"],"cwd":"C:\\EmpPayRoll\\EmpPay","execPath":"C:\\Program Files\\nodejs\\node.exe","gid":null,"memoryUsage":{"arrayBuffers":19054073,"external":25851438,"heapTotal":89694208,"heapUsed":70285016,"rss":124960768},"pid":40568,"uid":null,"version":"v16.13.1"},"stack":"Error: listen EADDRINUSE: address already in use :::3000\n    at Server.setupListenHandle [as _listen2] (node:net:1334:16)\n    at listenInCluster (node:net:1382:12)\n    at Server.listen (node:net:1469:7)\n    at Function.listen (C:\\EmpPayRoll\\EmpPay\\node_modules\\express\\lib\\application.js:618:24)\n    at Object.<anonymous> (C:\\EmpPayRoll\\EmpPay\\src\\/index.js:37:5)\n    at Module._compile (node:internal/modules/cjs/loader:1101:14)\n    at Module._compile (C:\\EmpPayRoll\\EmpPay\\node_modules\\pirates\\lib\\index.js:136:24)\n    at Module._extensions..js (node:internal/modules/cjs/loader:1153:10)\n    at Object.newLoader [as .js] (C:\\EmpPayRoll\\EmpPay\\node_modules\\pirates\\lib\\index.js:141:7)\n    at Module.load (node:internal/modules/cjs/loader:981:32)\n    at Function.Module._load (node:internal/modules/cjs/loader:822:12)\n    at Function.executeUserEntryPoint [as runMain] (node:internal/modules/run_main:81:12)\n    at Object.<anonymous> (C:\\EmpPayRoll\\EmpPay\\node_modules\\@babel\\node\\lib\\_babel-node.js:176:21)\n    at Module._compile (node:internal/modules/cjs/loader:1101:14)\n    at Object.Module._extensions..js (node:internal/modules/cjs/loader:1153:10)\n    at Module.load (node:internal/modules/cjs/loader:981:32)","trace":[{"column":16,"file":"node:net","function":"Server.setupListenHandle [as _listen2]","line":1334,"method":"setupListenHandle [as _listen2]","native":false},{"column":12,"file":"node:net","function":"listenInCluster","line":1382,"method":null,"native":false},{"column":7,"file":"node:net","function":"Server.listen","line":1469,"method":"listen","native":false},{"column":24,"file":"C:\\EmpPayRoll\\EmpPay\\node_modules\\express\\lib\\application.js","function":"Function.listen","line":618,"method":"listen","native":false},{"column":5,"file":"C:\\EmpPayRoll\\EmpPay\\src\\/index.js","function":null,"line":37,"method":null,"native":false},{"column":14,"file":"node:internal/modules/cjs/loader","function":"Module._compile","line":1101,"method":"_compile","native":false},{"column":24,"file":"C:\\EmpPayRoll\\EmpPay\\node_modules\\pirates\\lib\\index.js","function":"Module._compile","line":136,"method":"_compile","native":false},{"column":10,"file":"node:internal/modules/cjs/loader","function":"Module._extensions..js","line":1153,"method":".js","native":false},{"column":7,"file":"C:\\EmpPayRoll\\EmpPay\\node_modules\\pirates\\lib\\index.js","function":"Object.newLoader [as .js]","line":141,"method":"js]","native":false},{"column":32,"file":"node:internal/modules/cjs/loader","function":"Module.load","line":981,"method":"load","native":false},{"column":12,"file":"node:internal/modules/cjs/loader","function":"Module._load","line":822,"method":"_load","native":false},{"column":12,"file":"node:internal/modules/run_main","function":"Function.executeUserEntryPoint [as runMain]","line":81,"method":"executeUserEntryPoint [as runMain]","native":false},{"column":21,"file":"C:\\EmpPayRoll\\EmpPay\\node_modules\\@babel\\node\\lib\\_babel-node.js","function":null,"line":176,"method":null,"native":false},{"column":14,"file":"node:internal/modules/cjs/loader","function":"Module._compile","line":1101,"method":"_compile","native":false},{"column":10,"file":"node:internal/modules/cjs/loader","function":"Module._extensions..js","line":1153,"method":".js","native":false},{"column":32,"file":"node:internal/modules/cjs/loader","function":"Module.load","line":981,"method":"load","native":false}]}
error: uncaughtException: listen EADDRINUSE: address already in use :::5577
Error: listen EADDRINUSE: address already in use :::5577
    at Server.setupListenHandle [as _listen2] (node:net:1334:16)
    at listenInCluster (node:net:1382:12)
    at Server.listen (node:net:1469:7)
    at Function.listen (C:\EmpPayRoll\EmpPay\node_modules\express\lib\application.js:618:24)
    at Object.<anonymous> (C:\EmpPayRoll\EmpPay\src\/index.js:37:5)
    at Module._compile (node:internal/modules/cjs/loader:1101:14)
    at Module._compile (C:\EmpPayRoll\EmpPay\node_modules\pirates\lib\index.js:136:24)
    at Module._extensions..js (node:internal/modules/cjs/loader:1153:10)
    at Object.newLoader [as .js] (C:\EmpPayRoll\EmpPay\node_modules\pirates\lib\index.js:141:7)
    at Module.load (node:internal/modules/cjs/loader:981:32)
    at Function.Module._load (node:internal/modules/cjs/loader:822:12)
    at Function.executeUserEntryPoint [as runMain] (node:internal/modules/run_main:81:12)
    at Object.<anonymous> (C:\EmpPayRoll\EmpPay\node_modules\@babel\node\lib\_babel-node.js:176:21)
    at Module._compile (node:internal/modules/cjs/loader:1101:14)
    at Object.Module._extensions..js (node:internal/modules/cjs/loader:1153:10)
    at Module.load (node:internal/modules/cjs/loader:981:32) {"date":"Mon Jan 10 2022 13:33:48 GMT+0530 (India Standard Time)","error":{"address":"::","code":"EADDRINUSE","errno":-4091,"port":5577,"syscall":"listen"},"exception":true,"os":{"loadavg":[0,0,0],"uptime":1231429},"process":{"argv":["node","C:\\EmpPayRoll\\EmpPay\\src\\index.js"],"cwd":"C:\\EmpPayRoll\\EmpPay","execPath":"C:\\Program Files\\nodejs\\node.exe","gid":null,"memoryUsage":{"arrayBuffers":19054073,"external":25851438,"heapTotal":89694208,"heapUsed":70213176,"rss":124755968},"pid":27208,"uid":null,"version":"v16.13.1"},"stack":"Error: listen EADDRINUSE: address already in use :::5577\n    at Server.setupListenHandle [as _listen2] (node:net:1334:16)\n    at listenInCluster (node:net:1382:12)\n    at Server.listen (node:net:1469:7)\n    at Function.listen (C:\\EmpPayRoll\\EmpPay\\node_modules\\express\\lib\\application.js:618:24)\n    at Object.<anonymous> (C:\\EmpPayRoll\\EmpPay\\src\\/index.js:37:5)\n    at Module._compile (node:internal/modules/cjs/loader:1101:14)\n    at Module._compile (C:\\EmpPayRoll\\EmpPay\\node_modules\\pirates\\lib\\index.js:136:24)\n    at Module._extensions..js (node:internal/modules/cjs/loader:1153:10)\n    at Object.newLoader [as .js] (C:\\EmpPayRoll\\EmpPay\\node_modules\\pirates\\lib\\index.js:141:7)\n    at Module.load (node:internal/modules/cjs/loader:981:32)\n    at Function.Module._load (node:internal/modules/cjs/loader:822:12)\n    at Function.executeUserEntryPoint [as runMain] (node:internal/modules/run_main:81:12)\n    at Object.<anonymous> (C:\\EmpPayRoll\\EmpPay\\node_modules\\@babel\\node\\lib\\_babel-node.js:176:21)\n    at Module._compile (node:internal/modules/cjs/loader:1101:14)\n    at Object.Module._extensions..js (node:internal/modules/cjs/loader:1153:10)\n    at Module.load (node:internal/modules/cjs/loader:981:32)","trace":[{"column":16,"file":"node:net","function":"Server.setupListenHandle [as _listen2]","line":1334,"method":"setupListenHandle [as _listen2]","native":false},{"column":12,"file":"node:net","function":"listenInCluster","line":1382,"method":null,"native":false},{"column":7,"file":"node:net","function":"Server.listen","line":1469,"method":"listen","native":false},{"column":24,"file":"C:\\EmpPayRoll\\EmpPay\\node_modules\\express\\lib\\application.js","function":"Function.listen","line":618,"method":"listen","native":false},{"column":5,"file":"C:\\EmpPayRoll\\EmpPay\\src\\/index.js","function":null,"line":37,"method":null,"native":false},{"column":14,"file":"node:internal/modules/cjs/loader","function":"Module._compile","line":1101,"method":"_compile","native":false},{"column":24,"file":"C:\\EmpPayRoll\\EmpPay\\node_modules\\pirates\\lib\\index.js","function":"Module._compile","line":136,"method":"_compile","native":false},{"column":10,"file":"node:internal/modules/cjs/loader","function":"Module._extensions..js","line":1153,"method":".js","native":false},{"column":7,"file":"C:\\EmpPayRoll\\EmpPay\\node_modules\\pirates\\lib\\index.js","function":"Object.newLoader [as .js]","line":141,"method":"js]","native":false},{"column":32,"file":"node:internal/modules/cjs/loader","function":"Module.load","line":981,"method":"load","native":false},{"column":12,"file":"node:internal/modules/cjs/loader","function":"Module._load","line":822,"method":"_load","native":false},{"column":12,"file":"node:internal/modules/run_main","function":"Function.executeUserEntryPoint [as runMain]","line":81,"method":"executeUserEntryPoint [as runMain]","native":false},{"column":21,"file":"C:\\EmpPayRoll\\EmpPay\\node_modules\\@babel\\node\\lib\\_babel-node.js","function":null,"line":176,"method":null,"native":false},{"column":14,"file":"node:internal/modules/cjs/loader","function":"Module._compile","line":1101,"method":"_compile","native":false},{"column":10,"file":"node:internal/modules/cjs/loader","function":"Module._extensions..js","line":1153,"method":".js","native":false},{"column":32,"file":"node:internal/modules/cjs/loader","function":"Module.load","line":981,"method":"load","native":false}]}
error: uncaughtException: listen EADDRINUSE: address already in use :::5566
Error: listen EADDRINUSE: address already in use :::5566
    at Server.setupListenHandle [as _listen2] (node:net:1334:16)
    at listenInCluster (node:net:1382:12)
    at Server.listen (node:net:1469:7)
    at Function.listen (C:\EmpPayRoll\EmpPay\node_modules\express\lib\application.js:618:24)
    at Object.<anonymous> (C:\EmpPayRoll\EmpPay\src\/index.js:37:5)
    at Module._compile (node:internal/modules/cjs/loader:1101:14)
    at Module._compile (C:\EmpPayRoll\EmpPay\node_modules\pirates\lib\index.js:136:24)
    at Module._extensions..js (node:internal/modules/cjs/loader:1153:10)
    at Object.newLoader [as .js] (C:\EmpPayRoll\EmpPay\node_modules\pirates\lib\index.js:141:7)
    at Module.load (node:internal/modules/cjs/loader:981:32)
    at Function.Module._load (node:internal/modules/cjs/loader:822:12)
    at Function.executeUserEntryPoint [as runMain] (node:internal/modules/run_main:81:12)
    at Object.<anonymous> (C:\EmpPayRoll\EmpPay\node_modules\@babel\node\lib\_babel-node.js:176:21)
    at Module._compile (node:internal/modules/cjs/loader:1101:14)
    at Object.Module._extensions..js (node:internal/modules/cjs/loader:1153:10)
    at Module.load (node:internal/modules/cjs/loader:981:32) {"date":"Mon Jan 10 2022 13:36:11 GMT+0530 (India Standard Time)","error":{"address":"::","code":"EADDRINUSE","errno":-4091,"port":5566,"syscall":"listen"},"exception":true,"os":{"loadavg":[0,0,0],"uptime":1231573},"process":{"argv":["node","C:\\EmpPayRoll\\EmpPay\\src\\index.js"],"cwd":"C:\\EmpPayRoll\\EmpPay","execPath":"C:\\Program Files\\nodejs\\node.exe","gid":null,"memoryUsage":{"arrayBuffers":19054073,"external":25851438,"heapTotal":90411008,"heapUsed":70437200,"rss":124837888},"pid":39312,"uid":null,"version":"v16.13.1"},"stack":"Error: listen EADDRINUSE: address already in use :::5566\n    at Server.setupListenHandle [as _listen2] (node:net:1334:16)\n    at listenInCluster (node:net:1382:12)\n    at Server.listen (node:net:1469:7)\n    at Function.listen (C:\\EmpPayRoll\\EmpPay\\node_modules\\express\\lib\\application.js:618:24)\n    at Object.<anonymous> (C:\\EmpPayRoll\\EmpPay\\src\\/index.js:37:5)\n    at Module._compile (node:internal/modules/cjs/loader:1101:14)\n    at Module._compile (C:\\EmpPayRoll\\EmpPay\\node_modules\\pirates\\lib\\index.js:136:24)\n    at Module._extensions..js (node:internal/modules/cjs/loader:1153:10)\n    at Object.newLoader [as .js] (C:\\EmpPayRoll\\EmpPay\\node_modules\\pirates\\lib\\index.js:141:7)\n    at Module.load (node:internal/modules/cjs/loader:981:32)\n    at Function.Module._load (node:internal/modules/cjs/loader:822:12)\n    at Function.executeUserEntryPoint [as runMain] (node:internal/modules/run_main:81:12)\n    at Object.<anonymous> (C:\\EmpPayRoll\\EmpPay\\node_modules\\@babel\\node\\lib\\_babel-node.js:176:21)\n    at Module._compile (node:internal/modules/cjs/loader:1101:14)\n    at Object.Module._extensions..js (node:internal/modules/cjs/loader:1153:10)\n    at Module.load (node:internal/modules/cjs/loader:981:32)","trace":[{"column":16,"file":"node:net","function":"Server.setupListenHandle [as _listen2]","line":1334,"method":"setupListenHandle [as _listen2]","native":false},{"column":12,"file":"node:net","function":"listenInCluster","line":1382,"method":null,"native":false},{"column":7,"file":"node:net","function":"Server.listen","line":1469,"method":"listen","native":false},{"column":24,"file":"C:\\EmpPayRoll\\EmpPay\\node_modules\\express\\lib\\application.js","function":"Function.listen","line":618,"method":"listen","native":false},{"column":5,"file":"C:\\EmpPayRoll\\EmpPay\\src\\/index.js","function":null,"line":37,"method":null,"native":false},{"column":14,"file":"node:internal/modules/cjs/loader","function":"Module._compile","line":1101,"method":"_compile","native":false},{"column":24,"file":"C:\\EmpPayRoll\\EmpPay\\node_modules\\pirates\\lib\\index.js","function":"Module._compile","line":136,"method":"_compile","native":false},{"column":10,"file":"node:internal/modules/cjs/loader","function":"Module._extensions..js","line":1153,"method":".js","native":false},{"column":7,"file":"C:\\EmpPayRoll\\EmpPay\\node_modules\\pirates\\lib\\index.js","function":"Object.newLoader [as .js]","line":141,"method":"js]","native":false},{"column":32,"file":"node:internal/modules/cjs/loader","function":"Module.load","line":981,"method":"load","native":false},{"column":12,"file":"node:internal/modules/cjs/loader","function":"Module._load","line":822,"method":"_load","native":false},{"column":12,"file":"node:internal/modules/run_main","function":"Function.executeUserEntryPoint [as runMain]","line":81,"method":"executeUserEntryPoint [as runMain]","native":false},{"column":21,"file":"C:\\EmpPayRoll\\EmpPay\\node_modules\\@babel\\node\\lib\\_babel-node.js","function":null,"line":176,"method":null,"native":false},{"column":14,"file":"node:internal/modules/cjs/loader","function":"Module._compile","line":1101,"method":"_compile","native":false},{"column":10,"file":"node:internal/modules/cjs/loader","function":"Module._extensions..js","line":1153,"method":".js","native":false},{"column":32,"file":"node:internal/modules/cjs/loader","function":"Module.load","line":981,"method":"load","native":false}]}
error: uncaughtException: listen EADDRINUSE: address already in use :::5599
Error: listen EADDRINUSE: address already in use :::5599
    at Server.setupListenHandle [as _listen2] (node:net:1334:16)
    at listenInCluster (node:net:1382:12)
    at Server.listen (node:net:1469:7)
    at Function.listen (C:\EmpPayRoll\EmpPay\node_modules\express\lib\application.js:618:24)
    at Object.<anonymous> (C:\EmpPayRoll\EmpPay\src\/index.js:37:5)
    at Module._compile (node:internal/modules/cjs/loader:1101:14)
    at Module._compile (C:\EmpPayRoll\EmpPay\node_modules\pirates\lib\index.js:136:24)
    at Module._extensions..js (node:internal/modules/cjs/loader:1153:10)
    at Object.newLoader [as .js] (C:\EmpPayRoll\EmpPay\node_modules\pirates\lib\index.js:141:7)
    at Module.load (node:internal/modules/cjs/loader:981:32)
    at Function.Module._load (node:internal/modules/cjs/loader:822:12)
    at Function.executeUserEntryPoint [as runMain] (node:internal/modules/run_main:81:12)
    at Object.<anonymous> (C:\EmpPayRoll\EmpPay\node_modules\@babel\node\lib\_babel-node.js:176:21)
    at Module._compile (node:internal/modules/cjs/loader:1101:14)
    at Object.Module._extensions..js (node:internal/modules/cjs/loader:1153:10)
    at Module.load (node:internal/modules/cjs/loader:981:32) {"date":"Mon Jan 10 2022 14:05:18 GMT+0530 (India Standard Time)","error":{"address":"::","code":"EADDRINUSE","errno":-4091,"port":5599,"syscall":"listen"},"exception":true,"os":{"loadavg":[0,0,0],"uptime":1233320},"process":{"argv":["node","C:\\EmpPayRoll\\EmpPay\\src\\index.js"],"cwd":"C:\\EmpPayRoll\\EmpPay","execPath":"C:\\Program Files\\nodejs\\node.exe","gid":null,"memoryUsage":{"arrayBuffers":18375890,"external":25844832,"heapTotal":91668480,"heapUsed":62374552,"rss":126730240},"pid":26348,"uid":null,"version":"v16.13.1"},"stack":"Error: listen EADDRINUSE: address already in use :::5599\n    at Server.setupListenHandle [as _listen2] (node:net:1334:16)\n    at listenInCluster (node:net:1382:12)\n    at Server.listen (node:net:1469:7)\n    at Function.listen (C:\\EmpPayRoll\\EmpPay\\node_modules\\express\\lib\\application.js:618:24)\n    at Object.<anonymous> (C:\\EmpPayRoll\\EmpPay\\src\\/index.js:37:5)\n    at Module._compile (node:internal/modules/cjs/loader:1101:14)\n    at Module._compile (C:\\EmpPayRoll\\EmpPay\\node_modules\\pirates\\lib\\index.js:136:24)\n    at Module._extensions..js (node:internal/modules/cjs/loader:1153:10)\n    at Object.newLoader [as .js] (C:\\EmpPayRoll\\EmpPay\\node_modules\\pirates\\lib\\index.js:141:7)\n    at Module.load (node:internal/modules/cjs/loader:981:32)\n    at Function.Module._load (node:internal/modules/cjs/loader:822:12)\n    at Function.executeUserEntryPoint [as runMain] (node:internal/modules/run_main:81:12)\n    at Object.<anonymous> (C:\\EmpPayRoll\\EmpPay\\node_modules\\@babel\\node\\lib\\_babel-node.js:176:21)\n    at Module._compile (node:internal/modules/cjs/loader:1101:14)\n    at Object.Module._extensions..js (node:internal/modules/cjs/loader:1153:10)\n    at Module.load (node:internal/modules/cjs/loader:981:32)","trace":[{"column":16,"file":"node:net","function":"Server.setupListenHandle [as _listen2]","line":1334,"method":"setupListenHandle [as _listen2]","native":false},{"column":12,"file":"node:net","function":"listenInCluster","line":1382,"method":null,"native":false},{"column":7,"file":"node:net","function":"Server.listen","line":1469,"method":"listen","native":false},{"column":24,"file":"C:\\EmpPayRoll\\EmpPay\\node_modules\\express\\lib\\application.js","function":"Function.listen","line":618,"method":"listen","native":false},{"column":5,"file":"C:\\EmpPayRoll\\EmpPay\\src\\/index.js","function":null,"line":37,"method":null,"native":false},{"column":14,"file":"node:internal/modules/cjs/loader","function":"Module._compile","line":1101,"method":"_compile","native":false},{"column":24,"file":"C:\\EmpPayRoll\\EmpPay\\node_modules\\pirates\\lib\\index.js","function":"Module._compile","line":136,"method":"_compile","native":false},{"column":10,"file":"node:internal/modules/cjs/loader","function":"Module._extensions..js","line":1153,"method":".js","native":false},{"column":7,"file":"C:\\EmpPayRoll\\EmpPay\\node_modules\\pirates\\lib\\index.js","function":"Object.newLoader [as .js]","line":141,"method":"js]","native":false},{"column":32,"file":"node:internal/modules/cjs/loader","function":"Module.load","line":981,"method":"load","native":false},{"column":12,"file":"node:internal/modules/cjs/loader","function":"Module._load","line":822,"method":"_load","native":false},{"column":12,"file":"node:internal/modules/run_main","function":"Function.executeUserEntryPoint [as runMain]","line":81,"method":"executeUserEntryPoint [as runMain]","native":false},{"column":21,"file":"C:\\EmpPayRoll\\EmpPay\\node_modules\\@babel\\node\\lib\\_babel-node.js","function":null,"line":176,"method":null,"native":false},{"column":14,"file":"node:internal/modules/cjs/loader","function":"Module._compile","line":1101,"method":"_compile","native":false},{"column":10,"file":"node:internal/modules/cjs/loader","function":"Module._extensions..js","line":1153,"method":".js","native":false},{"column":32,"file":"node:internal/modules/cjs/loader","function":"Module.load","line":981,"method":"load","native":false}]}
info: ::1 - - [10/Jan/2022:08:45:14 +0000] "GET / HTTP/1.1" 404 47 "-" "Mozilla/5.0 (Windows NT 10.0; Win64; x64) AppleWebKit/537.36 (KHTML, like Gecko) Chrome/97.0.4692.71 Safari/537.36"

info: ::1 - - [10/Jan/2022:08:45:14 +0000] "GET /favicon.ico HTTP/1.1" 404 47 "-" "Mozilla/5.0 (Windows NT 10.0; Win64; x64) AppleWebKit/537.36 (KHTML, like Gecko) Chrome/97.0.4692.71 Safari/537.36"

info: ::1 - - [10/Jan/2022:08:46:31 +0000] "GET /api/v1 HTTP/1.1" 200 23 "-" "Mozilla/5.0 (Windows NT 10.0; Win64; x64) AppleWebKit/537.36 (KHTML, like Gecko) Chrome/97.0.4692.71 Safari/537.36"

info: ::ffff:127.0.0.1 - - [10/Jan/2022:08:50:24 +0000] "POST /api/v1/register HTTP/1.1" 404 47 "-" "Thunder Client (https://www.thunderclient.io)"

info: ::ffff:127.0.0.1 - - [10/Jan/2022:08:55:17 +0000] "POST /register HTTP/1.1" 404 47 "-" "Thunder Client (https://www.thunderclient.io)"

info: ::ffff:127.0.0.1 - - [10/Jan/2022:08:55:38 +0000] "POST /api/v1/register HTTP/1.1" 404 47 "-" "Thunder Client (https://www.thunderclient.io)"

info: ::ffff:127.0.0.1 - - [10/Jan/2022:09:16:57 +0000] "POST /users/register HTTP/1.1" 404 47 "-" "Thunder Client (https://www.thunderclient.io)"

info: ::ffff:127.0.0.1 - - [10/Jan/2022:09:23:31 +0000] "POST /api/v1/register HTTP/1.1" 404 47 "-" "Thunder Client (https://www.thunderclient.io)"

info: ::ffff:127.0.0.1 - - [10/Jan/2022:09:23:47 +0000] "POST /api/v1/register HTTP/1.1" 404 47 "-" "Thunder Client (https://www.thunderclient.io)"

info: ::ffff:127.0.0.1 - - [10/Jan/2022:10:10:15 +0000] "POST /api/v1/login HTTP/1.1" 404 47 "-" "Thunder Client (https://www.thunderclient.io)"

info: ::ffff:127.0.0.1 - - [10/Jan/2022:10:39:05 +0000] "POST /api/v1/register HTTP/1.1" 404 47 "-" "Thunder Client (https://www.thunderclient.io)"

info: ::ffff:127.0.0.1 - - [10/Jan/2022:10:59:21 +0000] "POST /api/v1/users/register HTTP/1.1" 403 66 "-" "Thunder Client (https://www.thunderclient.io)"

info: ::ffff:127.0.0.1 - - [10/Jan/2022:10:59:39 +0000] "POST /api/v1/users/register HTTP/1.1" 403 66 "-" "Thunder Client (https://www.thunderclient.io)"

info: ::ffff:127.0.0.1 - - [10/Jan/2022:11:00:04 +0000] "POST /api/v1/users/register HTTP/1.1" 403 66 "-" "Thunder Client (https://www.thunderclient.io)"

info: ::ffff:127.0.0.1 - - [10/Jan/2022:11:00:26 +0000] "POST /api/v1/users/register HTTP/1.1" 403 66 "-" "Thunder Client (https://www.thunderclient.io)"

info: ::ffff:127.0.0.1 - - [10/Jan/2022:11:00:30 +0000] "POST /api/v1/users/register HTTP/1.1" 403 66 "-" "Thunder Client (https://www.thunderclient.io)"

info: ::ffff:127.0.0.1 - - [10/Jan/2022:11:10:36 +0000] "POST /api/v1/users/register HTTP/1.1" 403 66 "-" "Thunder Client (https://www.thunderclient.io)"

info: ::ffff:127.0.0.1 - - [10/Jan/2022:11:21:53 +0000] "POST /api/v1/users/register HTTP/1.1" 403 66 "-" "Thunder Client (https://www.thunderclient.io)"

info: ::ffff:127.0.0.1 - - [10/Jan/2022:11:36:16 +0000] "POST /api/v1/users/register HTTP/1.1" 403 66 "-" "Thunder Client (https://www.thunderclient.io)"

info: ::ffff:127.0.0.1 - - [10/Jan/2022:11:38:36 +0000] "POST /api/v1/users/register HTTP/1.1" 403 66 "-" "Thunder Client (https://www.thunderclient.io)"

info: ::ffff:127.0.0.1 - - [10/Jan/2022:11:38:41 +0000] "POST /api/v1/users/register HTTP/1.1" 403 66 "-" "Thunder Client (https://www.thunderclient.io)"

info: ::ffff:127.0.0.1 - - [10/Jan/2022:11:41:09 +0000] "POST /api/v1/users/register HTTP/1.1" 403 66 "-" "Thunder Client (https://www.thunderclient.io)"

info: ::ffff:127.0.0.1 - - [10/Jan/2022:11:44:32 +0000] "POST /api/v1/users/register HTTP/1.1" 403 66 "-" "Thunder Client (https://www.thunderclient.io)"

info: ::ffff:127.0.0.1 - - [10/Jan/2022:11:51:04 +0000] "POST /api/v1/users/register HTTP/1.1" 200 320 "-" "Thunder Client (https://www.thunderclient.io)"

info: ::ffff:127.0.0.1 - - [10/Jan/2022:11:57:02 +0000] "POST /api/v1/users/logi HTTP/1.1" 404 47 "-" "Thunder Client (https://www.thunderclient.io)"

error: uncaughtException: next is not defined
ReferenceError: next is not defined
    at _callee2$ (C:\EmpPayRoll\EmpPay\src\controllers\/user.controller.js:61:5)
    at tryCatch (C:\EmpPayRoll\EmpPay\node_modules\regenerator-runtime\runtime.js:63:40)
    at Generator.invoke [as _invoke] (C:\EmpPayRoll\EmpPay\node_modules\regenerator-runtime\runtime.js:294:22)
    at Generator.throw (C:\EmpPayRoll\EmpPay\node_modules\regenerator-runtime\runtime.js:119:21)
    at asyncGeneratorStep (C:\EmpPayRoll\EmpPay\node_modules\@babel\runtime\helpers\asyncToGenerator.js:3:24)
    at _throw (C:\EmpPayRoll\EmpPay\node_modules\@babel\runtime\helpers\asyncToGenerator.js:29:9) {"date":"Mon Jan 10 2022 17:27:09 GMT+0530 (India Standard Time)","error":{},"exception":true,"os":{"loadavg":[0,0,0],"uptime":1245430},"process":{"argv":["node","C:\\EmpPayRoll\\EmpPay\\src\\index.js"],"cwd":"C:\\EmpPayRoll\\EmpPay","execPath":"C:\\Program Files\\nodejs\\node.exe","gid":null,"memoryUsage":{"arrayBuffers":18341385,"external":19877363,"heapTotal":47570944,"heapUsed":42362424,"rss":83509248},"pid":41752,"uid":null,"version":"v16.13.1"},"stack":"ReferenceError: next is not defined\n    at _callee2$ (C:\\EmpPayRoll\\EmpPay\\src\\controllers\\/user.controller.js:61:5)\n    at tryCatch (C:\\EmpPayRoll\\EmpPay\\node_modules\\regenerator-runtime\\runtime.js:63:40)\n    at Generator.invoke [as _invoke] (C:\\EmpPayRoll\\EmpPay\\node_modules\\regenerator-runtime\\runtime.js:294:22)\n    at Generator.throw (C:\\EmpPayRoll\\EmpPay\\node_modules\\regenerator-runtime\\runtime.js:119:21)\n    at asyncGeneratorStep (C:\\EmpPayRoll\\EmpPay\\node_modules\\@babel\\runtime\\helpers\\asyncToGenerator.js:3:24)\n    at _throw (C:\\EmpPayRoll\\EmpPay\\node_modules\\@babel\\runtime\\helpers\\asyncToGenerator.js:29:9)","trace":[{"column":5,"file":"C:\\EmpPayRoll\\EmpPay\\src\\controllers\\/user.controller.js","function":"_callee2$","line":61,"method":null,"native":false},{"column":40,"file":"C:\\EmpPayRoll\\EmpPay\\node_modules\\regenerator-runtime\\runtime.js","function":"tryCatch","line":63,"method":null,"native":false},{"column":22,"file":"C:\\EmpPayRoll\\EmpPay\\node_modules\\regenerator-runtime\\runtime.js","function":"Generator.invoke [as _invoke]","line":294,"method":"invoke [as _invoke]","native":false},{"column":21,"file":"C:\\EmpPayRoll\\EmpPay\\node_modules\\regenerator-runtime\\runtime.js","function":"Generator.throw","line":119,"method":"throw","native":false},{"column":24,"file":"C:\\EmpPayRoll\\EmpPay\\node_modules\\@babel\\runtime\\helpers\\asyncToGenerator.js","function":"asyncGeneratorStep","line":3,"method":null,"native":false},{"column":9,"file":"C:\\EmpPayRoll\\EmpPay\\node_modules\\@babel\\runtime\\helpers\\asyncToGenerator.js","function":"_throw","line":29,"method":null,"native":false}]}
error: uncaughtException: next is not defined
ReferenceError: next is not defined
    at _callee2$ (C:\EmpPayRoll\EmpPay\src\controllers\/user.controller.js:61:5)
    at tryCatch (C:\EmpPayRoll\EmpPay\node_modules\regenerator-runtime\runtime.js:63:40)
    at Generator.invoke [as _invoke] (C:\EmpPayRoll\EmpPay\node_modules\regenerator-runtime\runtime.js:294:22)
    at Generator.throw (C:\EmpPayRoll\EmpPay\node_modules\regenerator-runtime\runtime.js:119:21)
    at asyncGeneratorStep (C:\EmpPayRoll\EmpPay\node_modules\@babel\runtime\helpers\asyncToGenerator.js:3:24)
    at _throw (C:\EmpPayRoll\EmpPay\node_modules\@babel\runtime\helpers\asyncToGenerator.js:29:9) {"date":"Mon Jan 10 2022 17:32:07 GMT+0530 (India Standard Time)","error":{},"exception":true,"os":{"loadavg":[0,0,0],"uptime":1245728},"process":{"argv":["node","C:\\EmpPayRoll\\EmpPay\\src\\index.js"],"cwd":"C:\\EmpPayRoll\\EmpPay","execPath":"C:\\Program Files\\nodejs\\node.exe","gid":null,"memoryUsage":{"arrayBuffers":18335885,"external":19871863,"heapTotal":47570944,"heapUsed":42014344,"rss":83419136},"pid":32696,"uid":null,"version":"v16.13.1"},"stack":"ReferenceError: next is not defined\n    at _callee2$ (C:\\EmpPayRoll\\EmpPay\\src\\controllers\\/user.controller.js:61:5)\n    at tryCatch (C:\\EmpPayRoll\\EmpPay\\node_modules\\regenerator-runtime\\runtime.js:63:40)\n    at Generator.invoke [as _invoke] (C:\\EmpPayRoll\\EmpPay\\node_modules\\regenerator-runtime\\runtime.js:294:22)\n    at Generator.throw (C:\\EmpPayRoll\\EmpPay\\node_modules\\regenerator-runtime\\runtime.js:119:21)\n    at asyncGeneratorStep (C:\\EmpPayRoll\\EmpPay\\node_modules\\@babel\\runtime\\helpers\\asyncToGenerator.js:3:24)\n    at _throw (C:\\EmpPayRoll\\EmpPay\\node_modules\\@babel\\runtime\\helpers\\asyncToGenerator.js:29:9)","trace":[{"column":5,"file":"C:\\EmpPayRoll\\EmpPay\\src\\controllers\\/user.controller.js","function":"_callee2$","line":61,"method":null,"native":false},{"column":40,"file":"C:\\EmpPayRoll\\EmpPay\\node_modules\\regenerator-runtime\\runtime.js","function":"tryCatch","line":63,"method":null,"native":false},{"column":22,"file":"C:\\EmpPayRoll\\EmpPay\\node_modules\\regenerator-runtime\\runtime.js","function":"Generator.invoke [as _invoke]","line":294,"method":"invoke [as _invoke]","native":false},{"column":21,"file":"C:\\EmpPayRoll\\EmpPay\\node_modules\\regenerator-runtime\\runtime.js","function":"Generator.throw","line":119,"method":"throw","native":false},{"column":24,"file":"C:\\EmpPayRoll\\EmpPay\\node_modules\\@babel\\runtime\\helpers\\asyncToGenerator.js","function":"asyncGeneratorStep","line":3,"method":null,"native":false},{"column":9,"file":"C:\\EmpPayRoll\\EmpPay\\node_modules\\@babel\\runtime\\helpers\\asyncToGenerator.js","function":"_throw","line":29,"method":null,"native":false}]}
info: ::ffff:127.0.0.1 - - [10/Jan/2022:12:03:20 +0000] "POST /api/v1/users/login HTTP/1.1" 500 55 "-" "Thunder Client (https://www.thunderclient.io)"

info: ::ffff:127.0.0.1 - - [10/Jan/2022:12:04:22 +0000] "POST /api/v1/users/login HTTP/1.1" 500 55 "-" "Thunder Client (https://www.thunderclient.io)"

info: ::ffff:127.0.0.1 - - [10/Jan/2022:12:19:04 +0000] "POST /api/v1/users/login HTTP/1.1" 500 53 "-" "Thunder Client (https://www.thunderclient.io)"

info: ::ffff:127.0.0.1 - - [10/Jan/2022:12:20:25 +0000] "POST /api/v1/users/login HTTP/1.1" 500 61 "-" "Thunder Client (https://www.thunderclient.io)"

info: ::ffff:127.0.0.1 - - [10/Jan/2022:12:22:36 +0000] "POST /api/v1/users/login HTTP/1.1" 500 61 "-" "Thunder Client (https://www.thunderclient.io)"

info: ::ffff:127.0.0.1 - - [10/Jan/2022:12:23:20 +0000] "POST /api/v1/users/login HTTP/1.1" 200 481 "-" "Thunder Client (https://www.thunderclient.io)"

info: ::ffff:127.0.0.1 - - [10/Jan/2022:12:28:45 +0000] "POST /api/v1/users/register HTTP/1.1" 200 320 "-" "Thunder Client (https://www.thunderclient.io)"

info: ::ffff:127.0.0.1 - - [10/Jan/2022:12:29:36 +0000] "POST /api/v1/users/login HTTP/1.1" 200 481 "-" "Thunder Client (https://www.thunderclient.io)"

error: uncaughtException: listen EADDRINUSE: address already in use :::5599
Error: listen EADDRINUSE: address already in use :::5599
    at Server.setupListenHandle [as _listen2] (node:net:1334:16)
    at listenInCluster (node:net:1382:12)
    at Server.listen (node:net:1469:7)
    at Function.listen (C:\EmpPayRoll\EmpPay\node_modules\express\lib\application.js:618:24)
    at Object.<anonymous> (C:\EmpPayRoll\EmpPay\src\/index.js:37:5)
    at Module._compile (node:internal/modules/cjs/loader:1101:14)
    at Module._compile (C:\EmpPayRoll\EmpPay\node_modules\pirates\lib\index.js:136:24)
    at Module._extensions..js (node:internal/modules/cjs/loader:1153:10)
    at Object.newLoader [as .js] (C:\EmpPayRoll\EmpPay\node_modules\pirates\lib\index.js:141:7)
    at Module.load (node:internal/modules/cjs/loader:981:32)
    at Function.Module._load (node:internal/modules/cjs/loader:822:12)
    at Function.executeUserEntryPoint [as runMain] (node:internal/modules/run_main:81:12)
    at Object.<anonymous> (C:\EmpPayRoll\EmpPay\node_modules\@babel\node\lib\_babel-node.js:176:21)
    at Module._compile (node:internal/modules/cjs/loader:1101:14)
    at Object.Module._extensions..js (node:internal/modules/cjs/loader:1153:10)
    at Module.load (node:internal/modules/cjs/loader:981:32) {"date":"Mon Jan 10 2022 22:23:56 GMT+0530 (India Standard Time)","error":{"address":"::","code":"EADDRINUSE","errno":-4091,"port":5599,"syscall":"listen"},"exception":true,"os":{"loadavg":[0,0,0],"uptime":1263237},"process":{"argv":["node","C:\\EmpPayRoll\\EmpPay\\src\\index.js"],"cwd":"C:\\EmpPayRoll\\EmpPay","execPath":"C:\\Program Files\\nodejs\\node.exe","gid":null,"memoryUsage":{"arrayBuffers":18799302,"external":26232699,"heapTotal":93970432,"heapUsed":54584736,"rss":127475712},"pid":31100,"uid":null,"version":"v16.13.1"},"stack":"Error: listen EADDRINUSE: address already in use :::5599\n    at Server.setupListenHandle [as _listen2] (node:net:1334:16)\n    at listenInCluster (node:net:1382:12)\n    at Server.listen (node:net:1469:7)\n    at Function.listen (C:\\EmpPayRoll\\EmpPay\\node_modules\\express\\lib\\application.js:618:24)\n    at Object.<anonymous> (C:\\EmpPayRoll\\EmpPay\\src\\/index.js:37:5)\n    at Module._compile (node:internal/modules/cjs/loader:1101:14)\n    at Module._compile (C:\\EmpPayRoll\\EmpPay\\node_modules\\pirates\\lib\\index.js:136:24)\n    at Module._extensions..js (node:internal/modules/cjs/loader:1153:10)\n    at Object.newLoader [as .js] (C:\\EmpPayRoll\\EmpPay\\node_modules\\pirates\\lib\\index.js:141:7)\n    at Module.load (node:internal/modules/cjs/loader:981:32)\n    at Function.Module._load (node:internal/modules/cjs/loader:822:12)\n    at Function.executeUserEntryPoint [as runMain] (node:internal/modules/run_main:81:12)\n    at Object.<anonymous> (C:\\EmpPayRoll\\EmpPay\\node_modules\\@babel\\node\\lib\\_babel-node.js:176:21)\n    at Module._compile (node:internal/modules/cjs/loader:1101:14)\n    at Object.Module._extensions..js (node:internal/modules/cjs/loader:1153:10)\n    at Module.load (node:internal/modules/cjs/loader:981:32)","trace":[{"column":16,"file":"node:net","function":"Server.setupListenHandle [as _listen2]","line":1334,"method":"setupListenHandle [as _listen2]","native":false},{"column":12,"file":"node:net","function":"listenInCluster","line":1382,"method":null,"native":false},{"column":7,"file":"node:net","function":"Server.listen","line":1469,"method":"listen","native":false},{"column":24,"file":"C:\\EmpPayRoll\\EmpPay\\node_modules\\express\\lib\\application.js","function":"Function.listen","line":618,"method":"listen","native":false},{"column":5,"file":"C:\\EmpPayRoll\\EmpPay\\src\\/index.js","function":null,"line":37,"method":null,"native":false},{"column":14,"file":"node:internal/modules/cjs/loader","function":"Module._compile","line":1101,"method":"_compile","native":false},{"column":24,"file":"C:\\EmpPayRoll\\EmpPay\\node_modules\\pirates\\lib\\index.js","function":"Module._compile","line":136,"method":"_compile","native":false},{"column":10,"file":"node:internal/modules/cjs/loader","function":"Module._extensions..js","line":1153,"method":".js","native":false},{"column":7,"file":"C:\\EmpPayRoll\\EmpPay\\node_modules\\pirates\\lib\\index.js","function":"Object.newLoader [as .js]","line":141,"method":"js]","native":false},{"column":32,"file":"node:internal/modules/cjs/loader","function":"Module.load","line":981,"method":"load","native":false},{"column":12,"file":"node:internal/modules/cjs/loader","function":"Module._load","line":822,"method":"_load","native":false},{"column":12,"file":"node:internal/modules/run_main","function":"Function.executeUserEntryPoint [as runMain]","line":81,"method":"executeUserEntryPoint [as runMain]","native":false},{"column":21,"file":"C:\\EmpPayRoll\\EmpPay\\node_modules\\@babel\\node\\lib\\_babel-node.js","function":null,"line":176,"method":null,"native":false},{"column":14,"file":"node:internal/modules/cjs/loader","function":"Module._compile","line":1101,"method":"_compile","native":false},{"column":10,"file":"node:internal/modules/cjs/loader","function":"Module._extensions..js","line":1153,"method":".js","native":false},{"column":32,"file":"node:internal/modules/cjs/loader","function":"Module.load","line":981,"method":"load","native":false}]}
error: uncaughtException: listen EADDRINUSE: address already in use :::5599
Error: listen EADDRINUSE: address already in use :::5599
    at Server.setupListenHandle [as _listen2] (node:net:1334:16)
    at listenInCluster (node:net:1382:12)
    at Server.listen (node:net:1469:7)
    at Function.listen (C:\EmpPayRoll\EmpPay\node_modules\express\lib\application.js:618:24)
    at Object.<anonymous> (C:\EmpPayRoll\EmpPay\src\/index.js:37:5)
    at Module._compile (node:internal/modules/cjs/loader:1101:14)
    at Module._compile (C:\EmpPayRoll\EmpPay\node_modules\pirates\lib\index.js:136:24)
    at Module._extensions..js (node:internal/modules/cjs/loader:1153:10)
    at Object.newLoader [as .js] (C:\EmpPayRoll\EmpPay\node_modules\pirates\lib\index.js:141:7)
    at Module.load (node:internal/modules/cjs/loader:981:32)
    at Function.Module._load (node:internal/modules/cjs/loader:822:12)
    at Function.executeUserEntryPoint [as runMain] (node:internal/modules/run_main:81:12)
    at Object.<anonymous> (C:\EmpPayRoll\EmpPay\node_modules\@babel\node\lib\_babel-node.js:176:21)
    at Module._compile (node:internal/modules/cjs/loader:1101:14)
    at Object.Module._extensions..js (node:internal/modules/cjs/loader:1153:10)
    at Module.load (node:internal/modules/cjs/loader:981:32) {"date":"Mon Jan 10 2022 22:25:00 GMT+0530 (India Standard Time)","error":{"address":"::","code":"EADDRINUSE","errno":-4091,"port":5599,"syscall":"listen"},"exception":true,"os":{"loadavg":[0,0,0],"uptime":1263302},"process":{"argv":["node","C:\\EmpPayRoll\\EmpPay\\src\\index.js"],"cwd":"C:\\EmpPayRoll\\EmpPay","execPath":"C:\\Program Files\\nodejs\\node.exe","gid":null,"memoryUsage":{"arrayBuffers":18843258,"external":26240891,"heapTotal":93708288,"heapUsed":54867496,"rss":127201280},"pid":27380,"uid":null,"version":"v16.13.1"},"stack":"Error: listen EADDRINUSE: address already in use :::5599\n    at Server.setupListenHandle [as _listen2] (node:net:1334:16)\n    at listenInCluster (node:net:1382:12)\n    at Server.listen (node:net:1469:7)\n    at Function.listen (C:\\EmpPayRoll\\EmpPay\\node_modules\\express\\lib\\application.js:618:24)\n    at Object.<anonymous> (C:\\EmpPayRoll\\EmpPay\\src\\/index.js:37:5)\n    at Module._compile (node:internal/modules/cjs/loader:1101:14)\n    at Module._compile (C:\\EmpPayRoll\\EmpPay\\node_modules\\pirates\\lib\\index.js:136:24)\n    at Module._extensions..js (node:internal/modules/cjs/loader:1153:10)\n    at Object.newLoader [as .js] (C:\\EmpPayRoll\\EmpPay\\node_modules\\pirates\\lib\\index.js:141:7)\n    at Module.load (node:internal/modules/cjs/loader:981:32)\n    at Function.Module._load (node:internal/modules/cjs/loader:822:12)\n    at Function.executeUserEntryPoint [as runMain] (node:internal/modules/run_main:81:12)\n    at Object.<anonymous> (C:\\EmpPayRoll\\EmpPay\\node_modules\\@babel\\node\\lib\\_babel-node.js:176:21)\n    at Module._compile (node:internal/modules/cjs/loader:1101:14)\n    at Object.Module._extensions..js (node:internal/modules/cjs/loader:1153:10)\n    at Module.load (node:internal/modules/cjs/loader:981:32)","trace":[{"column":16,"file":"node:net","function":"Server.setupListenHandle [as _listen2]","line":1334,"method":"setupListenHandle [as _listen2]","native":false},{"column":12,"file":"node:net","function":"listenInCluster","line":1382,"method":null,"native":false},{"column":7,"file":"node:net","function":"Server.listen","line":1469,"method":"listen","native":false},{"column":24,"file":"C:\\EmpPayRoll\\EmpPay\\node_modules\\express\\lib\\application.js","function":"Function.listen","line":618,"method":"listen","native":false},{"column":5,"file":"C:\\EmpPayRoll\\EmpPay\\src\\/index.js","function":null,"line":37,"method":null,"native":false},{"column":14,"file":"node:internal/modules/cjs/loader","function":"Module._compile","line":1101,"method":"_compile","native":false},{"column":24,"file":"C:\\EmpPayRoll\\EmpPay\\node_modules\\pirates\\lib\\index.js","function":"Module._compile","line":136,"method":"_compile","native":false},{"column":10,"file":"node:internal/modules/cjs/loader","function":"Module._extensions..js","line":1153,"method":".js","native":false},{"column":7,"file":"C:\\EmpPayRoll\\EmpPay\\node_modules\\pirates\\lib\\index.js","function":"Object.newLoader [as .js]","line":141,"method":"js]","native":false},{"column":32,"file":"node:internal/modules/cjs/loader","function":"Module.load","line":981,"method":"load","native":false},{"column":12,"file":"node:internal/modules/cjs/loader","function":"Module._load","line":822,"method":"_load","native":false},{"column":12,"file":"node:internal/modules/run_main","function":"Function.executeUserEntryPoint [as runMain]","line":81,"method":"executeUserEntryPoint [as runMain]","native":false},{"column":21,"file":"C:\\EmpPayRoll\\EmpPay\\node_modules\\@babel\\node\\lib\\_babel-node.js","function":null,"line":176,"method":null,"native":false},{"column":14,"file":"node:internal/modules/cjs/loader","function":"Module._compile","line":1101,"method":"_compile","native":false},{"column":10,"file":"node:internal/modules/cjs/loader","function":"Module._extensions..js","line":1153,"method":".js","native":false},{"column":32,"file":"node:internal/modules/cjs/loader","function":"Module.load","line":981,"method":"load","native":false}]}
info: ::ffff:127.0.0.1 - - [10/Jan/2022:16:56:08 +0000] "POST /api/v1/users/login HTTP/1.1" 200 481 "-" "Thunder Client (https://www.thunderclient.io)"

info: ::ffff:127.0.0.1 - - [11/Jan/2022:04:04:44 +0000] "GET /api/v1/users/login HTTP/1.1" 200 481 "-" "Thunder Client (https://www.thunderclient.io)"

info: ::ffff:127.0.0.1 - - [11/Jan/2022:05:26:05 +0000] "POST /api/v1/register HTTP/1.1" 404 47 "-" "Thunder Client (https://www.thunderclient.io)"

info: ::ffff:127.0.0.1 - - [11/Jan/2022:05:26:35 +0000] "GET /api/v1/login HTTP/1.1" 404 47 "-" "Thunder Client (https://www.thunderclient.io)"

info: ::ffff:127.0.0.1 - - [11/Jan/2022:05:27:13 +0000] "GET /api/v1/login HTTP/1.1" 404 47 "-" "Thunder Client (https://www.thunderclient.io)"

info: ::ffff:127.0.0.1 - - [11/Jan/2022:05:27:14 +0000] "GET /api/v1/login HTTP/1.1" 404 47 "-" "Thunder Client (https://www.thunderclient.io)"

info: ::ffff:127.0.0.1 - - [11/Jan/2022:05:28:02 +0000] "GET /api/v1/users/login HTTP/1.1" 403 51 "-" "Thunder Client (https://www.thunderclient.io)"

info: ::ffff:127.0.0.1 - - [11/Jan/2022:05:29:24 +0000] "GET /api/v1/users/login HTTP/1.1" 403 51 "-" "Thunder Client (https://www.thunderclient.io)"

info: ::ffff:127.0.0.1 - - [11/Jan/2022:05:29:59 +0000] "GET /api/v1/users/login HTTP/1.1" 403 51 "-" "Thunder Client (https://www.thunderclient.io)"

info: ::ffff:127.0.0.1 - - [11/Jan/2022:05:30:53 +0000] "GET /api/v1/users/register HTTP/1.1" 400 56 "-" "Thunder Client (https://www.thunderclient.io)"

info: ::ffff:127.0.0.1 - - [11/Jan/2022:05:31:12 +0000] "POST /api/v1/users/register HTTP/1.1" 200 321 "-" "Thunder Client (https://www.thunderclient.io)"

info: ::ffff:127.0.0.1 - - [11/Jan/2022:05:31:31 +0000] "GET /api/v1/users/login HTTP/1.1" 200 487 "-" "Thunder Client (https://www.thunderclient.io)"

