info: Server started at http://localhost:5566/api/v1/ {"timestamp":"2022-01-11T04:04:34.137Z"}
info: Connected to the database. {"timestamp":"2022-01-11T04:04:42.683Z"}
info: Server started at http://localhost:5566/api/v1/ {"timestamp":"2022-01-11T05:08:15.699Z"}
info: Connected to the database. {"timestamp":"2022-01-11T05:08:24.237Z"}
info: Server started at http://localhost:5566/api/v1/ {"timestamp":"2022-01-11T05:10:34.343Z"}
info: Server started at http://localhost:5566/api/v1/ {"timestamp":"2022-01-11T05:10:47.078Z"}
info: Server started at http://localhost:5566/api/v1/ {"timestamp":"2022-01-11T05:11:10.019Z"}
info: Server started at http://localhost:5566/api/v1/ {"timestamp":"2022-01-11T05:11:21.788Z"}
info: Server started at http://localhost:5566/api/v1/ {"timestamp":"2022-01-11T05:11:26.959Z"}
info: Connected to the database. {"timestamp":"2022-01-11T05:11:35.086Z"}
info: Server started at http://localhost:5566/api/v1/ {"timestamp":"2022-01-11T05:12:04.167Z"}
info: Connected to the database. {"timestamp":"2022-01-11T05:12:12.253Z"}
info: Server started at http://localhost:5566/api/v1/ {"timestamp":"2022-01-11T05:12:22.633Z"}
info: Connected to the database. {"timestamp":"2022-01-11T05:12:30.519Z"}
info: Server started at http://localhost:5566/api/v1/ {"timestamp":"2022-01-11T05:19:44.371Z"}
info: Connected to the database. {"timestamp":"2022-01-11T05:19:52.864Z"}
info: Server started at http://localhost:5566/api/v1/ {"timestamp":"2022-01-11T05:20:53.975Z"}
info: Server started at http://localhost:5566/api/v1/ {"timestamp":"2022-01-11T05:21:02.821Z"}
info: Connected to the database. {"timestamp":"2022-01-11T05:21:11.295Z"}
info: Server started at http://localhost:5566/api/v1/ {"timestamp":"2022-01-11T05:21:21.476Z"}
info: Server started at http://localhost:5566/api/v1/ {"timestamp":"2022-01-11T05:21:36.432Z"}
info: Connected to the database. {"timestamp":"2022-01-11T05:21:44.434Z"}
info: Server started at http://localhost:5566/api/v1/ {"timestamp":"2022-01-11T05:23:19.727Z"}
info: Connected to the database. {"timestamp":"2022-01-11T05:23:28.341Z"}
info: Server started at http://localhost:5566/api/v1/ {"timestamp":"2022-01-11T05:23:39.442Z"}
info: Connected to the database. {"timestamp":"2022-01-11T05:23:47.494Z"}
info: Server started at http://localhost:5566/api/v1/ {"timestamp":"2022-01-11T05:25:30.245Z"}
info: Connected to the database. {"timestamp":"2022-01-11T05:25:38.684Z"}
error: 
      status - 400
      message - Authorization token is required 
      url - /api/v1/users/register 
      method - GET 
      IP - ::ffff:127.0.0.1
     {"timestamp":"2022-01-11T05:30:53.686Z"}
info: Server started at http://localhost:5566/api/v1/ {"timestamp":"2022-01-11T07:21:37.574Z"}
info: Connected to the database. {"timestamp":"2022-01-11T07:21:46.171Z"}
info: Server started at http://localhost:5566/api/v1/ {"timestamp":"2022-01-11T07:24:59.788Z"}
info: Connected to the database. {"timestamp":"2022-01-11T07:25:08.184Z"}
info: Server started at http://localhost:5566/api/v1/ {"timestamp":"2022-01-11T07:34:56.827Z"}
info: Connected to the database. {"timestamp":"2022-01-11T07:35:05.059Z"}
info: Server started at http://localhost:5566/api/v1/ {"timestamp":"2022-01-11T07:38:38.657Z"}
info: Server started at http://localhost:5566/api/v1/ {"timestamp":"2022-01-11T07:44:54.380Z"}
info: Connected to the database. {"timestamp":"2022-01-11T07:45:02.724Z"}
error: 
    status - 500 
    message - JsonWebTokenError: jwt must be provided
    at Object.verify (C:\EmpPayRoll\EmpPay\node_modules\jsonwebtoken\verify.js:53:17)
    at _callee$ (C:\EmpPayRoll\EmpPay\src\middlewares\/auth.middleware.js:22:32)
    at tryCatch (C:\EmpPayRoll\EmpPay\node_modules\regenerator-runtime\runtime.js:63:40)
    at Generator.invoke [as _invoke] (C:\EmpPayRoll\EmpPay\node_modules\regenerator-runtime\runtime.js:294:22)
    at Generator.next (C:\EmpPayRoll\EmpPay\node_modules\regenerator-runtime\runtime.js:119:21)
    at asyncGeneratorStep (C:\EmpPayRoll\EmpPay\node_modules\@babel\runtime\helpers\asyncToGenerator.js:3:24)
    at _next (C:\EmpPayRoll\EmpPay\node_modules\@babel\runtime\helpers\asyncToGenerator.js:25:9)
    at C:\EmpPayRoll\EmpPay\node_modules\@babel\runtime\helpers\asyncToGenerator.js:32:7
    at new Promise (<anonymous>)
    at C:\EmpPayRoll\EmpPay\node_modules\@babel\runtime\helpers\asyncToGenerator.js:21:12
    at userAuth (C:\EmpPayRoll\EmpPay\src\middlewares\/auth.middleware.js:12:22)
    at Layer.handle [as handle_request] (C:\EmpPayRoll\EmpPay\node_modules\express\lib\router\layer.js:95:5)
    at next (C:\EmpPayRoll\EmpPay\node_modules\express\lib\router\route.js:137:13)
    at Route.dispatch (C:\EmpPayRoll\EmpPay\node_modules\express\lib\router\route.js:112:3)
    at Layer.handle [as handle_request] (C:\EmpPayRoll\EmpPay\node_modules\express\lib\router\layer.js:95:5)
    at C:\EmpPayRoll\EmpPay\node_modules\express\lib\router\index.js:281:22 
    url - /api/v1/emp/addemployee 
    method - POST 
    IP - ::ffff:127.0.0.1
   {"timestamp":"2022-01-11T07:45:18.348Z"}
error: 
    status - 500 
    message - JsonWebTokenError: jwt must be provided
    at Object.verify (C:\EmpPayRoll\EmpPay\node_modules\jsonwebtoken\verify.js:53:17)
    at _callee$ (C:\EmpPayRoll\EmpPay\src\middlewares\/auth.middleware.js:22:32)
    at tryCatch (C:\EmpPayRoll\EmpPay\node_modules\regenerator-runtime\runtime.js:63:40)
    at Generator.invoke [as _invoke] (C:\EmpPayRoll\EmpPay\node_modules\regenerator-runtime\runtime.js:294:22)
    at Generator.next (C:\EmpPayRoll\EmpPay\node_modules\regenerator-runtime\runtime.js:119:21)
    at asyncGeneratorStep (C:\EmpPayRoll\EmpPay\node_modules\@babel\runtime\helpers\asyncToGenerator.js:3:24)
    at _next (C:\EmpPayRoll\EmpPay\node_modules\@babel\runtime\helpers\asyncToGenerator.js:25:9)
    at C:\EmpPayRoll\EmpPay\node_modules\@babel\runtime\helpers\asyncToGenerator.js:32:7
    at new Promise (<anonymous>)
    at C:\EmpPayRoll\EmpPay\node_modules\@babel\runtime\helpers\asyncToGenerator.js:21:12
    at userAuth (C:\EmpPayRoll\EmpPay\src\middlewares\/auth.middleware.js:12:22)
    at Layer.handle [as handle_request] (C:\EmpPayRoll\EmpPay\node_modules\express\lib\router\layer.js:95:5)
    at next (C:\EmpPayRoll\EmpPay\node_modules\express\lib\router\route.js:137:13)
    at Route.dispatch (C:\EmpPayRoll\EmpPay\node_modules\express\lib\router\route.js:112:3)
    at Layer.handle [as handle_request] (C:\EmpPayRoll\EmpPay\node_modules\express\lib\router\layer.js:95:5)
    at C:\EmpPayRoll\EmpPay\node_modules\express\lib\router\index.js:281:22 
    url - /api/v1/emp/addemployee 
    method - POST 
    IP - ::ffff:127.0.0.1
   {"timestamp":"2022-01-11T07:46:52.356Z"}
info: Server started at http://localhost:5566/api/v1/ {"timestamp":"2022-01-11T07:47:39.501Z"}
info: Server started at http://localhost:5566/api/v1/ {"timestamp":"2022-01-11T07:48:07.125Z"}
info: Connected to the database. {"timestamp":"2022-01-11T07:48:15.399Z"}
error: 
    status - 500 
    message - JsonWebTokenError: jwt must be provided
    at Object.verify (C:\EmpPayRoll\EmpPay\node_modules\jsonwebtoken\verify.js:53:17)
    at _callee$ (C:\EmpPayRoll\EmpPay\src\middlewares\/auth.middleware.js:22:32)
    at tryCatch (C:\EmpPayRoll\EmpPay\node_modules\regenerator-runtime\runtime.js:63:40)
    at Generator.invoke [as _invoke] (C:\EmpPayRoll\EmpPay\node_modules\regenerator-runtime\runtime.js:294:22)
    at Generator.next (C:\EmpPayRoll\EmpPay\node_modules\regenerator-runtime\runtime.js:119:21)
    at asyncGeneratorStep (C:\EmpPayRoll\EmpPay\node_modules\@babel\runtime\helpers\asyncToGenerator.js:3:24)
    at _next (C:\EmpPayRoll\EmpPay\node_modules\@babel\runtime\helpers\asyncToGenerator.js:25:9)
    at C:\EmpPayRoll\EmpPay\node_modules\@babel\runtime\helpers\asyncToGenerator.js:32:7
    at new Promise (<anonymous>)
    at C:\EmpPayRoll\EmpPay\node_modules\@babel\runtime\helpers\asyncToGenerator.js:21:12
    at userAuth (C:\EmpPayRoll\EmpPay\src\middlewares\/auth.middleware.js:12:22)
    at Layer.handle [as handle_request] (C:\EmpPayRoll\EmpPay\node_modules\express\lib\router\layer.js:95:5)
    at next (C:\EmpPayRoll\EmpPay\node_modules\express\lib\router\route.js:137:13)
    at Route.dispatch (C:\EmpPayRoll\EmpPay\node_modules\express\lib\router\route.js:112:3)
    at Layer.handle [as handle_request] (C:\EmpPayRoll\EmpPay\node_modules\express\lib\router\layer.js:95:5)
    at C:\EmpPayRoll\EmpPay\node_modules\express\lib\router\index.js:281:22 
    url - /api/v1/emp/addemployee 
    method - POST 
    IP - ::ffff:127.0.0.1
   {"timestamp":"2022-01-11T07:48:18.586Z"}
info: Server started at http://localhost:5566/api/v1/ {"timestamp":"2022-01-11T07:50:09.141Z"}
info: Connected to the database. {"timestamp":"2022-01-11T07:50:17.958Z"}
error: 
    status - 500 
    message - JsonWebTokenError: jwt must be provided
    at Object.verify (C:\EmpPayRoll\EmpPay\node_modules\jsonwebtoken\verify.js:53:17)
    at _callee$ (C:\EmpPayRoll\EmpPay\src\middlewares\/auth.middleware.js:23:32)
    at tryCatch (C:\EmpPayRoll\EmpPay\node_modules\regenerator-runtime\runtime.js:63:40)
    at Generator.invoke [as _invoke] (C:\EmpPayRoll\EmpPay\node_modules\regenerator-runtime\runtime.js:294:22)
    at Generator.next (C:\EmpPayRoll\EmpPay\node_modules\regenerator-runtime\runtime.js:119:21)
    at asyncGeneratorStep (C:\EmpPayRoll\EmpPay\node_modules\@babel\runtime\helpers\asyncToGenerator.js:3:24)
    at _next (C:\EmpPayRoll\EmpPay\node_modules\@babel\runtime\helpers\asyncToGenerator.js:25:9)
    at C:\EmpPayRoll\EmpPay\node_modules\@babel\runtime\helpers\asyncToGenerator.js:32:7
    at new Promise (<anonymous>)
    at C:\EmpPayRoll\EmpPay\node_modules\@babel\runtime\helpers\asyncToGenerator.js:21:12
    at userAuth (C:\EmpPayRoll\EmpPay\src\middlewares\/auth.middleware.js:12:22)
    at Layer.handle [as handle_request] (C:\EmpPayRoll\EmpPay\node_modules\express\lib\router\layer.js:95:5)
    at next (C:\EmpPayRoll\EmpPay\node_modules\express\lib\router\route.js:137:13)
    at Route.dispatch (C:\EmpPayRoll\EmpPay\node_modules\express\lib\router\route.js:112:3)
    at Layer.handle [as handle_request] (C:\EmpPayRoll\EmpPay\node_modules\express\lib\router\layer.js:95:5)
    at C:\EmpPayRoll\EmpPay\node_modules\express\lib\router\index.js:281:22 
    url - /api/v1/emp/addemployee 
    method - POST 
    IP - ::ffff:127.0.0.1
   {"timestamp":"2022-01-11T07:50:20.454Z"}
info: Server started at http://localhost:5566/api/v1/ {"timestamp":"2022-01-11T07:51:24.930Z"}
info: Connected to the database. {"timestamp":"2022-01-11T07:51:33.408Z"}
error: 
    status - 500 
    message - ReferenceError: data is not defined
    at _callee$ (C:\EmpPayRoll\EmpPay\src\controllers\/emp.controller.js:16:27)
    at tryCatch (C:\EmpPayRoll\EmpPay\node_modules\regenerator-runtime\runtime.js:63:40)
    at Generator.invoke [as _invoke] (C:\EmpPayRoll\EmpPay\node_modules\regenerator-runtime\runtime.js:294:22)
    at Generator.next (C:\EmpPayRoll\EmpPay\node_modules\regenerator-runtime\runtime.js:119:21)
    at asyncGeneratorStep (C:\EmpPayRoll\EmpPay\node_modules\@babel\runtime\helpers\asyncToGenerator.js:3:24)
    at _next (C:\EmpPayRoll\EmpPay\node_modules\@babel\runtime\helpers\asyncToGenerator.js:25:9)
    at processTicksAndRejections (node:internal/process/task_queues:96:5) 
    url - /api/v1/emp/addemployee 
    method - POST 
    IP - ::ffff:127.0.0.1
   {"timestamp":"2022-01-11T07:51:46.058Z"}
info: Server started at http://localhost:5566/api/v1/ {"timestamp":"2022-01-11T07:53:21.552Z"}
info: Connected to the database. {"timestamp":"2022-01-11T07:53:29.966Z"}
info: Server started at http://localhost:5566/api/v1/ {"timestamp":"2022-01-11T07:57:41.896Z"}
info: Connected to the database. {"timestamp":"2022-01-11T07:57:50.201Z"}
error: 
    status - 500 
    message - TypeError: Cannot read properties of undefined (reading 'user')
    at _callee$ (C:\EmpPayRoll\EmpPay\src\middlewares\/auth.middleware.js:23:13)
    at tryCatch (C:\EmpPayRoll\EmpPay\node_modules\regenerator-runtime\runtime.js:63:40)
    at Generator.invoke [as _invoke] (C:\EmpPayRoll\EmpPay\node_modules\regenerator-runtime\runtime.js:294:22)
    at Generator.next (C:\EmpPayRoll\EmpPay\node_modules\regenerator-runtime\runtime.js:119:21)
    at asyncGeneratorStep (C:\EmpPayRoll\EmpPay\node_modules\@babel\runtime\helpers\asyncToGenerator.js:3:24)
    at _next (C:\EmpPayRoll\EmpPay\node_modules\@babel\runtime\helpers\asyncToGenerator.js:25:9)
    at processTicksAndRejections (node:internal/process/task_queues:96:5) 
    url - /api/v1/emp/addemployee 
    method - POST 
    IP - ::ffff:127.0.0.1
   {"timestamp":"2022-01-11T07:57:55.410Z"}
info: Server started at http://localhost:5566/api/v1/ {"timestamp":"2022-01-11T08:02:53.103Z"}
info: Connected to the database. {"timestamp":"2022-01-11T08:03:02.763Z"}
error: 
    status - 500 
    message - TypeError: Cannot read properties of undefined (reading 'user')
    at _callee$ (C:\EmpPayRoll\EmpPay\src\middlewares\/auth.middleware.js:23:13)
    at tryCatch (C:\EmpPayRoll\EmpPay\node_modules\regenerator-runtime\runtime.js:63:40)
    at Generator.invoke [as _invoke] (C:\EmpPayRoll\EmpPay\node_modules\regenerator-runtime\runtime.js:294:22)
    at Generator.next (C:\EmpPayRoll\EmpPay\node_modules\regenerator-runtime\runtime.js:119:21)
    at asyncGeneratorStep (C:\EmpPayRoll\EmpPay\node_modules\@babel\runtime\helpers\asyncToGenerator.js:3:24)
    at _next (C:\EmpPayRoll\EmpPay\node_modules\@babel\runtime\helpers\asyncToGenerator.js:25:9)
    at processTicksAndRejections (node:internal/process/task_queues:96:5) 
    url - /api/v1/emp/addemployee 
    method - POST 
    IP - ::ffff:127.0.0.1
   {"timestamp":"2022-01-11T08:03:14.365Z"}
error: 
    status - 500 
    message - TypeError: Cannot read properties of undefined (reading 'user')
    at _callee$ (C:\EmpPayRoll\EmpPay\src\middlewares\/auth.middleware.js:23:13)
    at tryCatch (C:\EmpPayRoll\EmpPay\node_modules\regenerator-runtime\runtime.js:63:40)
    at Generator.invoke [as _invoke] (C:\EmpPayRoll\EmpPay\node_modules\regenerator-runtime\runtime.js:294:22)
    at Generator.next (C:\EmpPayRoll\EmpPay\node_modules\regenerator-runtime\runtime.js:119:21)
    at asyncGeneratorStep (C:\EmpPayRoll\EmpPay\node_modules\@babel\runtime\helpers\asyncToGenerator.js:3:24)
    at _next (C:\EmpPayRoll\EmpPay\node_modules\@babel\runtime\helpers\asyncToGenerator.js:25:9)
    at processTicksAndRejections (node:internal/process/task_queues:96:5) 
    url - /api/v1/emp/addemployee 
    method - POST 
    IP - ::ffff:127.0.0.1
   {"timestamp":"2022-01-11T08:04:42.256Z"}
error: 
    status - 500 
    message - TypeError: Cannot read properties of undefined (reading 'user')
    at _callee$ (C:\EmpPayRoll\EmpPay\src\middlewares\/auth.middleware.js:23:13)
    at tryCatch (C:\EmpPayRoll\EmpPay\node_modules\regenerator-runtime\runtime.js:63:40)
    at Generator.invoke [as _invoke] (C:\EmpPayRoll\EmpPay\node_modules\regenerator-runtime\runtime.js:294:22)
    at Generator.next (C:\EmpPayRoll\EmpPay\node_modules\regenerator-runtime\runtime.js:119:21)
    at asyncGeneratorStep (C:\EmpPayRoll\EmpPay\node_modules\@babel\runtime\helpers\asyncToGenerator.js:3:24)
    at _next (C:\EmpPayRoll\EmpPay\node_modules\@babel\runtime\helpers\asyncToGenerator.js:25:9)
    at processTicksAndRejections (node:internal/process/task_queues:96:5) 
    url - /api/v1/emp/addemployee 
    method - POST 
    IP - ::ffff:127.0.0.1
   {"timestamp":"2022-01-11T08:10:35.146Z"}
info: Server started at http://localhost:5566/api/v1/ {"timestamp":"2022-01-11T08:12:51.445Z"}
info: Connected to the database. {"timestamp":"2022-01-11T08:13:00.039Z"}
info: Server started at http://localhost:5566/api/v1/ {"timestamp":"2022-01-11T08:13:46.555Z"}
info: Connected to the database. {"timestamp":"2022-01-11T08:13:54.375Z"}
info: Server started at http://localhost:5566/api/v1/ {"timestamp":"2022-01-11T08:16:25.505Z"}
info: Connected to the database. {"timestamp":"2022-01-11T08:16:33.740Z"}
error: 
    status - 500 
    message - TypeError: Cannot read properties of undefined (reading 'user')
    at _callee$ (C:\EmpPayRoll\EmpPay\src\middlewares\/auth.middleware.js:23:13)
    at tryCatch (C:\EmpPayRoll\EmpPay\node_modules\regenerator-runtime\runtime.js:63:40)
    at Generator.invoke [as _invoke] (C:\EmpPayRoll\EmpPay\node_modules\regenerator-runtime\runtime.js:294:22)
    at Generator.next (C:\EmpPayRoll\EmpPay\node_modules\regenerator-runtime\runtime.js:119:21)
    at asyncGeneratorStep (C:\EmpPayRoll\EmpPay\node_modules\@babel\runtime\helpers\asyncToGenerator.js:3:24)
    at _next (C:\EmpPayRoll\EmpPay\node_modules\@babel\runtime\helpers\asyncToGenerator.js:25:9)
    at processTicksAndRejections (node:internal/process/task_queues:96:5) 
    url - /api/v1/emp/addemployee 
    method - POST 
    IP - ::ffff:127.0.0.1
   {"timestamp":"2022-01-11T08:16:35.945Z"}
info: Server started at http://localhost:5566/api/v1/ {"timestamp":"2022-01-11T08:19:58.931Z"}
info: Connected to the database. {"timestamp":"2022-01-11T08:20:07.447Z"}
info: Server started at http://localhost:5566/api/v1/ {"timestamp":"2022-01-11T08:44:29.125Z"}
info: Connected to the database. {"timestamp":"2022-01-11T08:44:37.479Z"}
error: 
    status - 500 
    message - TypeError: Cannot read properties of undefined (reading 'user')
    at _callee$ (C:\EmpPayRoll\EmpPay\src\middlewares\/auth.middleware.js:23:14)
    at tryCatch (C:\EmpPayRoll\EmpPay\node_modules\regenerator-runtime\runtime.js:63:40)
    at Generator.invoke [as _invoke] (C:\EmpPayRoll\EmpPay\node_modules\regenerator-runtime\runtime.js:294:22)
    at Generator.next (C:\EmpPayRoll\EmpPay\node_modules\regenerator-runtime\runtime.js:119:21)
    at asyncGeneratorStep (C:\EmpPayRoll\EmpPay\node_modules\@babel\runtime\helpers\asyncToGenerator.js:3:24)
    at _next (C:\EmpPayRoll\EmpPay\node_modules\@babel\runtime\helpers\asyncToGenerator.js:25:9)
    at processTicksAndRejections (node:internal/process/task_queues:96:5) 
    url - /api/v1/emp/addemployee 
    method - POST 
    IP - ::ffff:127.0.0.1
   {"timestamp":"2022-01-11T08:44:48.079Z"}
info: Server started at http://localhost:5566/api/v1/ {"timestamp":"2022-01-11T08:50:12.333Z"}
info: Connected to the database. {"timestamp":"2022-01-11T08:50:20.678Z"}
error: 
    status - 500 
    message - TypeError: Cannot read properties of undefined (reading 'user')
    at _callee$ (C:\EmpPayRoll\EmpPay\src\middlewares\/auth.middleware.js:23:14)
    at tryCatch (C:\EmpPayRoll\EmpPay\node_modules\regenerator-runtime\runtime.js:63:40)
    at Generator.invoke [as _invoke] (C:\EmpPayRoll\EmpPay\node_modules\regenerator-runtime\runtime.js:294:22)
    at Generator.next (C:\EmpPayRoll\EmpPay\node_modules\regenerator-runtime\runtime.js:119:21)
    at asyncGeneratorStep (C:\EmpPayRoll\EmpPay\node_modules\@babel\runtime\helpers\asyncToGenerator.js:3:24)
    at _next (C:\EmpPayRoll\EmpPay\node_modules\@babel\runtime\helpers\asyncToGenerator.js:25:9)
    at processTicksAndRejections (node:internal/process/task_queues:96:5) 
    url - /api/v1/emp/addemployee 
    method - POST 
    IP - ::ffff:127.0.0.1
   {"timestamp":"2022-01-11T08:50:22.334Z"}
info: Server started at http://localhost:5566/api/v1/ {"timestamp":"2022-01-11T08:50:52.241Z"}
info: Connected to the database. {"timestamp":"2022-01-11T08:51:00.362Z"}
info: Server started at http://localhost:5566/api/v1/ {"timestamp":"2022-01-11T09:06:21.093Z"}
info: Connected to the database. {"timestamp":"2022-01-11T09:06:29.786Z"}
info: Server started at http://localhost:5566/api/v1/ {"timestamp":"2022-01-11T09:06:58.598Z"}
info: Connected to the database. {"timestamp":"2022-01-11T09:07:06.937Z"}
error: 
    status - 500 
    message - TypeError: Cannot read properties of undefined (reading 'user')
    at _callee$ (C:\EmpPayRoll\EmpPay\src\middlewares\/auth.middleware.js:23:14)
    at tryCatch (C:\EmpPayRoll\EmpPay\node_modules\regenerator-runtime\runtime.js:63:40)
    at Generator.invoke [as _invoke] (C:\EmpPayRoll\EmpPay\node_modules\regenerator-runtime\runtime.js:294:22)
    at Generator.next (C:\EmpPayRoll\EmpPay\node_modules\regenerator-runtime\runtime.js:119:21)
    at asyncGeneratorStep (C:\EmpPayRoll\EmpPay\node_modules\@babel\runtime\helpers\asyncToGenerator.js:3:24)
    at _next (C:\EmpPayRoll\EmpPay\node_modules\@babel\runtime\helpers\asyncToGenerator.js:25:9)
    at processTicksAndRejections (node:internal/process/task_queues:96:5) 
    url - /api/v1/emp/addemployee 
    method - POST 
    IP - ::ffff:127.0.0.1
   {"timestamp":"2022-01-11T09:07:09.831Z"}
info: Server started at http://localhost:5566/api/v1/ {"timestamp":"2022-01-11T09:07:52.807Z"}
info: Connected to the database. {"timestamp":"2022-01-11T09:08:01.230Z"}
info: Server started at http://localhost:5566/api/v1/ {"timestamp":"2022-01-11T09:08:49.273Z"}
info: Connected to the database. {"timestamp":"2022-01-11T09:08:57.559Z"}
error: 
    status - 500 
    message - TypeError: Cannot read properties of undefined (reading 'user')
    at _callee$ (C:\EmpPayRoll\EmpPay\src\middlewares\/auth.middleware.js:23:14)
    at tryCatch (C:\EmpPayRoll\EmpPay\node_modules\regenerator-runtime\runtime.js:63:40)
    at Generator.invoke [as _invoke] (C:\EmpPayRoll\EmpPay\node_modules\regenerator-runtime\runtime.js:294:22)
    at Generator.next (C:\EmpPayRoll\EmpPay\node_modules\regenerator-runtime\runtime.js:119:21)
    at asyncGeneratorStep (C:\EmpPayRoll\EmpPay\node_modules\@babel\runtime\helpers\asyncToGenerator.js:3:24)
    at _next (C:\EmpPayRoll\EmpPay\node_modules\@babel\runtime\helpers\asyncToGenerator.js:25:9)
    at processTicksAndRejections (node:internal/process/task_queues:96:5) 
    url - /api/v1/emp/addemployee 
    method - POST 
    IP - ::ffff:127.0.0.1
   {"timestamp":"2022-01-11T09:09:06.526Z"}
info: Server started at http://localhost:5566/api/v1/ {"timestamp":"2022-01-11T09:09:20.552Z"}
info: Connected to the database. {"timestamp":"2022-01-11T09:09:28.910Z"}
info: Server started at http://localhost:5566/api/v1/ {"timestamp":"2022-01-11T09:10:28.983Z"}
info: Connected to the database. {"timestamp":"2022-01-11T09:10:37.708Z"}
error: 
    status - 500 
    message - TypeError: Cannot read properties of undefined (reading 'user')
    at _callee$ (C:\EmpPayRoll\EmpPay\src\middlewares\/auth.middleware.js:23:14)
    at tryCatch (C:\EmpPayRoll\EmpPay\node_modules\regenerator-runtime\runtime.js:63:40)
    at Generator.invoke [as _invoke] (C:\EmpPayRoll\EmpPay\node_modules\regenerator-runtime\runtime.js:294:22)
    at Generator.next (C:\EmpPayRoll\EmpPay\node_modules\regenerator-runtime\runtime.js:119:21)
    at asyncGeneratorStep (C:\EmpPayRoll\EmpPay\node_modules\@babel\runtime\helpers\asyncToGenerator.js:3:24)
    at _next (C:\EmpPayRoll\EmpPay\node_modules\@babel\runtime\helpers\asyncToGenerator.js:25:9)
    at C:\EmpPayRoll\EmpPay\node_modules\@babel\runtime\helpers\asyncToGenerator.js:32:7
    at new Promise (<anonymous>)
    at C:\EmpPayRoll\EmpPay\node_modules\@babel\runtime\helpers\asyncToGenerator.js:21:12
    at userAuth (C:\EmpPayRoll\EmpPay\src\middlewares\/auth.middleware.js:12:22)
    at Layer.handle [as handle_request] (C:\EmpPayRoll\EmpPay\node_modules\express\lib\router\layer.js:95:5)
    at next (C:\EmpPayRoll\EmpPay\node_modules\express\lib\router\route.js:137:13)
    at Route.dispatch (C:\EmpPayRoll\EmpPay\node_modules\express\lib\router\route.js:112:3)
    at Layer.handle [as handle_request] (C:\EmpPayRoll\EmpPay\node_modules\express\lib\router\layer.js:95:5)
    at C:\EmpPayRoll\EmpPay\node_modules\express\lib\router\index.js:281:22
    at Function.process_params (C:\EmpPayRoll\EmpPay\node_modules\express\lib\router\index.js:341:12) 
    url - /api/v1/emp/addemployee 
    method - POST 
    IP - ::ffff:127.0.0.1
   {"timestamp":"2022-01-11T09:10:38.769Z"}
error: 
    status - 500 
    message - TypeError: Cannot read properties of undefined (reading 'user')
    at _callee$ (C:\EmpPayRoll\EmpPay\src\middlewares\/auth.middleware.js:23:14)
    at tryCatch (C:\EmpPayRoll\EmpPay\node_modules\regenerator-runtime\runtime.js:63:40)
    at Generator.invoke [as _invoke] (C:\EmpPayRoll\EmpPay\node_modules\regenerator-runtime\runtime.js:294:22)
    at Generator.next (C:\EmpPayRoll\EmpPay\node_modules\regenerator-runtime\runtime.js:119:21)
    at asyncGeneratorStep (C:\EmpPayRoll\EmpPay\node_modules\@babel\runtime\helpers\asyncToGenerator.js:3:24)
    at _next (C:\EmpPayRoll\EmpPay\node_modules\@babel\runtime\helpers\asyncToGenerator.js:25:9)
    at C:\EmpPayRoll\EmpPay\node_modules\@babel\runtime\helpers\asyncToGenerator.js:32:7
    at new Promise (<anonymous>)
    at C:\EmpPayRoll\EmpPay\node_modules\@babel\runtime\helpers\asyncToGenerator.js:21:12
    at userAuth (C:\EmpPayRoll\EmpPay\src\middlewares\/auth.middleware.js:12:22)
    at Layer.handle [as handle_request] (C:\EmpPayRoll\EmpPay\node_modules\express\lib\router\layer.js:95:5)
    at next (C:\EmpPayRoll\EmpPay\node_modules\express\lib\router\route.js:137:13)
    at Route.dispatch (C:\EmpPayRoll\EmpPay\node_modules\express\lib\router\route.js:112:3)
    at Layer.handle [as handle_request] (C:\EmpPayRoll\EmpPay\node_modules\express\lib\router\layer.js:95:5)
    at C:\EmpPayRoll\EmpPay\node_modules\express\lib\router\index.js:281:22
    at Function.process_params (C:\EmpPayRoll\EmpPay\node_modules\express\lib\router\index.js:341:12) 
    url - /api/v1/emp/addemployee 
    method - POST 
    IP - ::ffff:127.0.0.1
   {"timestamp":"2022-01-11T10:35:06.043Z"}
info: Server started at http://localhost:5566/api/v1/ {"timestamp":"2022-01-11T10:36:33.209Z"}
info: Connected to the database. {"timestamp":"2022-01-11T10:36:41.935Z"}
info: Server started at http://localhost:5566/api/v1/ {"timestamp":"2022-01-11T10:39:43.078Z"}
error: 
    status - 500 
    message - ReferenceError: user is not defined
    at _callee$ (C:\EmpPayRoll\EmpPay\src\middlewares\/auth.middleware.js:32:17)
    at tryCatch (C:\EmpPayRoll\EmpPay\node_modules\regenerator-runtime\runtime.js:63:40)
    at Generator.invoke [as _invoke] (C:\EmpPayRoll\EmpPay\node_modules\regenerator-runtime\runtime.js:294:22)
    at Generator.next (C:\EmpPayRoll\EmpPay\node_modules\regenerator-runtime\runtime.js:119:21)
    at asyncGeneratorStep (C:\EmpPayRoll\EmpPay\node_modules\@babel\runtime\helpers\asyncToGenerator.js:3:24)
    at _next (C:\EmpPayRoll\EmpPay\node_modules\@babel\runtime\helpers\asyncToGenerator.js:25:9)
    at processTicksAndRejections (node:internal/process/task_queues:96:5) 
    url - /api/v1/emp/addemployee 
    method - POST 
    IP - ::ffff:127.0.0.1
   {"timestamp":"2022-01-11T10:39:46.851Z"}
info: Connected to the database. {"timestamp":"2022-01-11T10:39:52.100Z"}
info: Server started at http://localhost:5566/api/v1/ {"timestamp":"2022-01-11T10:40:11.503Z"}
info: Server started at http://localhost:5566/api/v1/ {"timestamp":"2022-01-11T10:40:25.192Z"}
info: Connected to the database. {"timestamp":"2022-01-11T10:40:33.314Z"}
info: Server started at http://localhost:5566/api/v1/ {"timestamp":"2022-01-11T10:42:16.328Z"}
info: Connected to the database. {"timestamp":"2022-01-11T10:42:25.640Z"}
error: 
    status - 500 
    message - Error: Cannot set headers after they are sent to the client
    at new NodeError (node:internal/errors:371:5)
    at ServerResponse.setHeader (node:_http_outgoing:576:11)
    at ServerResponse.header (C:\EmpPayRoll\EmpPay\node_modules\express\lib\response.js:776:10)
    at ServerResponse.send (C:\EmpPayRoll\EmpPay\node_modules\express\lib\response.js:170:12)
    at ServerResponse.json (C:\EmpPayRoll\EmpPay\node_modules\express\lib\response.js:267:15)
    at _callee$ (C:\EmpPayRoll\EmpPay\src\controllers\/emp.controller.js:14:42)
    at tryCatch (C:\EmpPayRoll\EmpPay\node_modules\regenerator-runtime\runtime.js:63:40)
    at Generator.invoke [as _invoke] (C:\EmpPayRoll\EmpPay\node_modules\regenerator-runtime\runtime.js:294:22)
    at Generator.next (C:\EmpPayRoll\EmpPay\node_modules\regenerator-runtime\runtime.js:119:21)
    at asyncGeneratorStep (C:\EmpPayRoll\EmpPay\node_modules\@babel\runtime\helpers\asyncToGenerator.js:3:24)
    at _next (C:\EmpPayRoll\EmpPay\node_modules\@babel\runtime\helpers\asyncToGenerator.js:25:9)
    at processTicksAndRejections (node:internal/process/task_queues:96:5) 
    url - /api/v1/emp/addemployee 
    method - POST 
    IP - ::ffff:127.0.0.1
   {"timestamp":"2022-01-11T10:42:25.953Z"}
info: Server started at http://localhost:5566/api/v1/ {"timestamp":"2022-01-11T10:43:52.697Z"}
info: Connected to the database. {"timestamp":"2022-01-11T10:44:01.076Z"}
info: Server started at http://localhost:5566/api/v1/ {"timestamp":"2022-01-11T10:44:18.869Z"}
info: Server started at http://localhost:5566/api/v1/ {"timestamp":"2022-01-11T10:44:29.378Z"}
info: Server started at http://localhost:5566/api/v1/ {"timestamp":"2022-01-11T10:44:34.482Z"}
info: Server started at http://localhost:5566/api/v1/ {"timestamp":"2022-01-11T10:44:42.611Z"}
info: Server started at http://localhost:5566/api/v1/ {"timestamp":"2022-01-11T10:44:59.291Z"}
info: Server started at http://localhost:5566/api/v1/ {"timestamp":"2022-01-11T10:45:19.590Z"}
info: Connected to the database. {"timestamp":"2022-01-11T10:45:28.041Z"}
error: 
    status - 500 
    message - Error: Cannot set headers after they are sent to the client
    at new NodeError (node:internal/errors:371:5)
    at ServerResponse.setHeader (node:_http_outgoing:576:11)
    at ServerResponse.header (C:\EmpPayRoll\EmpPay\node_modules\express\lib\response.js:776:10)
    at ServerResponse.send (C:\EmpPayRoll\EmpPay\node_modules\express\lib\response.js:170:12)
    at ServerResponse.json (C:\EmpPayRoll\EmpPay\node_modules\express\lib\response.js:267:15)
    at _callee$ (C:\EmpPayRoll\EmpPay\src\controllers\/emp.controller.js:14:42)
    at tryCatch (C:\EmpPayRoll\EmpPay\node_modules\regenerator-runtime\runtime.js:63:40)
    at Generator.invoke [as _invoke] (C:\EmpPayRoll\EmpPay\node_modules\regenerator-runtime\runtime.js:294:22)
    at Generator.next (C:\EmpPayRoll\EmpPay\node_modules\regenerator-runtime\runtime.js:119:21)
    at asyncGeneratorStep (C:\EmpPayRoll\EmpPay\node_modules\@babel\runtime\helpers\asyncToGenerator.js:3:24)
    at _next (C:\EmpPayRoll\EmpPay\node_modules\@babel\runtime\helpers\asyncToGenerator.js:25:9)
    at processTicksAndRejections (node:internal/process/task_queues:96:5) 
    url - /api/v1/emp/addemployee 
    method - POST 
    IP - ::ffff:127.0.0.1
   {"timestamp":"2022-01-11T10:45:31.983Z"}
info: Server started at http://localhost:5566/api/v1/ {"timestamp":"2022-01-11T10:46:46.980Z"}
info: Connected to the database. {"timestamp":"2022-01-11T10:46:55.195Z"}
info: Server started at http://localhost:5566/api/v1/ {"timestamp":"2022-01-11T10:47:50.736Z"}
info: Server started at http://localhost:5566/api/v1/ {"timestamp":"2022-01-11T10:47:57.998Z"}
info: Connected to the database. {"timestamp":"2022-01-11T10:48:06.187Z"}
info: Server started at http://localhost:5566/api/v1/ {"timestamp":"2022-01-11T10:50:30.676Z"}
info: Connected to the database. {"timestamp":"2022-01-11T10:50:39.204Z"}
info: Server started at http://localhost:5566/api/v1/ {"timestamp":"2022-01-11T10:53:29.752Z"}
info: Server started at http://localhost:5566/api/v1/ {"timestamp":"2022-01-11T10:53:40.475Z"}
info: Server started at http://localhost:5566/api/v1/ {"timestamp":"2022-01-11T10:53:56.097Z"}
info: Server started at http://localhost:5566/api/v1/ {"timestamp":"2022-01-11T10:55:47.912Z"}
info: Server started at http://localhost:5566/api/v1/ {"timestamp":"2022-01-11T10:56:20.457Z"}
info: Connected to the database. {"timestamp":"2022-01-11T10:56:28.452Z"}
error: 
      status - 400
      message - Authorization token is required 
      url - /api/v1/emp/addemployee 
      method - POST 
      IP - ::ffff:127.0.0.1
     {"timestamp":"2022-01-11T10:57:53.263Z"}
error: 
      status - 400
      message - Authorization token is required 
      url - /api/v1/emp/addemployee 
      method - POST 
      IP - ::ffff:127.0.0.1
     {"timestamp":"2022-01-11T10:58:11.444Z"}
info: Server started at http://localhost:5566/api/v1/ {"timestamp":"2022-01-11T11:13:39.757Z"}
info: Connected to the database. {"timestamp":"2022-01-11T11:13:48.473Z"}
info: Server started at http://localhost:5566/api/v1/ {"timestamp":"2022-01-11T11:17:47.939Z"}
info: Connected to the database. {"timestamp":"2022-01-11T11:17:56.570Z"}
info: Server started at http://localhost:5566/api/v1/ {"timestamp":"2022-01-11T11:23:37.373Z"}
info: Server started at http://localhost:5566/api/v1/ {"timestamp":"2022-01-11T11:24:27.372Z"}
info: Connected to the database. {"timestamp":"2022-01-11T11:24:35.515Z"}
info: Server started at http://localhost:5566/api/v1/ {"timestamp":"2022-01-11T11:29:10.717Z"}
info: Connected to the database. {"timestamp":"2022-01-11T11:29:19.127Z"}
info: Server started at http://localhost:5566/api/v1/ {"timestamp":"2022-01-11T11:37:24.422Z"}
info: Connected to the database. {"timestamp":"2022-01-11T11:37:33.208Z"}
info: Server started at http://localhost:5566/api/v1/ {"timestamp":"2022-01-11T11:44:35.404Z"}
info: Connected to the database. {"timestamp":"2022-01-11T11:44:44.070Z"}
info: Server started at http://localhost:5566/api/v1/ {"timestamp":"2022-01-11T11:45:52.592Z"}
info: Connected to the database. {"timestamp":"2022-01-11T11:46:01.180Z"}
info: Server started at http://localhost:5566/api/v1/ {"timestamp":"2022-01-11T11:53:58.921Z"}
info: Server started at http://localhost:5566/api/v1/ {"timestamp":"2022-01-11T11:54:03.845Z"}
info: Server started at http://localhost:5566/api/v1/ {"timestamp":"2022-01-11T11:54:12.174Z"}
info: Server started at http://localhost:5566/api/v1/ {"timestamp":"2022-01-11T11:54:36.149Z"}
info: Server started at http://localhost:5566/api/v1/ {"timestamp":"2022-01-11T11:54:47.584Z"}
info: Connected to the database. {"timestamp":"2022-01-11T11:54:55.936Z"}
info: Server started at http://localhost:5566/api/v1/ {"timestamp":"2022-01-11T11:56:01.044Z"}
info: Server started at http://localhost:5566/api/v1/ {"timestamp":"2022-01-11T11:56:09.284Z"}
info: Server started at http://localhost:5566/api/v1/ {"timestamp":"2022-01-11T11:56:21.114Z"}
info: Server started at http://localhost:5566/api/v1/ {"timestamp":"2022-01-11T11:56:28.737Z"}
info: Server started at http://localhost:5566/api/v1/ {"timestamp":"2022-01-11T11:57:51.824Z"}
info: Server started at http://localhost:5566/api/v1/ {"timestamp":"2022-01-11T12:10:53.748Z"}
info: Connected to the database. {"timestamp":"2022-01-11T12:11:02.365Z"}
info: Server started at http://localhost:5566/api/v1/ {"timestamp":"2022-01-11T12:11:54.487Z"}
info: Server started at http://localhost:5566/api/v1/ {"timestamp":"2022-01-11T12:12:02.946Z"}
info: Server started at http://localhost:5566/api/v1/ {"timestamp":"2022-01-11T12:12:15.259Z"}
info: Connected to the database. {"timestamp":"2022-01-11T12:12:23.503Z"}
info: Server started at http://localhost:5566/api/v1/ {"timestamp":"2022-01-11T12:12:56.777Z"}
info: Connected to the database. {"timestamp":"2022-01-11T12:13:05.084Z"}
info: Server started at http://localhost:5566/api/v1/ {"timestamp":"2022-01-11T12:13:10.416Z"}
info: Connected to the database. {"timestamp":"2022-01-11T12:13:18.955Z"}
info: Server started at http://localhost:5566/api/v1/ {"timestamp":"2022-01-11T12:13:50.418Z"}
info: Connected to the database. {"timestamp":"2022-01-11T12:13:58.717Z"}
info: Server started at http://localhost:5566/api/v1/ {"timestamp":"2022-01-11T12:23:06.263Z"}
info: Connected to the database. {"timestamp":"2022-01-11T12:23:14.609Z"}
error: 
    status - 500 
    message - ReferenceError: Emp is not defined
    at _callee2$ (C:\EmpPayRoll\EmpPay\src\services\/emp.service.js:19:28)
    at tryCatch (C:\EmpPayRoll\EmpPay\node_modules\regenerator-runtime\runtime.js:63:40)
    at Generator.invoke [as _invoke] (C:\EmpPayRoll\EmpPay\node_modules\regenerator-runtime\runtime.js:294:22)
    at Generator.next (C:\EmpPayRoll\EmpPay\node_modules\regenerator-runtime\runtime.js:119:21)
    at asyncGeneratorStep (C:\EmpPayRoll\EmpPay\node_modules\@babel\runtime\helpers\asyncToGenerator.js:3:24)
    at _next (C:\EmpPayRoll\EmpPay\node_modules\@babel\runtime\helpers\asyncToGenerator.js:25:9)
    at C:\EmpPayRoll\EmpPay\node_modules\@babel\runtime\helpers\asyncToGenerator.js:32:7
    at new Promise (<anonymous>)
    at Object.<anonymous> (C:\EmpPayRoll\EmpPay\node_modules\@babel\runtime\helpers\asyncToGenerator.js:21:12)
    at Object.getempdataS (C:\EmpPayRoll\EmpPay\src\services\/emp.service.js:19:25)
    at _callee2$ (C:\EmpPayRoll\EmpPay\src\controllers\/emp.controller.js:44:48)
    at tryCatch (C:\EmpPayRoll\EmpPay\node_modules\regenerator-runtime\runtime.js:63:40)
    at Generator.invoke [as _invoke] (C:\EmpPayRoll\EmpPay\node_modules\regenerator-runtime\runtime.js:294:22)
    at Generator.next (C:\EmpPayRoll\EmpPay\node_modules\regenerator-runtime\runtime.js:119:21)
    at asyncGeneratorStep (C:\EmpPayRoll\EmpPay\node_modules\@babel\runtime\helpers\asyncToGenerator.js:3:24)
    at _next (C:\EmpPayRoll\EmpPay\node_modules\@babel\runtime\helpers\asyncToGenerator.js:25:9) 
    url - /api/v1/emp/getemployee 
    method - GET 
    IP - ::ffff:127.0.0.1
   {"timestamp":"2022-01-11T12:28:12.246Z"}
error: 
    status - 500 
    message - ReferenceError: Emp is not defined
    at _callee2$ (C:\EmpPayRoll\EmpPay\src\services\/emp.service.js:19:28)
    at tryCatch (C:\EmpPayRoll\EmpPay\node_modules\regenerator-runtime\runtime.js:63:40)
    at Generator.invoke [as _invoke] (C:\EmpPayRoll\EmpPay\node_modules\regenerator-runtime\runtime.js:294:22)
    at Generator.next (C:\EmpPayRoll\EmpPay\node_modules\regenerator-runtime\runtime.js:119:21)
    at asyncGeneratorStep (C:\EmpPayRoll\EmpPay\node_modules\@babel\runtime\helpers\asyncToGenerator.js:3:24)
    at _next (C:\EmpPayRoll\EmpPay\node_modules\@babel\runtime\helpers\asyncToGenerator.js:25:9)
    at C:\EmpPayRoll\EmpPay\node_modules\@babel\runtime\helpers\asyncToGenerator.js:32:7
    at new Promise (<anonymous>)
    at Object.<anonymous> (C:\EmpPayRoll\EmpPay\node_modules\@babel\runtime\helpers\asyncToGenerator.js:21:12)
    at Object.getempdataS (C:\EmpPayRoll\EmpPay\src\services\/emp.service.js:19:25)
    at _callee2$ (C:\EmpPayRoll\EmpPay\src\controllers\/emp.controller.js:44:48)
    at tryCatch (C:\EmpPayRoll\EmpPay\node_modules\regenerator-runtime\runtime.js:63:40)
    at Generator.invoke [as _invoke] (C:\EmpPayRoll\EmpPay\node_modules\regenerator-runtime\runtime.js:294:22)
    at Generator.next (C:\EmpPayRoll\EmpPay\node_modules\regenerator-runtime\runtime.js:119:21)
    at asyncGeneratorStep (C:\EmpPayRoll\EmpPay\node_modules\@babel\runtime\helpers\asyncToGenerator.js:3:24)
    at _next (C:\EmpPayRoll\EmpPay\node_modules\@babel\runtime\helpers\asyncToGenerator.js:25:9) 
    url - /api/v1/emp/getemployee 
    method - GET 
    IP - ::ffff:127.0.0.1
   {"timestamp":"2022-01-11T12:29:57.796Z"}
info: Server started at http://localhost:5566/api/v1/ {"timestamp":"2022-01-11T12:31:06.167Z"}
info: Connected to the database. {"timestamp":"2022-01-11T12:31:14.479Z"}
error: 
    status - 500 
    message - ReferenceError: Emp is not defined
    at _callee2$ (C:\EmpPayRoll\EmpPay\src\services\/emp.service.js:19:28)
    at tryCatch (C:\EmpPayRoll\EmpPay\node_modules\regenerator-runtime\runtime.js:63:40)
    at Generator.invoke [as _invoke] (C:\EmpPayRoll\EmpPay\node_modules\regenerator-runtime\runtime.js:294:22)
    at Generator.next (C:\EmpPayRoll\EmpPay\node_modules\regenerator-runtime\runtime.js:119:21)
    at asyncGeneratorStep (C:\EmpPayRoll\EmpPay\node_modules\@babel\runtime\helpers\asyncToGenerator.js:3:24)
    at _next (C:\EmpPayRoll\EmpPay\node_modules\@babel\runtime\helpers\asyncToGenerator.js:25:9)
    at C:\EmpPayRoll\EmpPay\node_modules\@babel\runtime\helpers\asyncToGenerator.js:32:7
    at new Promise (<anonymous>)
    at Object.<anonymous> (C:\EmpPayRoll\EmpPay\node_modules\@babel\runtime\helpers\asyncToGenerator.js:21:12)
    at Object.getempdataS (C:\EmpPayRoll\EmpPay\src\services\/emp.service.js:19:25)
    at _callee2$ (C:\EmpPayRoll\EmpPay\src\controllers\/emp.controller.js:44:48)
    at tryCatch (C:\EmpPayRoll\EmpPay\node_modules\regenerator-runtime\runtime.js:63:40)
    at Generator.invoke [as _invoke] (C:\EmpPayRoll\EmpPay\node_modules\regenerator-runtime\runtime.js:294:22)
    at Generator.next (C:\EmpPayRoll\EmpPay\node_modules\regenerator-runtime\runtime.js:119:21)
    at asyncGeneratorStep (C:\EmpPayRoll\EmpPay\node_modules\@babel\runtime\helpers\asyncToGenerator.js:3:24)
    at _next (C:\EmpPayRoll\EmpPay\node_modules\@babel\runtime\helpers\asyncToGenerator.js:25:9) 
    url - /api/v1/emp/getemployee 
    method - GET 
    IP - ::ffff:127.0.0.1
   {"timestamp":"2022-01-11T12:31:31.399Z"}
info: Server started at http://localhost:5566/api/v1/ {"timestamp":"2022-01-11T12:32:02.332Z"}
info: Connected to the database. {"timestamp":"2022-01-11T12:32:10.620Z"}
info: Server started at http://localhost:5566/api/v1/ {"timestamp":"2022-01-11T12:34:42.480Z"}
info: Connected to the database. {"timestamp":"2022-01-11T12:34:50.811Z"}
error: 
    status - 500 
    message - ReferenceError: Emp is not defined
    at _callee2$ (C:\EmpPayRoll\EmpPay\src\services\/emp.service.js:19:28)
    at tryCatch (C:\EmpPayRoll\EmpPay\node_modules\regenerator-runtime\runtime.js:63:40)
    at Generator.invoke [as _invoke] (C:\EmpPayRoll\EmpPay\node_modules\regenerator-runtime\runtime.js:294:22)
    at Generator.next (C:\EmpPayRoll\EmpPay\node_modules\regenerator-runtime\runtime.js:119:21)
    at asyncGeneratorStep (C:\EmpPayRoll\EmpPay\node_modules\@babel\runtime\helpers\asyncToGenerator.js:3:24)
    at _next (C:\EmpPayRoll\EmpPay\node_modules\@babel\runtime\helpers\asyncToGenerator.js:25:9)
    at C:\EmpPayRoll\EmpPay\node_modules\@babel\runtime\helpers\asyncToGenerator.js:32:7
    at new Promise (<anonymous>)
    at Object.<anonymous> (C:\EmpPayRoll\EmpPay\node_modules\@babel\runtime\helpers\asyncToGenerator.js:21:12)
    at Object.getempdataS (C:\EmpPayRoll\EmpPay\src\services\/emp.service.js:19:25)
    at _callee2$ (C:\EmpPayRoll\EmpPay\src\controllers\/emp.controller.js:44:48)
    at tryCatch (C:\EmpPayRoll\EmpPay\node_modules\regenerator-runtime\runtime.js:63:40)
    at Generator.invoke [as _invoke] (C:\EmpPayRoll\EmpPay\node_modules\regenerator-runtime\runtime.js:294:22)
    at Generator.next (C:\EmpPayRoll\EmpPay\node_modules\regenerator-runtime\runtime.js:119:21)
    at asyncGeneratorStep (C:\EmpPayRoll\EmpPay\node_modules\@babel\runtime\helpers\asyncToGenerator.js:3:24)
    at _next (C:\EmpPayRoll\EmpPay\node_modules\@babel\runtime\helpers\asyncToGenerator.js:25:9) 
    url - /api/v1/emp/getemployee 
    method - GET 
    IP - ::ffff:127.0.0.1
   {"timestamp":"2022-01-11T12:34:54.334Z"}
info: Server started at http://localhost:5566/api/v1/ {"timestamp":"2022-01-11T12:36:25.577Z"}
info: Connected to the database. {"timestamp":"2022-01-11T12:36:33.950Z"}
info: Server started at http://localhost:5566/api/v1/ {"timestamp":"2022-01-11T12:39:21.896Z"}
info: Connected to the database. {"timestamp":"2022-01-11T12:39:30.800Z"}
error: 
    status - 500 
    message - TypeError: Cannot read properties of undefined (reading 'id')
    at _callee2$ (C:\EmpPayRoll\EmpPay\src\services\/emp.service.js:21:66)
    at tryCatch (C:\EmpPayRoll\EmpPay\node_modules\regenerator-runtime\runtime.js:63:40)
    at Generator.invoke [as _invoke] (C:\EmpPayRoll\EmpPay\node_modules\regenerator-runtime\runtime.js:294:22)
    at Generator.next (C:\EmpPayRoll\EmpPay\node_modules\regenerator-runtime\runtime.js:119:21)
    at asyncGeneratorStep (C:\EmpPayRoll\EmpPay\node_modules\@babel\runtime\helpers\asyncToGenerator.js:3:24)
    at _next (C:\EmpPayRoll\EmpPay\node_modules\@babel\runtime\helpers\asyncToGenerator.js:25:9)
    at C:\EmpPayRoll\EmpPay\node_modules\@babel\runtime\helpers\asyncToGenerator.js:32:7
    at new Promise (<anonymous>)
    at Object.<anonymous> (C:\EmpPayRoll\EmpPay\node_modules\@babel\runtime\helpers\asyncToGenerator.js:21:12)
    at Object.getempdataS (C:\EmpPayRoll\EmpPay\src\services\/emp.service.js:20:25)
    at _callee2$ (C:\EmpPayRoll\EmpPay\src\controllers\/emp.controller.js:44:48)
    at tryCatch (C:\EmpPayRoll\EmpPay\node_modules\regenerator-runtime\runtime.js:63:40)
    at Generator.invoke [as _invoke] (C:\EmpPayRoll\EmpPay\node_modules\regenerator-runtime\runtime.js:294:22)
    at Generator.next (C:\EmpPayRoll\EmpPay\node_modules\regenerator-runtime\runtime.js:119:21)
    at asyncGeneratorStep (C:\EmpPayRoll\EmpPay\node_modules\@babel\runtime\helpers\asyncToGenerator.js:3:24)
    at _next (C:\EmpPayRoll\EmpPay\node_modules\@babel\runtime\helpers\asyncToGenerator.js:25:9) 
    url - /api/v1/emp/getemployee 
    method - GET 
    IP - ::ffff:127.0.0.1
   {"timestamp":"2022-01-11T12:39:32.921Z"}
info: Server started at http://localhost:5566/api/v1/ {"timestamp":"2022-01-11T12:39:50.878Z"}
info: Connected to the database. {"timestamp":"2022-01-11T12:39:59.076Z"}
info: Server started at http://localhost:5566/api/v1/ {"timestamp":"2022-01-11T13:00:01.814Z"}
info: Connected to the database. {"timestamp":"2022-01-11T13:00:10.296Z"}
info: Server started at http://localhost:5566/api/v1/ {"timestamp":"2022-01-11T15:48:12.861Z"}
info: Connected to the database. {"timestamp":"2022-01-11T15:48:22.192Z"}
info: Server started at http://localhost:5566/api/v1/ {"timestamp":"2022-01-11T15:57:16.831Z"}
info: Connected to the database. {"timestamp":"2022-01-11T15:57:25.290Z"}
info: Server started at http://localhost:5566/api/v1/ {"timestamp":"2022-01-11T15:59:06.625Z"}
info: Connected to the database. {"timestamp":"2022-01-11T15:59:15.317Z"}
info: Server started at http://localhost:5566/api/v1/ {"timestamp":"2022-01-11T16:03:26.286Z"}
info: Connected to the database. {"timestamp":"2022-01-11T16:03:35.493Z"}
info: Server started at http://localhost:5566/api/v1/ {"timestamp":"2022-01-11T16:15:01.569Z"}
info: Connected to the database. {"timestamp":"2022-01-11T16:15:09.852Z"}
info: Server started at http://localhost:5566/api/v1/ {"timestamp":"2022-01-11T16:16:16.645Z"}
info: Connected to the database. {"timestamp":"2022-01-11T16:16:24.960Z"}
info: Server started at http://localhost:5566/api/v1/ {"timestamp":"2022-01-11T16:20:16.743Z"}
info: Connected to the database. {"timestamp":"2022-01-11T16:20:25.553Z"}
error: 
    status - 500 
    message - CastError: Cast to ObjectId failed for value "{ _id: undefined }" (type Object) at path "_id" for model "NewEmpDetails"
    at model.Query.exec (C:\EmpPayRoll\EmpPay\node_modules\mongoose\lib\query.js:4498:21)
    at model.Query.Query.then (C:\EmpPayRoll\EmpPay\node_modules\mongoose\lib\query.js:4592:15)
    at processTicksAndRejections (node:internal/process/task_queues:96:5) 
    url - /api/v1/emp/getemployee 
    method - GET 
    IP - ::ffff:127.0.0.1
   {"timestamp":"2022-01-11T16:20:26.894Z"}
info: Server started at http://localhost:5566/api/v1/ {"timestamp":"2022-01-11T16:22:12.219Z"}
info: Connected to the database. {"timestamp":"2022-01-11T16:22:20.723Z"}
info: Server started at http://localhost:5544/api/v1/ {"timestamp":"2022-01-11T16:24:36.910Z"}
info: Connected to the database. {"timestamp":"2022-01-11T16:24:45.826Z"}
error: 
    status - 500 
    message - CastError: Cast to ObjectId failed for value "{ _id: undefined }" (type Object) at path "_id" for model "NewEmpDetails"
    at model.Query.exec (C:\EmpPayRoll\EmpPay\node_modules\mongoose\lib\query.js:4498:21)
    at model.Query.Query.then (C:\EmpPayRoll\EmpPay\node_modules\mongoose\lib\query.js:4592:15)
    at processTicksAndRejections (node:internal/process/task_queues:96:5) 
    url - /api/v1/emp/getemployee 
    method - GET 
    IP - ::ffff:127.0.0.1
   {"timestamp":"2022-01-11T16:24:49.412Z"}
info: Server started at http://localhost:5544/api/v1/ {"timestamp":"2022-01-11T16:26:29.646Z"}
info: Connected to the database. {"timestamp":"2022-01-11T16:26:37.971Z"}
